CRITICAL - 2024-04-23 22:07:06 --> ErrorException: Trying to access array offset on value of type null
[Method: GET, Route: globale]
in APPPATH/Views/globale.php on line 51.
 1 APPPATH/Views/globale.php(51): CodeIgniter\Debug\Exceptions->errorHandler()
 2 SYSTEMPATH/View/View.php(234): include('/home/tsanta/dhcp-iptables/codeigniter4/app/Views/globale.php')
 3 SYSTEMPATH/View/View.php(237): CodeIgniter\View\View->CodeIgniter\View\{closure}()
 4 SYSTEMPATH/Common.php(1171): CodeIgniter\View\View->render()
 5 APPPATH/Controllers/Dhcp.php(22): view()
 6 SYSTEMPATH/CodeIgniter.php(933): App\Controllers\Dhcp->globale()
 7 SYSTEMPATH/CodeIgniter.php(509): CodeIgniter\CodeIgniter->runController()
 8 SYSTEMPATH/CodeIgniter.php(355): CodeIgniter\CodeIgniter->handleRequest()
 9 SYSTEMPATH/Boot.php(312): CodeIgniter\CodeIgniter->run()
10 SYSTEMPATH/Boot.php(67): CodeIgniter\Boot::runCodeIgniter()
11 FCPATH/index.php(56): CodeIgniter\Boot::bootWeb()
12 SYSTEMPATH/Commands/Server/rewrite.php(49): require_once('/home/tsanta/dhcp-iptables/codeigniter4/public/index.php')
WARNING - 2024-04-23 22:07:18 --> [DEPRECATED] strcmp(): Passing null to parameter #1 ($string1) of type string is deprecated in APPPATH/Controllers/Dhcp.php on line 31.
 1 APPPATH/Controllers/Dhcp.php(31): strcmp(null, '')
 2 SYSTEMPATH/CodeIgniter.php(933): App\Controllers\Dhcp->specific()
 3 SYSTEMPATH/CodeIgniter.php(509): CodeIgniter\CodeIgniter->runController(Object(App\Controllers\Dhcp))
 4 SYSTEMPATH/CodeIgniter.php(355): CodeIgniter\CodeIgniter->handleRequest(null, Object(Config\Cache), false)
 5 SYSTEMPATH/Boot.php(312): CodeIgniter\CodeIgniter->run()
 6 SYSTEMPATH/Boot.php(67): CodeIgniter\Boot::runCodeIgniter(Object(CodeIgniter\CodeIgniter))
 7 FCPATH/index.php(56): CodeIgniter\Boot::bootWeb(Object(Config\Paths))
 8 SYSTEMPATH/Commands/Server/rewrite.php(49): require_once('/home/tsanta/dhcp-iptables/codeigniter4/public/index.php')
WARNING - 2024-04-23 22:10:11 --> [DEPRECATED] strcmp(): Passing null to parameter #1 ($string1) of type string is deprecated in APPPATH/Controllers/Dhcp.php on line 31.
 1 APPPATH/Controllers/Dhcp.php(31): strcmp(null, '')
 2 SYSTEMPATH/CodeIgniter.php(933): App\Controllers\Dhcp->specific()
 3 SYSTEMPATH/CodeIgniter.php(509): CodeIgniter\CodeIgniter->runController(Object(App\Controllers\Dhcp))
 4 SYSTEMPATH/CodeIgniter.php(355): CodeIgniter\CodeIgniter->handleRequest(null, Object(Config\Cache), false)
 5 SYSTEMPATH/Boot.php(312): CodeIgniter\CodeIgniter->run()
 6 SYSTEMPATH/Boot.php(67): CodeIgniter\Boot::runCodeIgniter(Object(CodeIgniter\CodeIgniter))
 7 FCPATH/index.php(56): CodeIgniter\Boot::bootWeb(Object(Config\Paths))
 8 SYSTEMPATH/Commands/Server/rewrite.php(49): require_once('/home/tsanta/dhcp-iptables/codeigniter4/public/index.php')
WARNING - 2024-04-23 22:13:57 --> [DEPRECATED] strcmp(): Passing null to parameter #1 ($string1) of type string is deprecated in APPPATH/Controllers/Dhcp.php on line 31.
 1 APPPATH/Controllers/Dhcp.php(31): strcmp(null, '')
 2 SYSTEMPATH/CodeIgniter.php(933): App\Controllers\Dhcp->specific()
 3 SYSTEMPATH/CodeIgniter.php(509): CodeIgniter\CodeIgniter->runController(Object(App\Controllers\Dhcp))
 4 SYSTEMPATH/CodeIgniter.php(355): CodeIgniter\CodeIgniter->handleRequest(null, Object(Config\Cache), false)
 5 SYSTEMPATH/Boot.php(312): CodeIgniter\CodeIgniter->run()
 6 SYSTEMPATH/Boot.php(67): CodeIgniter\Boot::runCodeIgniter(Object(CodeIgniter\CodeIgniter))
 7 FCPATH/index.php(56): CodeIgniter\Boot::bootWeb(Object(Config\Paths))
 8 SYSTEMPATH/Commands/Server/rewrite.php(49): require_once('/home/tsanta/dhcp-iptables/codeigniter4/public/index.php')
WARNING - 2024-04-23 22:31:27 --> [DEPRECATED] strcmp(): Passing null to parameter #1 ($string1) of type string is deprecated in APPPATH/Controllers/Dhcp.php on line 31.
 1 APPPATH/Controllers/Dhcp.php(31): strcmp(null, '')
 2 SYSTEMPATH/CodeIgniter.php(933): App\Controllers\Dhcp->specific()
 3 SYSTEMPATH/CodeIgniter.php(509): CodeIgniter\CodeIgniter->runController(Object(App\Controllers\Dhcp))
 4 SYSTEMPATH/CodeIgniter.php(355): CodeIgniter\CodeIgniter->handleRequest(null, Object(Config\Cache), false)
 5 SYSTEMPATH/Boot.php(312): CodeIgniter\CodeIgniter->run()
 6 SYSTEMPATH/Boot.php(67): CodeIgniter\Boot::runCodeIgniter(Object(CodeIgniter\CodeIgniter))
 7 FCPATH/index.php(56): CodeIgniter\Boot::bootWeb(Object(Config\Paths))
 8 SYSTEMPATH/Commands/Server/rewrite.php(49): require_once('/home/tsanta/dhcp-iptables/codeigniter4/public/index.php')
WARNING - 2024-04-23 22:31:58 --> [DEPRECATED] strcmp(): Passing null to parameter #1 ($string1) of type string is deprecated in APPPATH/Controllers/Dhcp.php on line 31.
 1 APPPATH/Controllers/Dhcp.php(31): strcmp(null, '')
 2 SYSTEMPATH/CodeIgniter.php(933): App\Controllers\Dhcp->specific()
 3 SYSTEMPATH/CodeIgniter.php(509): CodeIgniter\CodeIgniter->runController(Object(App\Controllers\Dhcp))
 4 SYSTEMPATH/CodeIgniter.php(355): CodeIgniter\CodeIgniter->handleRequest(null, Object(Config\Cache), false)
 5 SYSTEMPATH/Boot.php(312): CodeIgniter\CodeIgniter->run()
 6 SYSTEMPATH/Boot.php(67): CodeIgniter\Boot::runCodeIgniter(Object(CodeIgniter\CodeIgniter))
 7 FCPATH/index.php(56): CodeIgniter\Boot::bootWeb(Object(Config\Paths))
 8 SYSTEMPATH/Commands/Server/rewrite.php(49): require_once('/home/tsanta/dhcp-iptables/codeigniter4/public/index.php')
WARNING - 2024-04-23 22:33:04 --> [DEPRECATED] strcmp(): Passing null to parameter #1 ($string1) of type string is deprecated in APPPATH/Controllers/Dhcp.php on line 31.
 1 APPPATH/Controllers/Dhcp.php(31): strcmp(null, '')
 2 SYSTEMPATH/CodeIgniter.php(933): App\Controllers\Dhcp->specific()
 3 SYSTEMPATH/CodeIgniter.php(509): CodeIgniter\CodeIgniter->runController(Object(App\Controllers\Dhcp))
 4 SYSTEMPATH/CodeIgniter.php(355): CodeIgniter\CodeIgniter->handleRequest(null, Object(Config\Cache), false)
 5 SYSTEMPATH/Boot.php(312): CodeIgniter\CodeIgniter->run()
 6 SYSTEMPATH/Boot.php(67): CodeIgniter\Boot::runCodeIgniter(Object(CodeIgniter\CodeIgniter))
 7 FCPATH/index.php(56): CodeIgniter\Boot::bootWeb(Object(Config\Paths))
 8 SYSTEMPATH/Commands/Server/rewrite.php(49): require_once('/home/tsanta/dhcp-iptables/codeigniter4/public/index.php')
WARNING - 2024-04-23 22:35:14 --> [DEPRECATED] strcmp(): Passing null to parameter #1 ($string1) of type string is deprecated in APPPATH/Controllers/Dhcp.php on line 31.
 1 APPPATH/Controllers/Dhcp.php(31): strcmp(null, '')
 2 SYSTEMPATH/CodeIgniter.php(933): App\Controllers\Dhcp->specific()
 3 SYSTEMPATH/CodeIgniter.php(509): CodeIgniter\CodeIgniter->runController(Object(App\Controllers\Dhcp))
 4 SYSTEMPATH/CodeIgniter.php(355): CodeIgniter\CodeIgniter->handleRequest(null, Object(Config\Cache), false)
 5 SYSTEMPATH/Boot.php(312): CodeIgniter\CodeIgniter->run()
 6 SYSTEMPATH/Boot.php(67): CodeIgniter\Boot::runCodeIgniter(Object(CodeIgniter\CodeIgniter))
 7 FCPATH/index.php(56): CodeIgniter\Boot::bootWeb(Object(Config\Paths))
 8 SYSTEMPATH/Commands/Server/rewrite.php(49): require_once('/home/tsanta/dhcp-iptables/codeigniter4/public/index.php')
WARNING - 2024-04-23 22:43:58 --> [DEPRECATED] strcmp(): Passing null to parameter #1 ($string1) of type string is deprecated in APPPATH/Controllers/Dhcp.php on line 31.
 1 APPPATH/Controllers/Dhcp.php(31): strcmp(null, '')
 2 SYSTEMPATH/CodeIgniter.php(933): App\Controllers\Dhcp->specific()
 3 SYSTEMPATH/CodeIgniter.php(509): CodeIgniter\CodeIgniter->runController(Object(App\Controllers\Dhcp))
 4 SYSTEMPATH/CodeIgniter.php(355): CodeIgniter\CodeIgniter->handleRequest(null, Object(Config\Cache), false)
 5 SYSTEMPATH/Boot.php(312): CodeIgniter\CodeIgniter->run()
 6 SYSTEMPATH/Boot.php(67): CodeIgniter\Boot::runCodeIgniter(Object(CodeIgniter\CodeIgniter))
 7 FCPATH/index.php(56): CodeIgniter\Boot::bootWeb(Object(Config\Paths))
 8 SYSTEMPATH/Commands/Server/rewrite.php(49): require_once('/home/tsanta/dhcp-iptables/codeigniter4/public/index.php')
WARNING - 2024-04-23 22:44:35 --> [DEPRECATED] strcmp(): Passing null to parameter #1 ($string1) of type string is deprecated in APPPATH/Controllers/Dhcp.php on line 31.
 1 APPPATH/Controllers/Dhcp.php(31): strcmp(null, '')
 2 SYSTEMPATH/CodeIgniter.php(933): App\Controllers\Dhcp->specific()
 3 SYSTEMPATH/CodeIgniter.php(509): CodeIgniter\CodeIgniter->runController(Object(App\Controllers\Dhcp))
 4 SYSTEMPATH/CodeIgniter.php(355): CodeIgniter\CodeIgniter->handleRequest(null, Object(Config\Cache), false)
 5 SYSTEMPATH/Boot.php(312): CodeIgniter\CodeIgniter->run()
 6 SYSTEMPATH/Boot.php(67): CodeIgniter\Boot::runCodeIgniter(Object(CodeIgniter\CodeIgniter))
 7 FCPATH/index.php(56): CodeIgniter\Boot::bootWeb(Object(Config\Paths))
 8 SYSTEMPATH/Commands/Server/rewrite.php(49): require_once('/home/tsanta/dhcp-iptables/codeigniter4/public/index.php')
WARNING - 2024-04-23 22:45:05 --> [DEPRECATED] strcmp(): Passing null to parameter #1 ($string1) of type string is deprecated in APPPATH/Controllers/Dhcp.php on line 31.
 1 APPPATH/Controllers/Dhcp.php(31): strcmp(null, '')
 2 SYSTEMPATH/CodeIgniter.php(933): App\Controllers\Dhcp->specific()
 3 SYSTEMPATH/CodeIgniter.php(509): CodeIgniter\CodeIgniter->runController(Object(App\Controllers\Dhcp))
 4 SYSTEMPATH/CodeIgniter.php(355): CodeIgniter\CodeIgniter->handleRequest(null, Object(Config\Cache), false)
 5 SYSTEMPATH/Boot.php(312): CodeIgniter\CodeIgniter->run()
 6 SYSTEMPATH/Boot.php(67): CodeIgniter\Boot::runCodeIgniter(Object(CodeIgniter\CodeIgniter))
 7 FCPATH/index.php(56): CodeIgniter\Boot::bootWeb(Object(Config\Paths))
 8 SYSTEMPATH/Commands/Server/rewrite.php(49): require_once('/home/tsanta/dhcp-iptables/codeigniter4/public/index.php')
