CRITICAL - 2024-05-10 04:56:30 --> ErrorException: Undefined variable $defaultInput
[Method: GET, Route: netfilter]
in APPPATH/Controllers/Netfilter.php on line 28.
 1 APPPATH/Controllers/Netfilter.php(28): CodeIgniter\Debug\Exceptions->errorHandler()
 2 APPPATH/Controllers/Netfilter.php(12): App\Controllers\Netfilter->levelPolicyCheck()
 3 SYSTEMPATH/CodeIgniter.php(933): App\Controllers\Netfilter->index()
 4 SYSTEMPATH/CodeIgniter.php(509): CodeIgniter\CodeIgniter->runController()
 5 SYSTEMPATH/CodeIgniter.php(355): CodeIgniter\CodeIgniter->handleRequest()
 6 SYSTEMPATH/Boot.php(312): CodeIgniter\CodeIgniter->run()
 7 SYSTEMPATH/Boot.php(67): CodeIgniter\Boot::runCodeIgniter()
 8 FCPATH/index.php(56): CodeIgniter\Boot::bootWeb()
 9 SYSTEMPATH/Commands/Server/rewrite.php(49): require_once('/home/coriolan/Git-Github/dhcp-iptables/codeigniter4/public/index.php')
CRITICAL - 2024-05-10 05:03:50 --> ValueError: exec(): Argument #1 ($command) cannot be empty
[Method: GET, Route: netfilter]
in APPPATH/Controllers/Netfilter.php on line 31.
 1 APPPATH/Controllers/Netfilter.php(31): exec()
 2 APPPATH/Controllers/Netfilter.php(12): App\Controllers\Netfilter->levelPolicyCheck()
 3 SYSTEMPATH/CodeIgniter.php(933): App\Controllers\Netfilter->index()
 4 SYSTEMPATH/CodeIgniter.php(509): CodeIgniter\CodeIgniter->runController()
 5 SYSTEMPATH/CodeIgniter.php(355): CodeIgniter\CodeIgniter->handleRequest()
 6 SYSTEMPATH/Boot.php(312): CodeIgniter\CodeIgniter->run()
 7 SYSTEMPATH/Boot.php(67): CodeIgniter\Boot::runCodeIgniter()
 8 FCPATH/index.php(56): CodeIgniter\Boot::bootWeb()
 9 SYSTEMPATH/Commands/Server/rewrite.php(49): require_once('/home/coriolan/Git-Github/dhcp-iptables/codeigniter4/public/index.php')
CRITICAL - 2024-05-10 05:12:33 --> ErrorException: fopen(/etc/dhcp/dhcpd.conf): Failed to open stream: No such file or directory
[Method: GET, Route: globale]
in APPPATH/Models/Net.php on line 92.
 1 [internal function]: CodeIgniter\Debug\Exceptions->errorHandler()
 2 APPPATH/Models/Net.php(92): fopen()
 3 APPPATH/Controllers/Dhcp.php(18): App\Models\Net->getSubnet()
 4 SYSTEMPATH/CodeIgniter.php(933): App\Controllers\Dhcp->globale()
 5 SYSTEMPATH/CodeIgniter.php(509): CodeIgniter\CodeIgniter->runController()
 6 SYSTEMPATH/CodeIgniter.php(355): CodeIgniter\CodeIgniter->handleRequest()
 7 SYSTEMPATH/Boot.php(312): CodeIgniter\CodeIgniter->run()
 8 SYSTEMPATH/Boot.php(67): CodeIgniter\Boot::runCodeIgniter()
 9 FCPATH/index.php(56): CodeIgniter\Boot::bootWeb()
10 SYSTEMPATH/Commands/Server/rewrite.php(49): require_once('/home/coriolan/Git-Github/dhcp-iptables/codeigniter4/public/index.php')
CRITICAL - 2024-05-10 05:14:46 --> ErrorException: fopen(/etc/dhcp/dhcpd.conf): Failed to open stream: Permission denied
[Method: GET, Route: globale]
in APPPATH/Models/Net.php on line 288.
 1 [internal function]: CodeIgniter\Debug\Exceptions->errorHandler()
 2 APPPATH/Models/Net.php(288): fopen()
 3 APPPATH/Models/Net.php(111): App\Models\Net->addSubnet()
 4 APPPATH/Controllers/Dhcp.php(18): App\Models\Net->getSubnet()
 5 SYSTEMPATH/CodeIgniter.php(933): App\Controllers\Dhcp->globale()
 6 SYSTEMPATH/CodeIgniter.php(509): CodeIgniter\CodeIgniter->runController()
 7 SYSTEMPATH/CodeIgniter.php(355): CodeIgniter\CodeIgniter->handleRequest()
 8 SYSTEMPATH/Boot.php(312): CodeIgniter\CodeIgniter->run()
 9 SYSTEMPATH/Boot.php(67): CodeIgniter\Boot::runCodeIgniter()
10 FCPATH/index.php(56): CodeIgniter\Boot::bootWeb()
11 SYSTEMPATH/Commands/Server/rewrite.php(49): require_once('/home/coriolan/Git-Github/dhcp-iptables/codeigniter4/public/index.php')
CRITICAL - 2024-05-10 05:17:40 --> ErrorException: fopen(/etc/dhcp/dhcpd.conf): Failed to open stream: Permission denied
[Method: GET, Route: globale]
in APPPATH/Models/Net.php on line 288.
 1 [internal function]: CodeIgniter\Debug\Exceptions->errorHandler()
 2 APPPATH/Models/Net.php(288): fopen()
 3 APPPATH/Models/Net.php(111): App\Models\Net->addSubnet()
 4 APPPATH/Controllers/Dhcp.php(18): App\Models\Net->getSubnet()
 5 SYSTEMPATH/CodeIgniter.php(933): App\Controllers\Dhcp->globale()
 6 SYSTEMPATH/CodeIgniter.php(509): CodeIgniter\CodeIgniter->runController()
 7 SYSTEMPATH/CodeIgniter.php(355): CodeIgniter\CodeIgniter->handleRequest()
 8 SYSTEMPATH/Boot.php(312): CodeIgniter\CodeIgniter->run()
 9 SYSTEMPATH/Boot.php(67): CodeIgniter\Boot::runCodeIgniter()
10 FCPATH/index.php(56): CodeIgniter\Boot::bootWeb()
11 SYSTEMPATH/Commands/Server/rewrite.php(49): require_once('/home/coriolan/Git-Github/dhcp-iptables/codeigniter4/public/index.php')
CRITICAL - 2024-05-10 05:18:01 --> ErrorException: fopen(/etc/dhcp/dhcpd.conf): Failed to open stream: Permission denied
[Method: GET, Route: globale]
in APPPATH/Models/Net.php on line 288.
 1 [internal function]: CodeIgniter\Debug\Exceptions->errorHandler()
 2 APPPATH/Models/Net.php(288): fopen()
 3 APPPATH/Models/Net.php(111): App\Models\Net->addSubnet()
 4 APPPATH/Controllers/Dhcp.php(18): App\Models\Net->getSubnet()
 5 SYSTEMPATH/CodeIgniter.php(933): App\Controllers\Dhcp->globale()
 6 SYSTEMPATH/CodeIgniter.php(509): CodeIgniter\CodeIgniter->runController()
 7 SYSTEMPATH/CodeIgniter.php(355): CodeIgniter\CodeIgniter->handleRequest()
 8 SYSTEMPATH/Boot.php(312): CodeIgniter\CodeIgniter->run()
 9 SYSTEMPATH/Boot.php(67): CodeIgniter\Boot::runCodeIgniter()
10 FCPATH/index.php(56): CodeIgniter\Boot::bootWeb()
11 SYSTEMPATH/Commands/Server/rewrite.php(49): require_once('/home/coriolan/Git-Github/dhcp-iptables/codeigniter4/public/index.php')
CRITICAL - 2024-05-10 05:21:07 --> ErrorException: fopen(/etc/dhcp/dhcpd.conf): Failed to open stream: Permission denied
[Method: GET, Route: globale]
in APPPATH/Models/Net.php on line 288.
 1 [internal function]: CodeIgniter\Debug\Exceptions->errorHandler()
 2 APPPATH/Models/Net.php(288): fopen()
 3 APPPATH/Models/Net.php(111): App\Models\Net->addSubnet()
 4 APPPATH/Controllers/Dhcp.php(18): App\Models\Net->getSubnet()
 5 SYSTEMPATH/CodeIgniter.php(933): App\Controllers\Dhcp->globale()
 6 SYSTEMPATH/CodeIgniter.php(509): CodeIgniter\CodeIgniter->runController()
 7 SYSTEMPATH/CodeIgniter.php(355): CodeIgniter\CodeIgniter->handleRequest()
 8 SYSTEMPATH/Boot.php(312): CodeIgniter\CodeIgniter->run()
 9 SYSTEMPATH/Boot.php(67): CodeIgniter\Boot::runCodeIgniter()
10 FCPATH/index.php(56): CodeIgniter\Boot::bootWeb()
11 SYSTEMPATH/Commands/Server/rewrite.php(49): require_once('/home/coriolan/Git-Github/dhcp-iptables/codeigniter4/public/index.php')
CRITICAL - 2024-05-10 05:21:36 --> ErrorException: fopen(/etc/dhcp/dhcpd.conf): Failed to open stream: Permission denied
[Method: GET, Route: globale]
in APPPATH/Models/Net.php on line 288.
 1 [internal function]: CodeIgniter\Debug\Exceptions->errorHandler()
 2 APPPATH/Models/Net.php(288): fopen()
 3 APPPATH/Models/Net.php(111): App\Models\Net->addSubnet()
 4 APPPATH/Controllers/Dhcp.php(18): App\Models\Net->getSubnet()
 5 SYSTEMPATH/CodeIgniter.php(933): App\Controllers\Dhcp->globale()
 6 SYSTEMPATH/CodeIgniter.php(509): CodeIgniter\CodeIgniter->runController()
 7 SYSTEMPATH/CodeIgniter.php(355): CodeIgniter\CodeIgniter->handleRequest()
 8 SYSTEMPATH/Boot.php(312): CodeIgniter\CodeIgniter->run()
 9 SYSTEMPATH/Boot.php(67): CodeIgniter\Boot::runCodeIgniter()
10 FCPATH/index.php(56): CodeIgniter\Boot::bootWeb()
11 SYSTEMPATH/Commands/Server/rewrite.php(49): require_once('/home/coriolan/Git-Github/dhcp-iptables/codeigniter4/public/index.php')
CRITICAL - 2024-05-10 05:22:00 --> ErrorException: fopen(/etc/dhcp/dhcpd.conf): Failed to open stream: Permission denied
[Method: GET, Route: globale]
in APPPATH/Models/Net.php on line 288.
 1 [internal function]: CodeIgniter\Debug\Exceptions->errorHandler()
 2 APPPATH/Models/Net.php(288): fopen()
 3 APPPATH/Models/Net.php(111): App\Models\Net->addSubnet()
 4 APPPATH/Controllers/Dhcp.php(18): App\Models\Net->getSubnet()
 5 SYSTEMPATH/CodeIgniter.php(933): App\Controllers\Dhcp->globale()
 6 SYSTEMPATH/CodeIgniter.php(509): CodeIgniter\CodeIgniter->runController()
 7 SYSTEMPATH/CodeIgniter.php(355): CodeIgniter\CodeIgniter->handleRequest()
 8 SYSTEMPATH/Boot.php(312): CodeIgniter\CodeIgniter->run()
 9 SYSTEMPATH/Boot.php(67): CodeIgniter\Boot::runCodeIgniter()
10 FCPATH/index.php(56): CodeIgniter\Boot::bootWeb()
11 SYSTEMPATH/Commands/Server/rewrite.php(49): require_once('/home/coriolan/Git-Github/dhcp-iptables/codeigniter4/public/index.php')
CRITICAL - 2024-05-10 05:25:44 --> ErrorException: fopen(/etc/dhcp/dhcpd.conf): Failed to open stream: Permission denied
[Method: GET, Route: globale]
in APPPATH/Models/Net.php on line 288.
 1 [internal function]: CodeIgniter\Debug\Exceptions->errorHandler()
 2 APPPATH/Models/Net.php(288): fopen()
 3 APPPATH/Models/Net.php(111): App\Models\Net->addSubnet()
 4 APPPATH/Controllers/Dhcp.php(18): App\Models\Net->getSubnet()
 5 SYSTEMPATH/CodeIgniter.php(933): App\Controllers\Dhcp->globale()
 6 SYSTEMPATH/CodeIgniter.php(509): CodeIgniter\CodeIgniter->runController()
 7 SYSTEMPATH/CodeIgniter.php(355): CodeIgniter\CodeIgniter->handleRequest()
 8 SYSTEMPATH/Boot.php(312): CodeIgniter\CodeIgniter->run()
 9 SYSTEMPATH/Boot.php(67): CodeIgniter\Boot::runCodeIgniter()
10 FCPATH/index.php(56): CodeIgniter\Boot::bootWeb()
11 SYSTEMPATH/Commands/Server/rewrite.php(49): require_once('/home/coriolan/Git-Github/dhcp-iptables/codeigniter4/public/index.php')
CRITICAL - 2024-05-10 05:27:30 --> ErrorException: fopen(/etc/dhcp/dhcpd.conf): Failed to open stream: Permission denied
[Method: GET, Route: globale]
in APPPATH/Models/Net.php on line 288.
 1 [internal function]: CodeIgniter\Debug\Exceptions->errorHandler()
 2 APPPATH/Models/Net.php(288): fopen()
 3 APPPATH/Models/Net.php(111): App\Models\Net->addSubnet()
 4 APPPATH/Controllers/Dhcp.php(18): App\Models\Net->getSubnet()
 5 SYSTEMPATH/CodeIgniter.php(933): App\Controllers\Dhcp->globale()
 6 SYSTEMPATH/CodeIgniter.php(509): CodeIgniter\CodeIgniter->runController()
 7 SYSTEMPATH/CodeIgniter.php(355): CodeIgniter\CodeIgniter->handleRequest()
 8 SYSTEMPATH/Boot.php(312): CodeIgniter\CodeIgniter->run()
 9 SYSTEMPATH/Boot.php(67): CodeIgniter\Boot::runCodeIgniter()
10 FCPATH/index.php(56): CodeIgniter\Boot::bootWeb()
11 SYSTEMPATH/Commands/Server/rewrite.php(49): require_once('/home/coriolan/Git-Github/dhcp-iptables/codeigniter4/public/index.php')
CRITICAL - 2024-05-10 05:27:32 --> ErrorException: fopen(/etc/dhcp/dhcpd.conf): Failed to open stream: Permission denied
[Method: GET, Route: globale]
in APPPATH/Models/Net.php on line 288.
 1 [internal function]: CodeIgniter\Debug\Exceptions->errorHandler()
 2 APPPATH/Models/Net.php(288): fopen()
 3 APPPATH/Models/Net.php(111): App\Models\Net->addSubnet()
 4 APPPATH/Controllers/Dhcp.php(18): App\Models\Net->getSubnet()
 5 SYSTEMPATH/CodeIgniter.php(933): App\Controllers\Dhcp->globale()
 6 SYSTEMPATH/CodeIgniter.php(509): CodeIgniter\CodeIgniter->runController()
 7 SYSTEMPATH/CodeIgniter.php(355): CodeIgniter\CodeIgniter->handleRequest()
 8 SYSTEMPATH/Boot.php(312): CodeIgniter\CodeIgniter->run()
 9 SYSTEMPATH/Boot.php(67): CodeIgniter\Boot::runCodeIgniter()
10 FCPATH/index.php(56): CodeIgniter\Boot::bootWeb()
11 SYSTEMPATH/Commands/Server/rewrite.php(49): require_once('/home/coriolan/Git-Github/dhcp-iptables/codeigniter4/public/index.php')
CRITICAL - 2024-05-10 05:29:39 --> ErrorException: fopen(/etc/dhcp/dhcpd.conf): Failed to open stream: Permission denied
[Method: GET, Route: globale]
in APPPATH/Models/Net.php on line 288.
 1 [internal function]: CodeIgniter\Debug\Exceptions->errorHandler()
 2 APPPATH/Models/Net.php(288): fopen()
 3 APPPATH/Models/Net.php(111): App\Models\Net->addSubnet()
 4 APPPATH/Controllers/Dhcp.php(18): App\Models\Net->getSubnet()
 5 SYSTEMPATH/CodeIgniter.php(933): App\Controllers\Dhcp->globale()
 6 SYSTEMPATH/CodeIgniter.php(509): CodeIgniter\CodeIgniter->runController()
 7 SYSTEMPATH/CodeIgniter.php(355): CodeIgniter\CodeIgniter->handleRequest()
 8 SYSTEMPATH/Boot.php(312): CodeIgniter\CodeIgniter->run()
 9 SYSTEMPATH/Boot.php(67): CodeIgniter\Boot::runCodeIgniter()
10 FCPATH/index.php(56): CodeIgniter\Boot::bootWeb()
11 SYSTEMPATH/Commands/Server/rewrite.php(49): require_once('/home/coriolan/Git-Github/dhcp-iptables/codeigniter4/public/index.php')
<<<<<<< HEAD
>>>>>>> 358c71ef18310709ae92ea8403fea305a0122aba
CRITICAL - 2024-05-10 11:30:01 --> ErrorException: Undefined array key 0
[Method: GET, Route: netfilter]
in APPPATH/Controllers/Netfilter.php on line 32.
 1 APPPATH/Controllers/Netfilter.php(32): CodeIgniter\Debug\Exceptions->errorHandler()
 2 APPPATH/Controllers/Netfilter.php(12): App\Controllers\Netfilter->levelPolicyCheck()
 3 SYSTEMPATH/CodeIgniter.php(933): App\Controllers\Netfilter->index()
 4 SYSTEMPATH/CodeIgniter.php(509): CodeIgniter\CodeIgniter->runController()
 5 SYSTEMPATH/CodeIgniter.php(355): CodeIgniter\CodeIgniter->handleRequest()
 6 SYSTEMPATH/Boot.php(312): CodeIgniter\CodeIgniter->run()
 7 SYSTEMPATH/Boot.php(67): CodeIgniter\Boot::runCodeIgniter()
 8 FCPATH/index.php(56): CodeIgniter\Boot::bootWeb()
CRITICAL - 2024-05-10 11:30:26 --> Error: Cannot use [] for reading
[Method: GET, Route: netfilter]
in APPPATH/Controllers/Netfilter.php on line 32.
 1 APPPATH/Controllers/Netfilter.php(12): App\Controllers\Netfilter->levelPolicyCheck()
 2 SYSTEMPATH/CodeIgniter.php(933): App\Controllers\Netfilter->index()
 3 SYSTEMPATH/CodeIgniter.php(509): CodeIgniter\CodeIgniter->runController()
 4 SYSTEMPATH/CodeIgniter.php(355): CodeIgniter\CodeIgniter->handleRequest()
 5 SYSTEMPATH/Boot.php(312): CodeIgniter\CodeIgniter->run()
 6 SYSTEMPATH/Boot.php(67): CodeIgniter\Boot::runCodeIgniter()
 7 FCPATH/index.php(56): CodeIgniter\Boot::bootWeb()
CRITICAL - 2024-05-10 11:30:36 --> TypeError: strpos(): Argument #1 ($haystack) must be of type string, array given
[Method: GET, Route: netfilter]
in APPPATH/Controllers/Netfilter.php on line 32.
 1 APPPATH/Controllers/Netfilter.php(32): strpos()
 2 APPPATH/Controllers/Netfilter.php(12): App\Controllers\Netfilter->levelPolicyCheck()
 3 SYSTEMPATH/CodeIgniter.php(933): App\Controllers\Netfilter->index()
 4 SYSTEMPATH/CodeIgniter.php(509): CodeIgniter\CodeIgniter->runController()
 5 SYSTEMPATH/CodeIgniter.php(355): CodeIgniter\CodeIgniter->handleRequest()
 6 SYSTEMPATH/Boot.php(312): CodeIgniter\CodeIgniter->run()
 7 SYSTEMPATH/Boot.php(67): CodeIgniter\Boot::runCodeIgniter()
 8 FCPATH/index.php(56): CodeIgniter\Boot::bootWeb()
CRITICAL - 2024-05-10 11:31:53 --> ErrorException: Undefined array key 0
[Method: GET, Route: netfilter]
in APPPATH/Controllers/Netfilter.php on line 34.
 1 APPPATH/Controllers/Netfilter.php(34): CodeIgniter\Debug\Exceptions->errorHandler()
 2 APPPATH/Controllers/Netfilter.php(12): App\Controllers\Netfilter->levelPolicyCheck()
 3 SYSTEMPATH/CodeIgniter.php(933): App\Controllers\Netfilter->index()
 4 SYSTEMPATH/CodeIgniter.php(509): CodeIgniter\CodeIgniter->runController()
 5 SYSTEMPATH/CodeIgniter.php(355): CodeIgniter\CodeIgniter->handleRequest()
 6 SYSTEMPATH/Boot.php(312): CodeIgniter\CodeIgniter->run()
 7 SYSTEMPATH/Boot.php(67): CodeIgniter\Boot::runCodeIgniter()
 8 FCPATH/index.php(56): CodeIgniter\Boot::bootWeb()
CRITICAL - 2024-05-10 11:53:51 --> Error: Call to undefined function App\Controllers\shell_exechell_exec()
[Method: GET, Route: netfilter]
in APPPATH/Controllers/Netfilter.php on line 41.
 1 APPPATH/Controllers/Netfilter.php(12): App\Controllers\Netfilter->levelPolicyCheck()
 2 SYSTEMPATH/CodeIgniter.php(933): App\Controllers\Netfilter->index()
 3 SYSTEMPATH/CodeIgniter.php(509): CodeIgniter\CodeIgniter->runController()
 4 SYSTEMPATH/CodeIgniter.php(355): CodeIgniter\CodeIgniter->handleRequest()
 5 SYSTEMPATH/Boot.php(312): CodeIgniter\CodeIgniter->run()
 6 SYSTEMPATH/Boot.php(67): CodeIgniter\Boot::runCodeIgniter()
 7 FCPATH/index.php(56): CodeIgniter\Boot::bootWeb()
CRITICAL - 2024-05-10 11:59:22 --> ErrorException: Undefined variable $chain
[Method: GET, Route: netfilter/list]
in APPPATH/Models/Iptables.php on line 125.
 1 APPPATH/Models/Iptables.php(125): CodeIgniter\Debug\Exceptions->errorHandler()
 2 APPPATH/Controllers/Netfilter.php(64): App\Models\Iptables->get_table_csv()
 3 SYSTEMPATH/CodeIgniter.php(933): App\Controllers\Netfilter->list()
 4 SYSTEMPATH/CodeIgniter.php(509): CodeIgniter\CodeIgniter->runController()
 5 SYSTEMPATH/CodeIgniter.php(355): CodeIgniter\CodeIgniter->handleRequest()
 6 SYSTEMPATH/Boot.php(312): CodeIgniter\CodeIgniter->run()
 7 SYSTEMPATH/Boot.php(67): CodeIgniter\Boot::runCodeIgniter()
 8 FCPATH/index.php(56): CodeIgniter\Boot::bootWeb()
CRITICAL - 2024-05-10 11:59:47 --> ErrorException: Undefined variable $chainL1
[Method: GET, Route: netfilter/list]
in APPPATH/Models/Iptables.php on line 125.
 1 APPPATH/Models/Iptables.php(125): CodeIgniter\Debug\Exceptions->errorHandler()
 2 APPPATH/Controllers/Netfilter.php(64): App\Models\Iptables->get_table_csv()
 3 SYSTEMPATH/CodeIgniter.php(933): App\Controllers\Netfilter->list()
 4 SYSTEMPATH/CodeIgniter.php(509): CodeIgniter\CodeIgniter->runController()
 5 SYSTEMPATH/CodeIgniter.php(355): CodeIgniter\CodeIgniter->handleRequest()
 6 SYSTEMPATH/Boot.php(312): CodeIgniter\CodeIgniter->run()
 7 SYSTEMPATH/Boot.php(67): CodeIgniter\Boot::runCodeIgniter()
 8 FCPATH/index.php(56): CodeIgniter\Boot::bootWeb()
CRITICAL - 2024-05-10 12:08:25 --> ErrorException: Undefined array key "chainAll"
[Method: GET, Route: netfilter/police]
in APPPATH/Views/netfilter_police.php on line 72.
 1 APPPATH/Views/netfilter_police.php(72): CodeIgniter\Debug\Exceptions->errorHandler()
 2 SYSTEMPATH/View/View.php(234): include('/home/mick/github/dhcp-iptables/codeigniter4/app/Views/netfilter_police.php')
 3 SYSTEMPATH/View/View.php(237): CodeIgniter\View\View->CodeIgniter\View\{closure}()
 4 SYSTEMPATH/Common.php(1171): CodeIgniter\View\View->render()
 5 APPPATH/Controllers/Netfilter.php(103): view()
 6 SYSTEMPATH/CodeIgniter.php(933): App\Controllers\Netfilter->police()
 7 SYSTEMPATH/CodeIgniter.php(509): CodeIgniter\CodeIgniter->runController()
 8 SYSTEMPATH/CodeIgniter.php(355): CodeIgniter\CodeIgniter->handleRequest()
 9 SYSTEMPATH/Boot.php(312): CodeIgniter\CodeIgniter->run()
10 SYSTEMPATH/Boot.php(67): CodeIgniter\Boot::runCodeIgniter()
11 FCPATH/index.php(56): CodeIgniter\Boot::bootWeb()
CRITICAL - 2024-05-10 12:12:13 --> ErrorException: Undefined array key "chainAll"
[Method: GET, Route: netfilter/police]
in APPPATH/Views/netfilter_police.php on line 72.
 1 APPPATH/Views/netfilter_police.php(72): CodeIgniter\Debug\Exceptions->errorHandler()
 2 SYSTEMPATH/View/View.php(234): include('/home/mick/github/dhcp-iptables/codeigniter4/app/Views/netfilter_police.php')
 3 SYSTEMPATH/View/View.php(237): CodeIgniter\View\View->CodeIgniter\View\{closure}()
 4 SYSTEMPATH/Common.php(1171): CodeIgniter\View\View->render()
 5 APPPATH/Controllers/Netfilter.php(103): view()
 6 SYSTEMPATH/CodeIgniter.php(933): App\Controllers\Netfilter->police()
 7 SYSTEMPATH/CodeIgniter.php(509): CodeIgniter\CodeIgniter->runController()
 8 SYSTEMPATH/CodeIgniter.php(355): CodeIgniter\CodeIgniter->handleRequest()
 9 SYSTEMPATH/Boot.php(312): CodeIgniter\CodeIgniter->run()
10 SYSTEMPATH/Boot.php(67): CodeIgniter\Boot::runCodeIgniter()
11 FCPATH/index.php(56): CodeIgniter\Boot::bootWeb()
CRITICAL - 2024-05-10 12:13:05 --> ErrorException: Undefined variable $chain
[Method: GET, Route: netfilter/police]
in APPPATH/Views/netfilter_police.php on line 93.
 1 APPPATH/Views/netfilter_police.php(93): CodeIgniter\Debug\Exceptions->errorHandler()
 2 SYSTEMPATH/View/View.php(234): include('/home/mick/github/dhcp-iptables/codeigniter4/app/Views/netfilter_police.php')
 3 SYSTEMPATH/View/View.php(237): CodeIgniter\View\View->CodeIgniter\View\{closure}()
 4 SYSTEMPATH/Common.php(1171): CodeIgniter\View\View->render()
 5 APPPATH/Controllers/Netfilter.php(103): view()
 6 SYSTEMPATH/CodeIgniter.php(933): App\Controllers\Netfilter->police()
 7 SYSTEMPATH/CodeIgniter.php(509): CodeIgniter\CodeIgniter->runController()
 8 SYSTEMPATH/CodeIgniter.php(355): CodeIgniter\CodeIgniter->handleRequest()
 9 SYSTEMPATH/Boot.php(312): CodeIgniter\CodeIgniter->run()
10 SYSTEMPATH/Boot.php(67): CodeIgniter\Boot::runCodeIgniter()
11 FCPATH/index.php(56): CodeIgniter\Boot::bootWeb()
CRITICAL - 2024-05-10 12:13:23 --> ErrorException: Undefined array key "chainAll"
[Method: GET, Route: netfilter/police]
in APPPATH/Views/netfilter_police.php on line 2.
 1 APPPATH/Views/netfilter_police.php(2): CodeIgniter\Debug\Exceptions->errorHandler()
 2 SYSTEMPATH/View/View.php(234): include('/home/mick/github/dhcp-iptables/codeigniter4/app/Views/netfilter_police.php')
 3 SYSTEMPATH/View/View.php(237): CodeIgniter\View\View->CodeIgniter\View\{closure}()
 4 SYSTEMPATH/Common.php(1171): CodeIgniter\View\View->render()
 5 APPPATH/Controllers/Netfilter.php(103): view()
 6 SYSTEMPATH/CodeIgniter.php(933): App\Controllers\Netfilter->police()
 7 SYSTEMPATH/CodeIgniter.php(509): CodeIgniter\CodeIgniter->runController()
 8 SYSTEMPATH/CodeIgniter.php(355): CodeIgniter\CodeIgniter->handleRequest()
 9 SYSTEMPATH/Boot.php(312): CodeIgniter\CodeIgniter->run()
10 SYSTEMPATH/Boot.php(67): CodeIgniter\Boot::runCodeIgniter()
11 FCPATH/index.php(56): CodeIgniter\Boot::bootWeb()
CRITICAL - 2024-05-10 12:49:49 --> ErrorException: Undefined variable $chain
[Method: POST, Route: netfilter/police]
in APPPATH/Views/netfilter_police.php on line 134.
 1 APPPATH/Views/netfilter_police.php(134): CodeIgniter\Debug\Exceptions->errorHandler()
 2 SYSTEMPATH/View/View.php(234): include('/home/mick/github/dhcp-iptables/codeigniter4/app/Views/netfilter_police.php')
 3 SYSTEMPATH/View/View.php(237): CodeIgniter\View\View->CodeIgniter\View\{closure}()
 4 SYSTEMPATH/Common.php(1171): CodeIgniter\View\View->render()
 5 APPPATH/Controllers/Netfilter.php(103): view()
 6 SYSTEMPATH/CodeIgniter.php(933): App\Controllers\Netfilter->police()
 7 SYSTEMPATH/CodeIgniter.php(509): CodeIgniter\CodeIgniter->runController()
 8 SYSTEMPATH/CodeIgniter.php(355): CodeIgniter\CodeIgniter->handleRequest()
 9 SYSTEMPATH/Boot.php(312): CodeIgniter\CodeIgniter->run()
10 SYSTEMPATH/Boot.php(67): CodeIgniter\Boot::runCodeIgniter()
11 FCPATH/index.php(56): CodeIgniter\Boot::bootWeb()
CRITICAL - 2024-05-10 12:50:32 --> ErrorException: Undefined variable $cchainAllhain
[Method: POST, Route: netfilter/police]
in APPPATH/Views/netfilter_police.php on line 144.
 1 APPPATH/Views/netfilter_police.php(144): CodeIgniter\Debug\Exceptions->errorHandler()
 2 SYSTEMPATH/View/View.php(234): include('/home/mick/github/dhcp-iptables/codeigniter4/app/Views/netfilter_police.php')
 3 SYSTEMPATH/View/View.php(237): CodeIgniter\View\View->CodeIgniter\View\{closure}()
 4 SYSTEMPATH/Common.php(1171): CodeIgniter\View\View->render()
 5 APPPATH/Controllers/Netfilter.php(103): view()
 6 SYSTEMPATH/CodeIgniter.php(933): App\Controllers\Netfilter->police()
 7 SYSTEMPATH/CodeIgniter.php(509): CodeIgniter\CodeIgniter->runController()
 8 SYSTEMPATH/CodeIgniter.php(355): CodeIgniter\CodeIgniter->handleRequest()
 9 SYSTEMPATH/Boot.php(312): CodeIgniter\CodeIgniter->run()
10 SYSTEMPATH/Boot.php(67): CodeIgniter\Boot::runCodeIgniter()
11 FCPATH/index.php(56): CodeIgniter\Boot::bootWeb()
CRITICAL - 2024-05-10 12:50:47 --> ErrorException: Undefined variable $chain
[Method: POST, Route: netfilter/police]
in APPPATH/Views/netfilter_police.php on line 149.
 1 APPPATH/Views/netfilter_police.php(149): CodeIgniter\Debug\Exceptions->errorHandler()
 2 SYSTEMPATH/View/View.php(234): include('/home/mick/github/dhcp-iptables/codeigniter4/app/Views/netfilter_police.php')
 3 SYSTEMPATH/View/View.php(237): CodeIgniter\View\View->CodeIgniter\View\{closure}()
 4 SYSTEMPATH/Common.php(1171): CodeIgniter\View\View->render()
 5 APPPATH/Controllers/Netfilter.php(103): view()
 6 SYSTEMPATH/CodeIgniter.php(933): App\Controllers\Netfilter->police()
 7 SYSTEMPATH/CodeIgniter.php(509): CodeIgniter\CodeIgniter->runController()
 8 SYSTEMPATH/CodeIgniter.php(355): CodeIgniter\CodeIgniter->handleRequest()
 9 SYSTEMPATH/Boot.php(312): CodeIgniter\CodeIgniter->run()
10 SYSTEMPATH/Boot.php(67): CodeIgniter\Boot::runCodeIgniter()
11 FCPATH/index.php(56): CodeIgniter\Boot::bootWeb()
=======
CRITICAL - 2024-05-10 11:20:11 --> ErrorException: fopen(/etc/dhcp/dhcpd.conf): Failed to open stream: Permission denied
[Method: GET, Route: globale]
in APPPATH/Models/Net.php on line 280.
 1 [internal function]: CodeIgniter\Debug\Exceptions->errorHandler()
 2 APPPATH/Models/Net.php(280): fopen()
 3 APPPATH/Models/Net.php(103): App\Models\Net->addSubnet()
 4 APPPATH/Controllers/Dhcp.php(18): App\Models\Net->getSubnet()
 5 SYSTEMPATH/CodeIgniter.php(933): App\Controllers\Dhcp->globale()
 6 SYSTEMPATH/CodeIgniter.php(509): CodeIgniter\CodeIgniter->runController()
 7 SYSTEMPATH/CodeIgniter.php(355): CodeIgniter\CodeIgniter->handleRequest()
 8 SYSTEMPATH/Boot.php(312): CodeIgniter\CodeIgniter->run()
 9 SYSTEMPATH/Boot.php(67): CodeIgniter\Boot::runCodeIgniter()
10 FCPATH/index.php(56): CodeIgniter\Boot::bootWeb()
11 SYSTEMPATH/Commands/Server/rewrite.php(49): require_once('/home/coriolan/Git-Github/dhcp-iptables/codeigniter4/public/index.php')
CRITICAL - 2024-05-10 12:17:36 --> ErrorException: fopen(/etc/dhcp/dhcpd.conf): Failed to open stream: Permission denied
[Method: GET, Route: globale]
in APPPATH/Models/Net.php on line 280.
 1 [internal function]: CodeIgniter\Debug\Exceptions->errorHandler()
 2 APPPATH/Models/Net.php(280): fopen()
 3 APPPATH/Models/Net.php(103): App\Models\Net->addSubnet()
 4 APPPATH/Controllers/Dhcp.php(18): App\Models\Net->getSubnet()
 5 SYSTEMPATH/CodeIgniter.php(933): App\Controllers\Dhcp->globale()
 6 SYSTEMPATH/CodeIgniter.php(509): CodeIgniter\CodeIgniter->runController()
 7 SYSTEMPATH/CodeIgniter.php(355): CodeIgniter\CodeIgniter->handleRequest()
 8 SYSTEMPATH/Boot.php(312): CodeIgniter\CodeIgniter->run()
 9 SYSTEMPATH/Boot.php(67): CodeIgniter\Boot::runCodeIgniter()
10 FCPATH/index.php(56): CodeIgniter\Boot::bootWeb()
11 SYSTEMPATH/Commands/Server/rewrite.php(49): require_once('/home/coriolan/Git-Github/dhcp-iptables/codeigniter4/public/index.php')
>>>>>>> 91404d22e0e608a7132b35a07b2677c70dd12190
