WARNING - 2024-05-13 09:38:10 --> [DEPRECATED] strlen(): Passing null to parameter #1 ($string) of type string is deprecated in APPPATH/Models/Net.php on line 227.
 1 APPPATH/Models/Net.php(227): strlen(null)
 2 APPPATH/Controllers/Dhcp.php(19): App\Models\Net->modifierSubnet(null, null, null, null)
 3 SYSTEMPATH/CodeIgniter.php(933): App\Controllers\Dhcp->globale()
 4 SYSTEMPATH/CodeIgniter.php(509): CodeIgniter\CodeIgniter->runController(Object(App\Controllers\Dhcp))
 5 SYSTEMPATH/CodeIgniter.php(355): CodeIgniter\CodeIgniter->handleRequest(null, Object(Config\Cache), false)
 6 SYSTEMPATH/Boot.php(312): CodeIgniter\CodeIgniter->run()
 7 SYSTEMPATH/Boot.php(67): CodeIgniter\Boot::runCodeIgniter(Object(CodeIgniter\CodeIgniter))
 8 FCPATH/index.php(56): CodeIgniter\Boot::bootWeb(Object(Config\Paths))
CRITICAL - 2024-05-13 10:50:39 --> ErrorException: Undefined variable $chainL1
[Method: GET, Route: netfilter/police]
in APPPATH/Models/Iptables.php on line 125.
 1 APPPATH/Models/Iptables.php(125): CodeIgniter\Debug\Exceptions->errorHandler()
 2 APPPATH/Controllers/Netfilter.php(136): App\Models\Iptables->get_table_csv()
 3 SYSTEMPATH/CodeIgniter.php(933): App\Controllers\Netfilter->police()
 4 SYSTEMPATH/CodeIgniter.php(509): CodeIgniter\CodeIgniter->runController()
 5 SYSTEMPATH/CodeIgniter.php(355): CodeIgniter\CodeIgniter->handleRequest()
 6 SYSTEMPATH/Boot.php(312): CodeIgniter\CodeIgniter->run()
 7 SYSTEMPATH/Boot.php(67): CodeIgniter\Boot::runCodeIgniter()
 8 FCPATH/index.php(56): CodeIgniter\Boot::bootWeb()
CRITICAL - 2024-05-13 10:50:52 --> ErrorException: Undefined variable $chainL1
[Method: GET, Route: netfilter/police]
in APPPATH/Models/Iptables.php on line 125.
 1 APPPATH/Models/Iptables.php(125): CodeIgniter\Debug\Exceptions->errorHandler()
 2 APPPATH/Controllers/Netfilter.php(136): App\Models\Iptables->get_table_csv()
 3 SYSTEMPATH/CodeIgniter.php(933): App\Controllers\Netfilter->police()
 4 SYSTEMPATH/CodeIgniter.php(509): CodeIgniter\CodeIgniter->runController()
 5 SYSTEMPATH/CodeIgniter.php(355): CodeIgniter\CodeIgniter->handleRequest()
 6 SYSTEMPATH/Boot.php(312): CodeIgniter\CodeIgniter->run()
 7 SYSTEMPATH/Boot.php(67): CodeIgniter\Boot::runCodeIgniter()
 8 FCPATH/index.php(56): CodeIgniter\Boot::bootWeb()
CRITICAL - 2024-05-13 11:03:54 --> ErrorException: Undefined variable $chainL1
[Method: GET, Route: netfilter/police]
in APPPATH/Models/Iptables.php on line 125.
 1 APPPATH/Models/Iptables.php(125): CodeIgniter\Debug\Exceptions->errorHandler()
 2 APPPATH/Controllers/Netfilter.php(136): App\Models\Iptables->get_table_csv()
 3 SYSTEMPATH/CodeIgniter.php(933): App\Controllers\Netfilter->police()
 4 SYSTEMPATH/CodeIgniter.php(509): CodeIgniter\CodeIgniter->runController()
 5 SYSTEMPATH/CodeIgniter.php(355): CodeIgniter\CodeIgniter->handleRequest()
 6 SYSTEMPATH/Boot.php(312): CodeIgniter\CodeIgniter->run()
 7 SYSTEMPATH/Boot.php(67): CodeIgniter\Boot::runCodeIgniter()
 8 FCPATH/index.php(56): CodeIgniter\Boot::bootWeb()
