CRITICAL - 2024-05-02 05:11:51 --> CodeIgniter\HTTP\Exceptions\BadRequestException: The URI you submitted has disallowed characters: "delete=INPUT"
[Method: GET, Route: netfilter/list/delete=INPUT/line=0]
in SYSTEMPATH/Router/Router.php on line 736.
 1 SYSTEMPATH/Router/Router.php(203): CodeIgniter\Router\Router->checkDisallowedChars()
 2 SYSTEMPATH/CodeIgniter.php(834): CodeIgniter\Router\Router->handle()
 3 SYSTEMPATH/CodeIgniter.php(457): CodeIgniter\CodeIgniter->tryToRouteIt()
 4 SYSTEMPATH/CodeIgniter.php(355): CodeIgniter\CodeIgniter->handleRequest()
 5 SYSTEMPATH/Boot.php(312): CodeIgniter\CodeIgniter->run()
 6 SYSTEMPATH/Boot.php(67): CodeIgniter\Boot::runCodeIgniter()
 7 FCPATH/index.php(56): CodeIgniter\Boot::bootWeb()
 8 SYSTEMPATH/Commands/Server/rewrite.php(49): require_once('/home/mick/github/dhcp-iptables/codeigniter4/public/index.php')
CRITICAL - 2024-05-02 05:12:31 --> CodeIgniter\HTTP\Exceptions\BadRequestException: The URI you submitted has disallowed characters: "delete=INPUT"
[Method: GET, Route: netfilter/list/delete=INPUT/line=0]
in SYSTEMPATH/Router/Router.php on line 736.
 1 SYSTEMPATH/Router/Router.php(203): CodeIgniter\Router\Router->checkDisallowedChars()
 2 SYSTEMPATH/CodeIgniter.php(834): CodeIgniter\Router\Router->handle()
 3 SYSTEMPATH/CodeIgniter.php(457): CodeIgniter\CodeIgniter->tryToRouteIt()
 4 SYSTEMPATH/CodeIgniter.php(355): CodeIgniter\CodeIgniter->handleRequest()
 5 SYSTEMPATH/Boot.php(312): CodeIgniter\CodeIgniter->run()
 6 SYSTEMPATH/Boot.php(67): CodeIgniter\Boot::runCodeIgniter()
 7 FCPATH/index.php(56): CodeIgniter\Boot::bootWeb()
 8 SYSTEMPATH/Commands/Server/rewrite.php(49): require_once('/home/mick/github/dhcp-iptables/codeigniter4/public/index.php')
CRITICAL - 2024-05-02 05:16:11 --> Error: Call to undefined method App\Models\Iptables::deleteData()
[Method: GET, Route: netfilter/list]
in APPPATH/Controllers/Netfilter.php on line 33.
 1 SYSTEMPATH/CodeIgniter.php(933): App\Controllers\Netfilter->list()
 2 SYSTEMPATH/CodeIgniter.php(509): CodeIgniter\CodeIgniter->runController()
 3 SYSTEMPATH/CodeIgniter.php(355): CodeIgniter\CodeIgniter->handleRequest()
 4 SYSTEMPATH/Boot.php(312): CodeIgniter\CodeIgniter->run()
 5 SYSTEMPATH/Boot.php(67): CodeIgniter\Boot::runCodeIgniter()
 6 FCPATH/index.php(56): CodeIgniter\Boot::bootWeb()
 7 SYSTEMPATH/Commands/Server/rewrite.php(49): require_once('/home/mick/github/dhcp-iptables/codeigniter4/public/index.php')
CRITICAL - 2024-05-02 06:53:34 --> Error: Class "App\Controllers\Exception" not found
[Method: POST, Route: netfilter/addData]
in APPPATH/Controllers/Netfilter.php on line 192.
 1 SYSTEMPATH/CodeIgniter.php(933): App\Controllers\Netfilter->addData()
 2 SYSTEMPATH/CodeIgniter.php(509): CodeIgniter\CodeIgniter->runController()
 3 SYSTEMPATH/CodeIgniter.php(355): CodeIgniter\CodeIgniter->handleRequest()
 4 SYSTEMPATH/Boot.php(312): CodeIgniter\CodeIgniter->run()
 5 SYSTEMPATH/Boot.php(67): CodeIgniter\Boot::runCodeIgniter()
 6 FCPATH/index.php(56): CodeIgniter\Boot::bootWeb()
 7 SYSTEMPATH/Commands/Server/rewrite.php(49): require_once('/home/mick/github/dhcp-iptables/codeigniter4/public/index.php')
CRITICAL - 2024-05-02 06:54:36 --> Error: Class "App\Controllers\Exception" not found
[Method: POST, Route: netfilter/addData]
in APPPATH/Controllers/Netfilter.php on line 192.
 1 SYSTEMPATH/CodeIgniter.php(933): App\Controllers\Netfilter->addData()
 2 SYSTEMPATH/CodeIgniter.php(509): CodeIgniter\CodeIgniter->runController()
 3 SYSTEMPATH/CodeIgniter.php(355): CodeIgniter\CodeIgniter->handleRequest()
 4 SYSTEMPATH/Boot.php(312): CodeIgniter\CodeIgniter->run()
 5 SYSTEMPATH/Boot.php(67): CodeIgniter\Boot::runCodeIgniter()
 6 FCPATH/index.php(56): CodeIgniter\Boot::bootWeb()
 7 SYSTEMPATH/Commands/Server/rewrite.php(49): require_once('/home/mick/github/dhcp-iptables/codeigniter4/public/index.php')
CRITICAL - 2024-05-02 06:57:01 --> Error: Class "App\Controllers\Exception" not found
[Method: POST, Route: netfilter/addData]
in APPPATH/Controllers/Netfilter.php on line 192.
 1 SYSTEMPATH/CodeIgniter.php(933): App\Controllers\Netfilter->addData()
 2 SYSTEMPATH/CodeIgniter.php(509): CodeIgniter\CodeIgniter->runController()
 3 SYSTEMPATH/CodeIgniter.php(355): CodeIgniter\CodeIgniter->handleRequest()
 4 SYSTEMPATH/Boot.php(312): CodeIgniter\CodeIgniter->run()
 5 SYSTEMPATH/Boot.php(67): CodeIgniter\Boot::runCodeIgniter()
 6 FCPATH/index.php(56): CodeIgniter\Boot::bootWeb()
 7 SYSTEMPATH/Commands/Server/rewrite.php(49): require_once('/home/mick/github/dhcp-iptables/codeigniter4/public/index.php')
CRITICAL - 2024-05-02 06:59:08 --> Error: Class "App\Controllers\Exception" not found
[Method: POST, Route: netfilter/addData]
in APPPATH/Controllers/Netfilter.php on line 156.
 1 SYSTEMPATH/CodeIgniter.php(933): App\Controllers\Netfilter->addData()
 2 SYSTEMPATH/CodeIgniter.php(509): CodeIgniter\CodeIgniter->runController()
 3 SYSTEMPATH/CodeIgniter.php(355): CodeIgniter\CodeIgniter->handleRequest()
 4 SYSTEMPATH/Boot.php(312): CodeIgniter\CodeIgniter->run()
 5 SYSTEMPATH/Boot.php(67): CodeIgniter\Boot::runCodeIgniter()
 6 FCPATH/index.php(56): CodeIgniter\Boot::bootWeb()
 7 SYSTEMPATH/Commands/Server/rewrite.php(49): require_once('/home/mick/github/dhcp-iptables/codeigniter4/public/index.php')
CRITICAL - 2024-05-02 06:59:54 --> Exception: source empty
[Method: POST, Route: netfilter/addData]
in APPPATH/Controllers/Netfilter.php on line 156.
 1 SYSTEMPATH/CodeIgniter.php(933): App\Controllers\Netfilter->addData()
 2 SYSTEMPATH/CodeIgniter.php(509): CodeIgniter\CodeIgniter->runController()
 3 SYSTEMPATH/CodeIgniter.php(355): CodeIgniter\CodeIgniter->handleRequest()
 4 SYSTEMPATH/Boot.php(312): CodeIgniter\CodeIgniter->run()
 5 SYSTEMPATH/Boot.php(67): CodeIgniter\Boot::runCodeIgniter()
 6 FCPATH/index.php(56): CodeIgniter\Boot::bootWeb()
 7 SYSTEMPATH/Commands/Server/rewrite.php(49): require_once('/home/mick/github/dhcp-iptables/codeigniter4/public/index.php')
CRITICAL - 2024-05-02 07:03:02 --> Error: Class "App\Controllers\Exception" not found
[Method: POST, Route: netfilter/addData]
in APPPATH/Controllers/Netfilter.php on line 156.
 1 SYSTEMPATH/CodeIgniter.php(933): App\Controllers\Netfilter->addData()
 2 SYSTEMPATH/CodeIgniter.php(509): CodeIgniter\CodeIgniter->runController()
 3 SYSTEMPATH/CodeIgniter.php(355): CodeIgniter\CodeIgniter->handleRequest()
 4 SYSTEMPATH/Boot.php(312): CodeIgniter\CodeIgniter->run()
 5 SYSTEMPATH/Boot.php(67): CodeIgniter\Boot::runCodeIgniter()
 6 FCPATH/index.php(56): CodeIgniter\Boot::bootWeb()
 7 SYSTEMPATH/Commands/Server/rewrite.php(49): require_once('/home/mick/github/dhcp-iptables/codeigniter4/public/index.php')
CRITICAL - 2024-05-02 07:05:25 --> Error: Class "CodeIgniter\Exceptions\Exception" not found
[Method: POST, Route: netfilter/addData]
in APPPATH/Controllers/Netfilter.php on line 157.
 1 SYSTEMPATH/CodeIgniter.php(933): App\Controllers\Netfilter->addData()
 2 SYSTEMPATH/CodeIgniter.php(509): CodeIgniter\CodeIgniter->runController()
 3 SYSTEMPATH/CodeIgniter.php(355): CodeIgniter\CodeIgniter->handleRequest()
 4 SYSTEMPATH/Boot.php(312): CodeIgniter\CodeIgniter->run()
 5 SYSTEMPATH/Boot.php(67): CodeIgniter\Boot::runCodeIgniter()
 6 FCPATH/index.php(56): CodeIgniter\Boot::bootWeb()
 7 SYSTEMPATH/Commands/Server/rewrite.php(49): require_once('/home/mick/github/dhcp-iptables/codeigniter4/public/index.php')
CRITICAL - 2024-05-02 07:07:18 --> Error: Class "App\Controllers\Exception" not found
[Method: POST, Route: netfilter/addData]
in APPPATH/Controllers/Netfilter.php on line 157.
 1 SYSTEMPATH/CodeIgniter.php(933): App\Controllers\Netfilter->addData()
 2 SYSTEMPATH/CodeIgniter.php(509): CodeIgniter\CodeIgniter->runController()
 3 SYSTEMPATH/CodeIgniter.php(355): CodeIgniter\CodeIgniter->handleRequest()
 4 SYSTEMPATH/Boot.php(312): CodeIgniter\CodeIgniter->run()
 5 SYSTEMPATH/Boot.php(67): CodeIgniter\Boot::runCodeIgniter()
 6 FCPATH/index.php(56): CodeIgniter\Boot::bootWeb()
 7 SYSTEMPATH/Commands/Server/rewrite.php(49): require_once('/home/mick/github/dhcp-iptables/codeigniter4/public/index.php')
CRITICAL - 2024-05-02 07:11:50 --> Error: Class "App\Controllers\Exception" not found
[Method: POST, Route: netfilter/addData]
in APPPATH/Controllers/Netfilter.php on line 157.
 1 SYSTEMPATH/CodeIgniter.php(933): App\Controllers\Netfilter->addData()
 2 SYSTEMPATH/CodeIgniter.php(509): CodeIgniter\CodeIgniter->runController()
 3 SYSTEMPATH/CodeIgniter.php(355): CodeIgniter\CodeIgniter->handleRequest()
 4 SYSTEMPATH/Boot.php(312): CodeIgniter\CodeIgniter->run()
 5 SYSTEMPATH/Boot.php(67): CodeIgniter\Boot::runCodeIgniter()
 6 FCPATH/index.php(56): CodeIgniter\Boot::bootWeb()
 7 SYSTEMPATH/Commands/Server/rewrite.php(49): require_once('/home/mick/github/dhcp-iptables/codeigniter4/public/index.php')
CRITICAL - 2024-05-02 07:11:59 --> Error: Class "App\Controllers\Exception" not found
[Method: POST, Route: netfilter/addData]
in APPPATH/Controllers/Netfilter.php on line 157.
 1 SYSTEMPATH/CodeIgniter.php(933): App\Controllers\Netfilter->addData()
 2 SYSTEMPATH/CodeIgniter.php(509): CodeIgniter\CodeIgniter->runController()
 3 SYSTEMPATH/CodeIgniter.php(355): CodeIgniter\CodeIgniter->handleRequest()
 4 SYSTEMPATH/Boot.php(312): CodeIgniter\CodeIgniter->run()
 5 SYSTEMPATH/Boot.php(67): CodeIgniter\Boot::runCodeIgniter()
 6 FCPATH/index.php(56): CodeIgniter\Boot::bootWeb()
 7 SYSTEMPATH/Commands/Server/rewrite.php(49): require_once('/home/mick/github/dhcp-iptables/codeigniter4/public/index.php')
CRITICAL - 2024-05-02 07:13:29 --> Error: Class "CodeIgniter\Config\Exceptions" not found
[Method: POST, Route: netfilter/addData]
in APPPATH/Controllers/Netfilter.php on line 157.
 1 SYSTEMPATH/CodeIgniter.php(933): App\Controllers\Netfilter->addData()
 2 SYSTEMPATH/CodeIgniter.php(509): CodeIgniter\CodeIgniter->runController()
 3 SYSTEMPATH/CodeIgniter.php(355): CodeIgniter\CodeIgniter->handleRequest()
 4 SYSTEMPATH/Boot.php(312): CodeIgniter\CodeIgniter->run()
 5 SYSTEMPATH/Boot.php(67): CodeIgniter\Boot::runCodeIgniter()
 6 FCPATH/index.php(56): CodeIgniter\Boot::bootWeb()
 7 SYSTEMPATH/Commands/Server/rewrite.php(49): require_once('/home/mick/github/dhcp-iptables/codeigniter4/public/index.php')
CRITICAL - 2024-05-02 07:13:42 --> Error: Class "App\Controllers\Exception" not found
[Method: POST, Route: netfilter/addData]
in APPPATH/Controllers/Netfilter.php on line 157.
 1 SYSTEMPATH/CodeIgniter.php(933): App\Controllers\Netfilter->addData()
 2 SYSTEMPATH/CodeIgniter.php(509): CodeIgniter\CodeIgniter->runController()
 3 SYSTEMPATH/CodeIgniter.php(355): CodeIgniter\CodeIgniter->handleRequest()
 4 SYSTEMPATH/Boot.php(312): CodeIgniter\CodeIgniter->run()
 5 SYSTEMPATH/Boot.php(67): CodeIgniter\Boot::runCodeIgniter()
 6 FCPATH/index.php(56): CodeIgniter\Boot::bootWeb()
 7 SYSTEMPATH/Commands/Server/rewrite.php(49): require_once('/home/mick/github/dhcp-iptables/codeigniter4/public/index.php')
CRITICAL - 2024-05-02 07:13:54 --> Error: Class "CodeIgniter\Config\Exceptions" not found
[Method: POST, Route: netfilter/addData]
in APPPATH/Controllers/Netfilter.php on line 157.
 1 SYSTEMPATH/CodeIgniter.php(933): App\Controllers\Netfilter->addData()
 2 SYSTEMPATH/CodeIgniter.php(509): CodeIgniter\CodeIgniter->runController()
 3 SYSTEMPATH/CodeIgniter.php(355): CodeIgniter\CodeIgniter->handleRequest()
 4 SYSTEMPATH/Boot.php(312): CodeIgniter\CodeIgniter->run()
 5 SYSTEMPATH/Boot.php(67): CodeIgniter\Boot::runCodeIgniter()
 6 FCPATH/index.php(56): CodeIgniter\Boot::bootWeb()
 7 SYSTEMPATH/Commands/Server/rewrite.php(49): require_once('/home/mick/github/dhcp-iptables/codeigniter4/public/index.php')
CRITICAL - 2024-05-02 07:25:42 --> Error: Class "CodeIgniter\Config\Exceptions\Exception" not found
[Method: POST, Route: netfilter/addData]
in APPPATH/Controllers/Netfilter.php on line 157.
 1 SYSTEMPATH/CodeIgniter.php(933): App\Controllers\Netfilter->addData()
 2 SYSTEMPATH/CodeIgniter.php(509): CodeIgniter\CodeIgniter->runController()
 3 SYSTEMPATH/CodeIgniter.php(355): CodeIgniter\CodeIgniter->handleRequest()
 4 SYSTEMPATH/Boot.php(312): CodeIgniter\CodeIgniter->run()
 5 SYSTEMPATH/Boot.php(67): CodeIgniter\Boot::runCodeIgniter()
 6 FCPATH/index.php(56): CodeIgniter\Boot::bootWeb()
 7 SYSTEMPATH/Commands/Server/rewrite.php(49): require_once('/home/mick/github/dhcp-iptables/codeigniter4/public/index.php')
CRITICAL - 2024-05-02 07:26:06 --> Error: Class "App\Controllers\Exception" not found
[Method: POST, Route: netfilter/addData]
in APPPATH/Controllers/Netfilter.php on line 157.
 1 SYSTEMPATH/CodeIgniter.php(933): App\Controllers\Netfilter->addData()
 2 SYSTEMPATH/CodeIgniter.php(509): CodeIgniter\CodeIgniter->runController()
 3 SYSTEMPATH/CodeIgniter.php(355): CodeIgniter\CodeIgniter->handleRequest()
 4 SYSTEMPATH/Boot.php(312): CodeIgniter\CodeIgniter->run()
 5 SYSTEMPATH/Boot.php(67): CodeIgniter\Boot::runCodeIgniter()
 6 FCPATH/index.php(56): CodeIgniter\Boot::bootWeb()
 7 SYSTEMPATH/Commands/Server/rewrite.php(49): require_once('/home/mick/github/dhcp-iptables/codeigniter4/public/index.php')
CRITICAL - 2024-05-02 07:28:27 --> Error: Class "CodeIgniter\Exceptions\Exception" not found
[Method: POST, Route: netfilter/addData]
in APPPATH/Controllers/Netfilter.php on line 157.
 1 SYSTEMPATH/CodeIgniter.php(933): App\Controllers\Netfilter->addData()
 2 SYSTEMPATH/CodeIgniter.php(509): CodeIgniter\CodeIgniter->runController()
 3 SYSTEMPATH/CodeIgniter.php(355): CodeIgniter\CodeIgniter->handleRequest()
 4 SYSTEMPATH/Boot.php(312): CodeIgniter\CodeIgniter->run()
 5 SYSTEMPATH/Boot.php(67): CodeIgniter\Boot::runCodeIgniter()
 6 FCPATH/index.php(56): CodeIgniter\Boot::bootWeb()
 7 SYSTEMPATH/Commands/Server/rewrite.php(49): require_once('/home/mick/github/dhcp-iptables/codeigniter4/public/index.php')
CRITICAL - 2024-05-02 07:30:37 --> Error: Class "App\Controllers\Exception" not found
[Method: POST, Route: netfilter/addData]
in APPPATH/Controllers/Netfilter.php on line 156.
 1 SYSTEMPATH/CodeIgniter.php(933): App\Controllers\Netfilter->addData()
 2 SYSTEMPATH/CodeIgniter.php(509): CodeIgniter\CodeIgniter->runController()
 3 SYSTEMPATH/CodeIgniter.php(355): CodeIgniter\CodeIgniter->handleRequest()
 4 SYSTEMPATH/Boot.php(312): CodeIgniter\CodeIgniter->run()
 5 SYSTEMPATH/Boot.php(67): CodeIgniter\Boot::runCodeIgniter()
 6 FCPATH/index.php(56): CodeIgniter\Boot::bootWeb()
 7 SYSTEMPATH/Commands/Server/rewrite.php(49): require_once('/home/mick/github/dhcp-iptables/codeigniter4/public/index.php')
CRITICAL - 2024-05-02 07:31:58 --> Error: Call to undefined function App\Controllers\isIP()
[Method: POST, Route: netfilter/addData]
in APPPATH/Controllers/Netfilter.php on line 159.
 1 SYSTEMPATH/CodeIgniter.php(933): App\Controllers\Netfilter->addData()
 2 SYSTEMPATH/CodeIgniter.php(509): CodeIgniter\CodeIgniter->runController()
 3 SYSTEMPATH/CodeIgniter.php(355): CodeIgniter\CodeIgniter->handleRequest()
 4 SYSTEMPATH/Boot.php(312): CodeIgniter\CodeIgniter->run()
 5 SYSTEMPATH/Boot.php(67): CodeIgniter\Boot::runCodeIgniter()
 6 FCPATH/index.php(56): CodeIgniter\Boot::bootWeb()
 7 SYSTEMPATH/Commands/Server/rewrite.php(49): require_once('/home/mick/github/dhcp-iptables/codeigniter4/public/index.php')
WARNING - 2024-05-02 08:41:39 --> [DEPRECATED] strlen(): Passing null to parameter #1 ($string) of type string is deprecated in APPPATH/Models/Net.php on line 198.
 1 APPPATH/Models/Net.php(198): strlen(null)
 2 APPPATH/Controllers/Dhcp.php(20): App\Models\Net->modifierSubnet(null, null, null, null)
 3 SYSTEMPATH/CodeIgniter.php(933): App\Controllers\Dhcp->globale()
 4 SYSTEMPATH/CodeIgniter.php(509): CodeIgniter\CodeIgniter->runController(Object(App\Controllers\Dhcp))
 5 SYSTEMPATH/CodeIgniter.php(355): CodeIgniter\CodeIgniter->handleRequest(null, Object(Config\Cache), false)
 6 SYSTEMPATH/Boot.php(312): CodeIgniter\CodeIgniter->run()
 7 SYSTEMPATH/Boot.php(67): CodeIgniter\Boot::runCodeIgniter(Object(CodeIgniter\CodeIgniter))
 8 FCPATH/index.php(56): CodeIgniter\Boot::bootWeb(Object(Config\Paths))
 9 SYSTEMPATH/Commands/Server/rewrite.php(49): require_once('/home/mick/github/dhcp-iptables/codeigniter4/public/index.php')
WARNING - 2024-05-02 08:41:49 --> [DEPRECATED] strcmp(): Passing null to parameter #1 ($string1) of type string is deprecated in APPPATH/Controllers/Dhcp.php on line 43.
 1 APPPATH/Controllers/Dhcp.php(43): strcmp(null, '')
 2 SYSTEMPATH/CodeIgniter.php(933): App\Controllers\Dhcp->specific()
 3 SYSTEMPATH/CodeIgniter.php(509): CodeIgniter\CodeIgniter->runController(Object(App\Controllers\Dhcp))
 4 SYSTEMPATH/CodeIgniter.php(355): CodeIgniter\CodeIgniter->handleRequest(null, Object(Config\Cache), false)
 5 SYSTEMPATH/Boot.php(312): CodeIgniter\CodeIgniter->run()
 6 SYSTEMPATH/Boot.php(67): CodeIgniter\Boot::runCodeIgniter(Object(CodeIgniter\CodeIgniter))
 7 FCPATH/index.php(56): CodeIgniter\Boot::bootWeb(Object(Config\Paths))
 8 SYSTEMPATH/Commands/Server/rewrite.php(49): require_once('/home/mick/github/dhcp-iptables/codeigniter4/public/index.php')
WARNING - 2024-05-02 08:41:52 --> [DEPRECATED] strlen(): Passing null to parameter #1 ($string) of type string is deprecated in APPPATH/Models/Net.php on line 198.
 1 APPPATH/Models/Net.php(198): strlen(null)
 2 APPPATH/Controllers/Dhcp.php(20): App\Models\Net->modifierSubnet(null, null, null, null)
 3 SYSTEMPATH/CodeIgniter.php(933): App\Controllers\Dhcp->globale()
 4 SYSTEMPATH/CodeIgniter.php(509): CodeIgniter\CodeIgniter->runController(Object(App\Controllers\Dhcp))
 5 SYSTEMPATH/CodeIgniter.php(355): CodeIgniter\CodeIgniter->handleRequest(null, Object(Config\Cache), false)
 6 SYSTEMPATH/Boot.php(312): CodeIgniter\CodeIgniter->run()
 7 SYSTEMPATH/Boot.php(67): CodeIgniter\Boot::runCodeIgniter(Object(CodeIgniter\CodeIgniter))
 8 FCPATH/index.php(56): CodeIgniter\Boot::bootWeb(Object(Config\Paths))
 9 SYSTEMPATH/Commands/Server/rewrite.php(49): require_once('/home/mick/github/dhcp-iptables/codeigniter4/public/index.php')
WARNING - 2024-05-02 08:42:08 --> [DEPRECATED] strcmp(): Passing null to parameter #1 ($string1) of type string is deprecated in APPPATH/Controllers/Dhcp.php on line 43.
 1 APPPATH/Controllers/Dhcp.php(43): strcmp(null, '')
 2 SYSTEMPATH/CodeIgniter.php(933): App\Controllers\Dhcp->specific()
 3 SYSTEMPATH/CodeIgniter.php(509): CodeIgniter\CodeIgniter->runController(Object(App\Controllers\Dhcp))
 4 SYSTEMPATH/CodeIgniter.php(355): CodeIgniter\CodeIgniter->handleRequest(null, Object(Config\Cache), false)
 5 SYSTEMPATH/Boot.php(312): CodeIgniter\CodeIgniter->run()
 6 SYSTEMPATH/Boot.php(67): CodeIgniter\Boot::runCodeIgniter(Object(CodeIgniter\CodeIgniter))
 7 FCPATH/index.php(56): CodeIgniter\Boot::bootWeb(Object(Config\Paths))
 8 SYSTEMPATH/Commands/Server/rewrite.php(49): require_once('/home/mick/github/dhcp-iptables/codeigniter4/public/index.php')
WARNING - 2024-05-02 08:42:19 --> [DEPRECATED] strlen(): Passing null to parameter #1 ($string) of type string is deprecated in APPPATH/Models/Net.php on line 198.
 1 APPPATH/Models/Net.php(198): strlen(null)
 2 APPPATH/Controllers/Dhcp.php(20): App\Models\Net->modifierSubnet(null, null, null, null)
 3 SYSTEMPATH/CodeIgniter.php(933): App\Controllers\Dhcp->globale()
 4 SYSTEMPATH/CodeIgniter.php(509): CodeIgniter\CodeIgniter->runController(Object(App\Controllers\Dhcp))
 5 SYSTEMPATH/CodeIgniter.php(355): CodeIgniter\CodeIgniter->handleRequest(null, Object(Config\Cache), false)
 6 SYSTEMPATH/Boot.php(312): CodeIgniter\CodeIgniter->run()
 7 SYSTEMPATH/Boot.php(67): CodeIgniter\Boot::runCodeIgniter(Object(CodeIgniter\CodeIgniter))
 8 FCPATH/index.php(56): CodeIgniter\Boot::bootWeb(Object(Config\Paths))
 9 SYSTEMPATH/Commands/Server/rewrite.php(49): require_once('/home/mick/github/dhcp-iptables/codeigniter4/public/index.php')
WARNING - 2024-05-02 08:42:19 --> [DEPRECATED] strcmp(): Passing null to parameter #1 ($string1) of type string is deprecated in APPPATH/Controllers/Dhcp.php on line 43.
 1 APPPATH/Controllers/Dhcp.php(43): strcmp(null, '')
 2 SYSTEMPATH/CodeIgniter.php(933): App\Controllers\Dhcp->specific()
 3 SYSTEMPATH/CodeIgniter.php(509): CodeIgniter\CodeIgniter->runController(Object(App\Controllers\Dhcp))
 4 SYSTEMPATH/CodeIgniter.php(355): CodeIgniter\CodeIgniter->handleRequest(null, Object(Config\Cache), false)
 5 SYSTEMPATH/Boot.php(312): CodeIgniter\CodeIgniter->run()
 6 SYSTEMPATH/Boot.php(67): CodeIgniter\Boot::runCodeIgniter(Object(CodeIgniter\CodeIgniter))
 7 FCPATH/index.php(56): CodeIgniter\Boot::bootWeb(Object(Config\Paths))
 8 SYSTEMPATH/Commands/Server/rewrite.php(49): require_once('/home/mick/github/dhcp-iptables/codeigniter4/public/index.php')
WARNING - 2024-05-02 08:42:20 --> [DEPRECATED] strlen(): Passing null to parameter #1 ($string) of type string is deprecated in APPPATH/Models/Net.php on line 198.
 1 APPPATH/Models/Net.php(198): strlen(null)
 2 APPPATH/Controllers/Dhcp.php(20): App\Models\Net->modifierSubnet(null, null, null, null)
 3 SYSTEMPATH/CodeIgniter.php(933): App\Controllers\Dhcp->globale()
 4 SYSTEMPATH/CodeIgniter.php(509): CodeIgniter\CodeIgniter->runController(Object(App\Controllers\Dhcp))
 5 SYSTEMPATH/CodeIgniter.php(355): CodeIgniter\CodeIgniter->handleRequest(null, Object(Config\Cache), false)
 6 SYSTEMPATH/Boot.php(312): CodeIgniter\CodeIgniter->run()
 7 SYSTEMPATH/Boot.php(67): CodeIgniter\Boot::runCodeIgniter(Object(CodeIgniter\CodeIgniter))
 8 FCPATH/index.php(56): CodeIgniter\Boot::bootWeb(Object(Config\Paths))
 9 SYSTEMPATH/Commands/Server/rewrite.php(49): require_once('/home/mick/github/dhcp-iptables/codeigniter4/public/index.php')
CRITICAL - 2024-05-02 13:34:14 --> CodeIgniter\View\Exceptions\ViewException: Invalid file: "netfilter_police.php"
[Method: GET, Route: netfilter/police]
in SYSTEMPATH/Exceptions/FrameworkException.php on line 41.
 1 SYSTEMPATH/View/View.php(222): CodeIgniter\Exceptions\FrameworkException::forInvalidFile()
 2 SYSTEMPATH/Common.php(1171): CodeIgniter\View\View->render()
 3 APPPATH/Controllers/Netfilter.php(62): view()
 4 SYSTEMPATH/CodeIgniter.php(933): App\Controllers\Netfilter->police()
 5 SYSTEMPATH/CodeIgniter.php(509): CodeIgniter\CodeIgniter->runController()
 6 SYSTEMPATH/CodeIgniter.php(355): CodeIgniter\CodeIgniter->handleRequest()
 7 SYSTEMPATH/Boot.php(312): CodeIgniter\CodeIgniter->run()
 8 SYSTEMPATH/Boot.php(67): CodeIgniter\Boot::runCodeIgniter()
 9 FCPATH/index.php(56): CodeIgniter\Boot::bootWeb()
10 SYSTEMPATH/Commands/Server/rewrite.php(49): require_once('/home/mick/github/dhcp-iptables/codeigniter4/public/index.php')
