CRITICAL - 2024-05-03 04:30:50 --> Error: Undefined constant "App\Models\i"
[Method: GET, Route: netfilter/list]
in APPPATH/Models/Iptables.php on line 76.
 1 APPPATH/Controllers/Netfilter.php(36): App\Models\Iptables->get_table_csv()
 2 SYSTEMPATH/CodeIgniter.php(933): App\Controllers\Netfilter->list()
 3 SYSTEMPATH/CodeIgniter.php(509): CodeIgniter\CodeIgniter->runController()
 4 SYSTEMPATH/CodeIgniter.php(355): CodeIgniter\CodeIgniter->handleRequest()
 5 SYSTEMPATH/Boot.php(312): CodeIgniter\CodeIgniter->run()
 6 SYSTEMPATH/Boot.php(67): CodeIgniter\Boot::runCodeIgniter()
 7 FCPATH/index.php(56): CodeIgniter\Boot::bootWeb()
CRITICAL - 2024-05-03 04:30:51 --> Error: Undefined constant "App\Models\i"
[Method: GET, Route: netfilter/list]
in APPPATH/Models/Iptables.php on line 76.
 1 APPPATH/Controllers/Netfilter.php(36): App\Models\Iptables->get_table_csv()
 2 SYSTEMPATH/CodeIgniter.php(933): App\Controllers\Netfilter->list()
 3 SYSTEMPATH/CodeIgniter.php(509): CodeIgniter\CodeIgniter->runController()
 4 SYSTEMPATH/CodeIgniter.php(355): CodeIgniter\CodeIgniter->handleRequest()
 5 SYSTEMPATH/Boot.php(312): CodeIgniter\CodeIgniter->run()
 6 SYSTEMPATH/Boot.php(67): CodeIgniter\Boot::runCodeIgniter()
 7 FCPATH/index.php(56): CodeIgniter\Boot::bootWeb()
CRITICAL - 2024-05-03 04:32:34 --> ErrorException: fopen(/etc/dhcp/dhcpd.conf): Failed to open stream: Permission denied
[Method: GET, Route: globale]
in APPPATH/Models/Net.php on line 254.
 1 [internal function]: CodeIgniter\Debug\Exceptions->errorHandler()
 2 APPPATH/Models/Net.php(254): fopen()
 3 APPPATH/Models/Net.php(178): App\Models\Net->addSubnet()
 4 APPPATH/Controllers/Dhcp.php(19): App\Models\Net->modifierSubnet()
 5 SYSTEMPATH/CodeIgniter.php(933): App\Controllers\Dhcp->globale()
 6 SYSTEMPATH/CodeIgniter.php(509): CodeIgniter\CodeIgniter->runController()
 7 SYSTEMPATH/CodeIgniter.php(355): CodeIgniter\CodeIgniter->handleRequest()
 8 SYSTEMPATH/Boot.php(312): CodeIgniter\CodeIgniter->run()
 9 SYSTEMPATH/Boot.php(67): CodeIgniter\Boot::runCodeIgniter()
10 FCPATH/index.php(56): CodeIgniter\Boot::bootWeb()
CRITICAL - 2024-05-03 04:37:52 --> ErrorException: Undefined array key 1
[Method: GET, Route: netfilter/list]
in APPPATH/Views/netfilter_list.php on line 88.
 1 APPPATH/Views/netfilter_list.php(88): CodeIgniter\Debug\Exceptions->errorHandler()
 2 SYSTEMPATH/View/View.php(234): include('/home/njiva/git/dhcp-iptables/codeigniter4/app/Views/netfilter_list.php')
 3 SYSTEMPATH/View/View.php(237): CodeIgniter\View\View->CodeIgniter\View\{closure}()
 4 SYSTEMPATH/Common.php(1171): CodeIgniter\View\View->render()
 5 APPPATH/Controllers/Netfilter.php(40): view()
 6 SYSTEMPATH/CodeIgniter.php(933): App\Controllers\Netfilter->list()
 7 SYSTEMPATH/CodeIgniter.php(509): CodeIgniter\CodeIgniter->runController()
 8 SYSTEMPATH/CodeIgniter.php(355): CodeIgniter\CodeIgniter->handleRequest()
 9 SYSTEMPATH/Boot.php(312): CodeIgniter\CodeIgniter->run()
10 SYSTEMPATH/Boot.php(67): CodeIgniter\Boot::runCodeIgniter()
11 FCPATH/index.php(56): CodeIgniter\Boot::bootWeb()
CRITICAL - 2024-05-03 04:37:52 --> ErrorException: Undefined array key 1
[Method: GET, Route: netfilter/list]
in APPPATH/Views/netfilter_list.php on line 88.
 1 APPPATH/Views/netfilter_list.php(88): CodeIgniter\Debug\Exceptions->errorHandler()
 2 SYSTEMPATH/View/View.php(234): include('/home/njiva/git/dhcp-iptables/codeigniter4/app/Views/netfilter_list.php')
 3 SYSTEMPATH/View/View.php(237): CodeIgniter\View\View->CodeIgniter\View\{closure}()
 4 SYSTEMPATH/Common.php(1171): CodeIgniter\View\View->render()
 5 APPPATH/Controllers/Netfilter.php(40): view()
 6 SYSTEMPATH/CodeIgniter.php(933): App\Controllers\Netfilter->list()
 7 SYSTEMPATH/CodeIgniter.php(509): CodeIgniter\CodeIgniter->runController()
 8 SYSTEMPATH/CodeIgniter.php(355): CodeIgniter\CodeIgniter->handleRequest()
 9 SYSTEMPATH/Boot.php(312): CodeIgniter\CodeIgniter->run()
10 SYSTEMPATH/Boot.php(67): CodeIgniter\Boot::runCodeIgniter()
11 FCPATH/index.php(56): CodeIgniter\Boot::bootWeb()
CRITICAL - 2024-05-03 04:38:23 --> ErrorException: file(iptables.txt): Failed to open stream: No such file or directory
[Method: GET, Route: netfilter/list]
in APPPATH/Models/Iptables.php on line 32.
 1 [internal function]: CodeIgniter\Debug\Exceptions->errorHandler()
 2 APPPATH/Models/Iptables.php(32): file()
 3 APPPATH/Models/Iptables.php(64): App\Models\Iptables->do_table_csv()
 4 APPPATH/Controllers/Netfilter.php(36): App\Models\Iptables->get_table_csv()
 5 SYSTEMPATH/CodeIgniter.php(933): App\Controllers\Netfilter->list()
 6 SYSTEMPATH/CodeIgniter.php(509): CodeIgniter\CodeIgniter->runController()
 7 SYSTEMPATH/CodeIgniter.php(355): CodeIgniter\CodeIgniter->handleRequest()
 8 SYSTEMPATH/Boot.php(312): CodeIgniter\CodeIgniter->run()
 9 SYSTEMPATH/Boot.php(67): CodeIgniter\Boot::runCodeIgniter()
10 FCPATH/index.php(56): CodeIgniter\Boot::bootWeb()
CRITICAL - 2024-05-03 08:23:43 --> ErrorException: Trying to access array offset on null
[Method: GET, Route: globale]
in APPPATH/Views/globale.php on line 51.
 1 APPPATH/Views/globale.php(51): CodeIgniter\Debug\Exceptions->errorHandler()
 2 SYSTEMPATH/View/View.php(234): include('/home/njiva/git/dhcp-iptables/codeigniter4/app/Views/globale.php')
 3 SYSTEMPATH/View/View.php(237): CodeIgniter\View\View->CodeIgniter\View\{closure}()
 4 SYSTEMPATH/Common.php(1171): CodeIgniter\View\View->render()
 5 APPPATH/Controllers/Dhcp.php(21): view()
 6 SYSTEMPATH/CodeIgniter.php(933): App\Controllers\Dhcp->globale()
 7 SYSTEMPATH/CodeIgniter.php(509): CodeIgniter\CodeIgniter->runController()
 8 SYSTEMPATH/CodeIgniter.php(355): CodeIgniter\CodeIgniter->handleRequest()
 9 SYSTEMPATH/Boot.php(312): CodeIgniter\CodeIgniter->run()
10 SYSTEMPATH/Boot.php(67): CodeIgniter\Boot::runCodeIgniter()
11 FCPATH/index.php(56): CodeIgniter\Boot::bootWeb()
CRITICAL - 2024-05-03 08:24:02 --> ErrorException: Array to string conversion
[Method: GET, Route: specific]
in APPPATH/Views/specific.php on line 86.
 1 APPPATH/Views/specific.php(86): CodeIgniter\Debug\Exceptions->errorHandler()
 2 SYSTEMPATH/View/View.php(234): include('/home/njiva/git/dhcp-iptables/codeigniter4/app/Views/specific.php')
 3 SYSTEMPATH/View/View.php(237): CodeIgniter\View\View->CodeIgniter\View\{closure}()
 4 SYSTEMPATH/Common.php(1171): CodeIgniter\View\View->render()
 5 APPPATH/Controllers/Dhcp.php(75): view()
 6 SYSTEMPATH/CodeIgniter.php(933): App\Controllers\Dhcp->specific()
 7 SYSTEMPATH/CodeIgniter.php(509): CodeIgniter\CodeIgniter->runController()
 8 SYSTEMPATH/CodeIgniter.php(355): CodeIgniter\CodeIgniter->handleRequest()
 9 SYSTEMPATH/Boot.php(312): CodeIgniter\CodeIgniter->run()
10 SYSTEMPATH/Boot.php(67): CodeIgniter\Boot::runCodeIgniter()
11 FCPATH/index.php(56): CodeIgniter\Boot::bootWeb()
CRITICAL - 2024-05-03 08:51:39 --> ErrorException: include(/home/njiva/git/dhcp-iptables/codeigniter4/app/Views/netfilter_police.php): Failed to open stream: Permission denied
[Method: GET, Route: netfilter/police]
in SYSTEMPATH/View/View.php on line 234.
 1 SYSTEMPATH/View/View.php(234): CodeIgniter\Debug\Exceptions->errorHandler()
 2 SYSTEMPATH/View/View.php(234): include()
 3 SYSTEMPATH/View/View.php(237): CodeIgniter\View\View->CodeIgniter\View\{closure}()
 4 SYSTEMPATH/Common.php(1171): CodeIgniter\View\View->render()
 5 APPPATH/Controllers/Netfilter.php(62): view()
 6 SYSTEMPATH/CodeIgniter.php(933): App\Controllers\Netfilter->police()
 7 SYSTEMPATH/CodeIgniter.php(509): CodeIgniter\CodeIgniter->runController()
 8 SYSTEMPATH/CodeIgniter.php(355): CodeIgniter\CodeIgniter->handleRequest()
 9 SYSTEMPATH/Boot.php(312): CodeIgniter\CodeIgniter->run()
10 SYSTEMPATH/Boot.php(67): CodeIgniter\Boot::runCodeIgniter()
11 FCPATH/index.php(56): CodeIgniter\Boot::bootWeb()
WARNING - 2024-05-03 08:52:39 --> [DEPRECATED] strlen(): Passing null to parameter #1 ($string) of type string is deprecated in APPPATH/Models/Net.php on line 211.
 1 APPPATH/Models/Net.php(211): strlen(null)
 2 APPPATH/Controllers/Dhcp.php(19): App\Models\Net->modifierSubnet(null, null, null, null)
 3 SYSTEMPATH/CodeIgniter.php(933): App\Controllers\Dhcp->globale()
 4 SYSTEMPATH/CodeIgniter.php(509): CodeIgniter\CodeIgniter->runController(Object(App\Controllers\Dhcp))
 5 SYSTEMPATH/CodeIgniter.php(355): CodeIgniter\CodeIgniter->handleRequest(null, Object(Config\Cache), false)
 6 SYSTEMPATH/Boot.php(312): CodeIgniter\CodeIgniter->run()
 7 SYSTEMPATH/Boot.php(67): CodeIgniter\Boot::runCodeIgniter(Object(CodeIgniter\CodeIgniter))
 8 FCPATH/index.php(56): CodeIgniter\Boot::bootWeb(Object(Config\Paths))
 9 SYSTEMPATH/Commands/Server/rewrite.php(49): require_once('/home/njiva/git/dhcp-iptables/codeigniter4/public/index.php')
