CRITICAL - 2024-04-29 10:14:21 --> Error: Class "App\Controllers\Net" not found
[Method: GET, Route: /]
in APPPATH/Controllers/Home.php on line 13.
 1 SYSTEMPATH/CodeIgniter.php(933): App\Controllers\Home->subnet()
 2 SYSTEMPATH/CodeIgniter.php(509): CodeIgniter\CodeIgniter->runController()
 3 SYSTEMPATH/CodeIgniter.php(355): CodeIgniter\CodeIgniter->handleRequest()
 4 SYSTEMPATH/Boot.php(312): CodeIgniter\CodeIgniter->run()
 5 SYSTEMPATH/Boot.php(67): CodeIgniter\Boot::runCodeIgniter()
 6 FCPATH/index.php(56): CodeIgniter\Boot::bootWeb()
 7 SYSTEMPATH/Commands/Server/rewrite.php(49): require_once('/home/mit/server/public/index.php')
CRITICAL - 2024-04-29 10:14:22 --> Error: Class "App\Controllers\Net" not found
[Method: GET, Route: /]
in APPPATH/Controllers/Home.php on line 13.
 1 SYSTEMPATH/CodeIgniter.php(933): App\Controllers\Home->subnet()
 2 SYSTEMPATH/CodeIgniter.php(509): CodeIgniter\CodeIgniter->runController()
 3 SYSTEMPATH/CodeIgniter.php(355): CodeIgniter\CodeIgniter->handleRequest()
 4 SYSTEMPATH/Boot.php(312): CodeIgniter\CodeIgniter->run()
 5 SYSTEMPATH/Boot.php(67): CodeIgniter\Boot::runCodeIgniter()
 6 FCPATH/index.php(56): CodeIgniter\Boot::bootWeb()
 7 SYSTEMPATH/Commands/Server/rewrite.php(49): require_once('/home/mit/server/public/index.php')
CRITICAL - 2024-04-29 10:14:48 --> TypeError: Cannot access offset of type string on string
[Method: GET, Route: /]
in APPPATH/Views/subnet.php on line 11.
 1 SYSTEMPATH/View/View.php(234): include()
 2 SYSTEMPATH/View/View.php(237): CodeIgniter\View\View->CodeIgniter\View\{closure}()
 3 SYSTEMPATH/Common.php(1171): CodeIgniter\View\View->render()
 4 APPPATH/Controllers/Home.php(15): view()
 5 SYSTEMPATH/CodeIgniter.php(933): App\Controllers\Home->subnet()
 6 SYSTEMPATH/CodeIgniter.php(509): CodeIgniter\CodeIgniter->runController()
 7 SYSTEMPATH/CodeIgniter.php(355): CodeIgniter\CodeIgniter->handleRequest()
 8 SYSTEMPATH/Boot.php(312): CodeIgniter\CodeIgniter->run()
 9 SYSTEMPATH/Boot.php(67): CodeIgniter\Boot::runCodeIgniter()
10 FCPATH/index.php(56): CodeIgniter\Boot::bootWeb()
11 SYSTEMPATH/Commands/Server/rewrite.php(49): require_once('/home/mit/server/public/index.php')
CRITICAL - 2024-04-29 10:14:49 --> TypeError: Cannot access offset of type string on string
[Method: GET, Route: /]
in APPPATH/Views/subnet.php on line 11.
 1 SYSTEMPATH/View/View.php(234): include()
 2 SYSTEMPATH/View/View.php(237): CodeIgniter\View\View->CodeIgniter\View\{closure}()
 3 SYSTEMPATH/Common.php(1171): CodeIgniter\View\View->render()
 4 APPPATH/Controllers/Home.php(15): view()
 5 SYSTEMPATH/CodeIgniter.php(933): App\Controllers\Home->subnet()
 6 SYSTEMPATH/CodeIgniter.php(509): CodeIgniter\CodeIgniter->runController()
 7 SYSTEMPATH/CodeIgniter.php(355): CodeIgniter\CodeIgniter->handleRequest()
 8 SYSTEMPATH/Boot.php(312): CodeIgniter\CodeIgniter->run()
 9 SYSTEMPATH/Boot.php(67): CodeIgniter\Boot::runCodeIgniter()
10 FCPATH/index.php(56): CodeIgniter\Boot::bootWeb()
11 SYSTEMPATH/Commands/Server/rewrite.php(49): require_once('/home/mit/server/public/index.php')
CRITICAL - 2024-04-29 10:15:05 --> TypeError: Cannot access offset of type string on string
[Method: GET, Route: /]
in APPPATH/Views/subnet.php on line 11.
 1 SYSTEMPATH/View/View.php(234): include()
 2 SYSTEMPATH/View/View.php(237): CodeIgniter\View\View->CodeIgniter\View\{closure}()
 3 SYSTEMPATH/Common.php(1171): CodeIgniter\View\View->render()
 4 APPPATH/Controllers/Home.php(15): view()
 5 SYSTEMPATH/CodeIgniter.php(933): App\Controllers\Home->subnet()
 6 SYSTEMPATH/CodeIgniter.php(509): CodeIgniter\CodeIgniter->runController()
 7 SYSTEMPATH/CodeIgniter.php(355): CodeIgniter\CodeIgniter->handleRequest()
 8 SYSTEMPATH/Boot.php(312): CodeIgniter\CodeIgniter->run()
 9 SYSTEMPATH/Boot.php(67): CodeIgniter\Boot::runCodeIgniter()
10 FCPATH/index.php(56): CodeIgniter\Boot::bootWeb()
11 SYSTEMPATH/Commands/Server/rewrite.php(49): require_once('/home/mit/server/public/index.php')
CRITICAL - 2024-04-29 10:15:06 --> TypeError: Cannot access offset of type string on string
[Method: GET, Route: /]
in APPPATH/Views/subnet.php on line 11.
 1 SYSTEMPATH/View/View.php(234): include()
 2 SYSTEMPATH/View/View.php(237): CodeIgniter\View\View->CodeIgniter\View\{closure}()
 3 SYSTEMPATH/Common.php(1171): CodeIgniter\View\View->render()
 4 APPPATH/Controllers/Home.php(15): view()
 5 SYSTEMPATH/CodeIgniter.php(933): App\Controllers\Home->subnet()
 6 SYSTEMPATH/CodeIgniter.php(509): CodeIgniter\CodeIgniter->runController()
 7 SYSTEMPATH/CodeIgniter.php(355): CodeIgniter\CodeIgniter->handleRequest()
 8 SYSTEMPATH/Boot.php(312): CodeIgniter\CodeIgniter->run()
 9 SYSTEMPATH/Boot.php(67): CodeIgniter\Boot::runCodeIgniter()
10 FCPATH/index.php(56): CodeIgniter\Boot::bootWeb()
11 SYSTEMPATH/Commands/Server/rewrite.php(49): require_once('/home/mit/server/public/index.php')
CRITICAL - 2024-04-29 10:16:15 --> TypeError: Cannot access offset of type string on string
[Method: GET, Route: /]
in APPPATH/Views/subnet.php on line 11.
 1 SYSTEMPATH/View/View.php(234): include()
 2 SYSTEMPATH/View/View.php(237): CodeIgniter\View\View->CodeIgniter\View\{closure}()
 3 SYSTEMPATH/Common.php(1171): CodeIgniter\View\View->render()
 4 APPPATH/Controllers/Home.php(15): view()
 5 SYSTEMPATH/CodeIgniter.php(933): App\Controllers\Home->subnet()
 6 SYSTEMPATH/CodeIgniter.php(509): CodeIgniter\CodeIgniter->runController()
 7 SYSTEMPATH/CodeIgniter.php(355): CodeIgniter\CodeIgniter->handleRequest()
 8 SYSTEMPATH/Boot.php(312): CodeIgniter\CodeIgniter->run()
 9 SYSTEMPATH/Boot.php(67): CodeIgniter\Boot::runCodeIgniter()
10 FCPATH/index.php(56): CodeIgniter\Boot::bootWeb()
11 SYSTEMPATH/Commands/Server/rewrite.php(49): require_once('/home/mit/server/public/index.php')
CRITICAL - 2024-04-29 10:16:15 --> TypeError: Cannot access offset of type string on string
[Method: GET, Route: /]
in APPPATH/Views/subnet.php on line 11.
 1 SYSTEMPATH/View/View.php(234): include()
 2 SYSTEMPATH/View/View.php(237): CodeIgniter\View\View->CodeIgniter\View\{closure}()
 3 SYSTEMPATH/Common.php(1171): CodeIgniter\View\View->render()
 4 APPPATH/Controllers/Home.php(15): view()
 5 SYSTEMPATH/CodeIgniter.php(933): App\Controllers\Home->subnet()
 6 SYSTEMPATH/CodeIgniter.php(509): CodeIgniter\CodeIgniter->runController()
 7 SYSTEMPATH/CodeIgniter.php(355): CodeIgniter\CodeIgniter->handleRequest()
 8 SYSTEMPATH/Boot.php(312): CodeIgniter\CodeIgniter->run()
 9 SYSTEMPATH/Boot.php(67): CodeIgniter\Boot::runCodeIgniter()
10 FCPATH/index.php(56): CodeIgniter\Boot::bootWeb()
11 SYSTEMPATH/Commands/Server/rewrite.php(49): require_once('/home/mit/server/public/index.php')
CRITICAL - 2024-04-29 10:16:46 --> TypeError: Cannot access offset of type string on string
[Method: GET, Route: /]
in APPPATH/Views/subnet.php on line 11.
 1 SYSTEMPATH/View/View.php(234): include()
 2 SYSTEMPATH/View/View.php(237): CodeIgniter\View\View->CodeIgniter\View\{closure}()
 3 SYSTEMPATH/Common.php(1171): CodeIgniter\View\View->render()
 4 APPPATH/Controllers/Home.php(15): view()
 5 SYSTEMPATH/CodeIgniter.php(933): App\Controllers\Home->subnet()
 6 SYSTEMPATH/CodeIgniter.php(509): CodeIgniter\CodeIgniter->runController()
 7 SYSTEMPATH/CodeIgniter.php(355): CodeIgniter\CodeIgniter->handleRequest()
 8 SYSTEMPATH/Boot.php(312): CodeIgniter\CodeIgniter->run()
 9 SYSTEMPATH/Boot.php(67): CodeIgniter\Boot::runCodeIgniter()
10 FCPATH/index.php(56): CodeIgniter\Boot::bootWeb()
11 SYSTEMPATH/Commands/Server/rewrite.php(49): require_once('/home/mit/server/public/index.php')
CRITICAL - 2024-04-29 10:16:46 --> TypeError: Cannot access offset of type string on string
[Method: GET, Route: /]
in APPPATH/Views/subnet.php on line 11.
 1 SYSTEMPATH/View/View.php(234): include()
 2 SYSTEMPATH/View/View.php(237): CodeIgniter\View\View->CodeIgniter\View\{closure}()
 3 SYSTEMPATH/Common.php(1171): CodeIgniter\View\View->render()
 4 APPPATH/Controllers/Home.php(15): view()
 5 SYSTEMPATH/CodeIgniter.php(933): App\Controllers\Home->subnet()
 6 SYSTEMPATH/CodeIgniter.php(509): CodeIgniter\CodeIgniter->runController()
 7 SYSTEMPATH/CodeIgniter.php(355): CodeIgniter\CodeIgniter->handleRequest()
 8 SYSTEMPATH/Boot.php(312): CodeIgniter\CodeIgniter->run()
 9 SYSTEMPATH/Boot.php(67): CodeIgniter\Boot::runCodeIgniter()
10 FCPATH/index.php(56): CodeIgniter\Boot::bootWeb()
11 SYSTEMPATH/Commands/Server/rewrite.php(49): require_once('/home/mit/server/public/index.php')
CRITICAL - 2024-04-29 10:17:07 --> ErrorException: Array to string conversion
[Method: GET, Route: /]
in APPPATH/Views/subnet.php on line 12.
 1 APPPATH/Views/subnet.php(12): CodeIgniter\Debug\Exceptions->errorHandler()
 2 SYSTEMPATH/View/View.php(234): include('/home/mit/server/app/Views/subnet.php')
 3 SYSTEMPATH/View/View.php(237): CodeIgniter\View\View->CodeIgniter\View\{closure}()
 4 SYSTEMPATH/Common.php(1171): CodeIgniter\View\View->render()
 5 APPPATH/Controllers/Home.php(15): view()
 6 SYSTEMPATH/CodeIgniter.php(933): App\Controllers\Home->subnet()
 7 SYSTEMPATH/CodeIgniter.php(509): CodeIgniter\CodeIgniter->runController()
 8 SYSTEMPATH/CodeIgniter.php(355): CodeIgniter\CodeIgniter->handleRequest()
 9 SYSTEMPATH/Boot.php(312): CodeIgniter\CodeIgniter->run()
10 SYSTEMPATH/Boot.php(67): CodeIgniter\Boot::runCodeIgniter()
11 FCPATH/index.php(56): CodeIgniter\Boot::bootWeb()
12 SYSTEMPATH/Commands/Server/rewrite.php(49): require_once('/home/mit/server/public/index.php')
CRITICAL - 2024-04-29 10:17:08 --> ErrorException: Array to string conversion
[Method: GET, Route: /]
in APPPATH/Views/subnet.php on line 12.
 1 APPPATH/Views/subnet.php(12): CodeIgniter\Debug\Exceptions->errorHandler()
 2 SYSTEMPATH/View/View.php(234): include('/home/mit/server/app/Views/subnet.php')
 3 SYSTEMPATH/View/View.php(237): CodeIgniter\View\View->CodeIgniter\View\{closure}()
 4 SYSTEMPATH/Common.php(1171): CodeIgniter\View\View->render()
 5 APPPATH/Controllers/Home.php(15): view()
 6 SYSTEMPATH/CodeIgniter.php(933): App\Controllers\Home->subnet()
 7 SYSTEMPATH/CodeIgniter.php(509): CodeIgniter\CodeIgniter->runController()
 8 SYSTEMPATH/CodeIgniter.php(355): CodeIgniter\CodeIgniter->handleRequest()
 9 SYSTEMPATH/Boot.php(312): CodeIgniter\CodeIgniter->run()
10 SYSTEMPATH/Boot.php(67): CodeIgniter\Boot::runCodeIgniter()
11 FCPATH/index.php(56): CodeIgniter\Boot::bootWeb()
12 SYSTEMPATH/Commands/Server/rewrite.php(49): require_once('/home/mit/server/public/index.php')
CRITICAL - 2024-04-29 10:17:19 --> ErrorException: Undefined array key 0
[Method: GET, Route: /]
in APPPATH/Views/subnet.php on line 12.
 1 APPPATH/Views/subnet.php(12): CodeIgniter\Debug\Exceptions->errorHandler()
 2 SYSTEMPATH/View/View.php(234): include('/home/mit/server/app/Views/subnet.php')
 3 SYSTEMPATH/View/View.php(237): CodeIgniter\View\View->CodeIgniter\View\{closure}()
 4 SYSTEMPATH/Common.php(1171): CodeIgniter\View\View->render()
 5 APPPATH/Controllers/Home.php(15): view()
 6 SYSTEMPATH/CodeIgniter.php(933): App\Controllers\Home->subnet()
 7 SYSTEMPATH/CodeIgniter.php(509): CodeIgniter\CodeIgniter->runController()
 8 SYSTEMPATH/CodeIgniter.php(355): CodeIgniter\CodeIgniter->handleRequest()
 9 SYSTEMPATH/Boot.php(312): CodeIgniter\CodeIgniter->run()
10 SYSTEMPATH/Boot.php(67): CodeIgniter\Boot::runCodeIgniter()
11 FCPATH/index.php(56): CodeIgniter\Boot::bootWeb()
12 SYSTEMPATH/Commands/Server/rewrite.php(49): require_once('/home/mit/server/public/index.php')
CRITICAL - 2024-04-29 10:17:20 --> ErrorException: Undefined array key 0
[Method: GET, Route: /]
in APPPATH/Views/subnet.php on line 12.
 1 APPPATH/Views/subnet.php(12): CodeIgniter\Debug\Exceptions->errorHandler()
 2 SYSTEMPATH/View/View.php(234): include('/home/mit/server/app/Views/subnet.php')
 3 SYSTEMPATH/View/View.php(237): CodeIgniter\View\View->CodeIgniter\View\{closure}()
 4 SYSTEMPATH/Common.php(1171): CodeIgniter\View\View->render()
 5 APPPATH/Controllers/Home.php(15): view()
 6 SYSTEMPATH/CodeIgniter.php(933): App\Controllers\Home->subnet()
 7 SYSTEMPATH/CodeIgniter.php(509): CodeIgniter\CodeIgniter->runController()
 8 SYSTEMPATH/CodeIgniter.php(355): CodeIgniter\CodeIgniter->handleRequest()
 9 SYSTEMPATH/Boot.php(312): CodeIgniter\CodeIgniter->run()
10 SYSTEMPATH/Boot.php(67): CodeIgniter\Boot::runCodeIgniter()
11 FCPATH/index.php(56): CodeIgniter\Boot::bootWeb()
12 SYSTEMPATH/Commands/Server/rewrite.php(49): require_once('/home/mit/server/public/index.php')
CRITICAL - 2024-04-29 10:26:41 --> Error: Class "App\Controllers\Net" not found
[Method: GET, Route: globale]
in APPPATH/Controllers/Dhcp.php on line 14.
 1 SYSTEMPATH/CodeIgniter.php(933): App\Controllers\Dhcp->globale()
 2 SYSTEMPATH/CodeIgniter.php(509): CodeIgniter\CodeIgniter->runController()
 3 SYSTEMPATH/CodeIgniter.php(355): CodeIgniter\CodeIgniter->handleRequest()
 4 SYSTEMPATH/Boot.php(312): CodeIgniter\CodeIgniter->run()
 5 SYSTEMPATH/Boot.php(67): CodeIgniter\Boot::runCodeIgniter()
 6 FCPATH/index.php(56): CodeIgniter\Boot::bootWeb()
 7 SYSTEMPATH/Commands/Server/rewrite.php(49): require_once('/home/mit/server/public/index.php')
WARNING - 2024-04-29 10:59:07 --> [DEPRECATED] explode(): Passing null to parameter #2 ($string) of type string is deprecated in APPPATH/Models/Net.php on line 32.
 1 APPPATH/Models/Net.php(32): explode('.', null)
 2 APPPATH/Models/Net.php(61): App\Models\DHCPError->test_ip(null)
 3 APPPATH/Models/Net.php(174): App\Models\DHCPError->test_subnet(null, null, null, null)
 4 APPPATH/Controllers/Dhcp.php(20): App\Models\Net->modifierSubnet(null, null, null, null)
 5 SYSTEMPATH/CodeIgniter.php(933): App\Controllers\Dhcp->globale()
 6 SYSTEMPATH/CodeIgniter.php(509): CodeIgniter\CodeIgniter->runController(Object(App\Controllers\Dhcp))
 7 SYSTEMPATH/CodeIgniter.php(355): CodeIgniter\CodeIgniter->handleRequest(null, Object(Config\Cache), false)
 8 SYSTEMPATH/Boot.php(312): CodeIgniter\CodeIgniter->run()
 9 SYSTEMPATH/Boot.php(67): CodeIgniter\Boot::runCodeIgniter(Object(CodeIgniter\CodeIgniter))
10 FCPATH/index.php(56): CodeIgniter\Boot::bootWeb(Object(Config\Paths))
11 SYSTEMPATH/Commands/Server/rewrite.php(49): require_once('/home/mit/server/public/index.php')
WARNING - 2024-04-29 10:59:07 --> [DEPRECATED] explode(): Passing null to parameter #2 ($string) of type string is deprecated in APPPATH/Models/Net.php on line 32.
 1 APPPATH/Models/Net.php(32): explode('.', null)
 2 APPPATH/Models/Net.php(62): App\Models\DHCPError->test_ip(null)
 3 APPPATH/Models/Net.php(174): App\Models\DHCPError->test_subnet(null, null, null, null)
 4 APPPATH/Controllers/Dhcp.php(20): App\Models\Net->modifierSubnet(null, null, null, null)
 5 SYSTEMPATH/CodeIgniter.php(933): App\Controllers\Dhcp->globale()
 6 SYSTEMPATH/CodeIgniter.php(509): CodeIgniter\CodeIgniter->runController(Object(App\Controllers\Dhcp))
 7 SYSTEMPATH/CodeIgniter.php(355): CodeIgniter\CodeIgniter->handleRequest(null, Object(Config\Cache), false)
 8 SYSTEMPATH/Boot.php(312): CodeIgniter\CodeIgniter->run()
 9 SYSTEMPATH/Boot.php(67): CodeIgniter\Boot::runCodeIgniter(Object(CodeIgniter\CodeIgniter))
10 FCPATH/index.php(56): CodeIgniter\Boot::bootWeb(Object(Config\Paths))
11 SYSTEMPATH/Commands/Server/rewrite.php(49): require_once('/home/mit/server/public/index.php')
WARNING - 2024-04-29 10:59:07 --> [DEPRECATED] explode(): Passing null to parameter #2 ($string) of type string is deprecated in APPPATH/Models/Net.php on line 32.
 1 APPPATH/Models/Net.php(32): explode('.', null)
 2 APPPATH/Models/Net.php(63): App\Models\DHCPError->test_ip(null)
 3 APPPATH/Models/Net.php(174): App\Models\DHCPError->test_subnet(null, null, null, null)
 4 APPPATH/Controllers/Dhcp.php(20): App\Models\Net->modifierSubnet(null, null, null, null)
 5 SYSTEMPATH/CodeIgniter.php(933): App\Controllers\Dhcp->globale()
 6 SYSTEMPATH/CodeIgniter.php(509): CodeIgniter\CodeIgniter->runController(Object(App\Controllers\Dhcp))
 7 SYSTEMPATH/CodeIgniter.php(355): CodeIgniter\CodeIgniter->handleRequest(null, Object(Config\Cache), false)
 8 SYSTEMPATH/Boot.php(312): CodeIgniter\CodeIgniter->run()
 9 SYSTEMPATH/Boot.php(67): CodeIgniter\Boot::runCodeIgniter(Object(CodeIgniter\CodeIgniter))
10 FCPATH/index.php(56): CodeIgniter\Boot::bootWeb(Object(Config\Paths))
11 SYSTEMPATH/Commands/Server/rewrite.php(49): require_once('/home/mit/server/public/index.php')
WARNING - 2024-04-29 10:59:07 --> [DEPRECATED] explode(): Passing null to parameter #2 ($string) of type string is deprecated in APPPATH/Models/Net.php on line 32.
 1 APPPATH/Models/Net.php(32): explode('.', null)
 2 APPPATH/Models/Net.php(64): App\Models\DHCPError->test_ip(null)
 3 APPPATH/Models/Net.php(174): App\Models\DHCPError->test_subnet(null, null, null, null)
 4 APPPATH/Controllers/Dhcp.php(20): App\Models\Net->modifierSubnet(null, null, null, null)
 5 SYSTEMPATH/CodeIgniter.php(933): App\Controllers\Dhcp->globale()
 6 SYSTEMPATH/CodeIgniter.php(509): CodeIgniter\CodeIgniter->runController(Object(App\Controllers\Dhcp))
 7 SYSTEMPATH/CodeIgniter.php(355): CodeIgniter\CodeIgniter->handleRequest(null, Object(Config\Cache), false)
 8 SYSTEMPATH/Boot.php(312): CodeIgniter\CodeIgniter->run()
 9 SYSTEMPATH/Boot.php(67): CodeIgniter\Boot::runCodeIgniter(Object(CodeIgniter\CodeIgniter))
10 FCPATH/index.php(56): CodeIgniter\Boot::bootWeb(Object(Config\Paths))
11 SYSTEMPATH/Commands/Server/rewrite.php(49): require_once('/home/mit/server/public/index.php')
WARNING - 2024-04-29 10:59:09 --> [DEPRECATED] explode(): Passing null to parameter #2 ($string) of type string is deprecated in APPPATH/Models/Net.php on line 32.
 1 APPPATH/Models/Net.php(32): explode('.', null)
 2 APPPATH/Models/Net.php(62): App\Models\DHCPError->test_ip(null)
 3 APPPATH/Models/Net.php(174): App\Models\DHCPError->test_subnet('10.254.239.0', null, '10.254.239.10', '10.254.239.20')
 4 APPPATH/Controllers/Dhcp.php(20): App\Models\Net->modifierSubnet('10.254.239.0', null, '10.254.239.10', '10.254.239.20')
 5 SYSTEMPATH/CodeIgniter.php(933): App\Controllers\Dhcp->globale()
 6 SYSTEMPATH/CodeIgniter.php(509): CodeIgniter\CodeIgniter->runController(Object(App\Controllers\Dhcp))
 7 SYSTEMPATH/CodeIgniter.php(355): CodeIgniter\CodeIgniter->handleRequest(null, Object(Config\Cache), false)
 8 SYSTEMPATH/Boot.php(312): CodeIgniter\CodeIgniter->run()
 9 SYSTEMPATH/Boot.php(67): CodeIgniter\Boot::runCodeIgniter(Object(CodeIgniter\CodeIgniter))
10 FCPATH/index.php(56): CodeIgniter\Boot::bootWeb(Object(Config\Paths))
11 SYSTEMPATH/Commands/Server/rewrite.php(49): require_once('/home/mit/server/public/index.php')
WARNING - 2024-04-29 10:59:17 --> [DEPRECATED] explode(): Passing null to parameter #2 ($string) of type string is deprecated in APPPATH/Models/Net.php on line 32.
 1 APPPATH/Models/Net.php(32): explode('.', null)
 2 APPPATH/Models/Net.php(62): App\Models\DHCPError->test_ip(null)
 3 APPPATH/Models/Net.php(174): App\Models\DHCPError->test_subnet('10.254.239.0', null, '10.254.239.10', '10.254.239.20')
 4 APPPATH/Controllers/Dhcp.php(20): App\Models\Net->modifierSubnet('10.254.239.0', null, '10.254.239.10', '10.254.239.20')
 5 SYSTEMPATH/CodeIgniter.php(933): App\Controllers\Dhcp->globale()
 6 SYSTEMPATH/CodeIgniter.php(509): CodeIgniter\CodeIgniter->runController(Object(App\Controllers\Dhcp))
 7 SYSTEMPATH/CodeIgniter.php(355): CodeIgniter\CodeIgniter->handleRequest(null, Object(Config\Cache), false)
 8 SYSTEMPATH/Boot.php(312): CodeIgniter\CodeIgniter->run()
 9 SYSTEMPATH/Boot.php(67): CodeIgniter\Boot::runCodeIgniter(Object(CodeIgniter\CodeIgniter))
10 FCPATH/index.php(56): CodeIgniter\Boot::bootWeb(Object(Config\Paths))
11 SYSTEMPATH/Commands/Server/rewrite.php(49): require_once('/home/mit/server/public/index.php')
WARNING - 2024-04-29 10:59:24 --> [DEPRECATED] explode(): Passing null to parameter #2 ($string) of type string is deprecated in APPPATH/Models/Net.php on line 32.
 1 APPPATH/Models/Net.php(32): explode('.', null)
 2 APPPATH/Models/Net.php(62): App\Models\DHCPError->test_ip(null)
 3 APPPATH/Models/Net.php(174): App\Models\DHCPError->test_subnet('10.254.239.1', null, '10.254.239.10', '10.254.239.20')
 4 APPPATH/Controllers/Dhcp.php(20): App\Models\Net->modifierSubnet('10.254.239.1', null, '10.254.239.10', '10.254.239.20')
 5 SYSTEMPATH/CodeIgniter.php(933): App\Controllers\Dhcp->globale()
 6 SYSTEMPATH/CodeIgniter.php(509): CodeIgniter\CodeIgniter->runController(Object(App\Controllers\Dhcp))
 7 SYSTEMPATH/CodeIgniter.php(355): CodeIgniter\CodeIgniter->handleRequest(null, Object(Config\Cache), false)
 8 SYSTEMPATH/Boot.php(312): CodeIgniter\CodeIgniter->run()
 9 SYSTEMPATH/Boot.php(67): CodeIgniter\Boot::runCodeIgniter(Object(CodeIgniter\CodeIgniter))
10 FCPATH/index.php(56): CodeIgniter\Boot::bootWeb(Object(Config\Paths))
11 SYSTEMPATH/Commands/Server/rewrite.php(49): require_once('/home/mit/server/public/index.php')
WARNING - 2024-04-29 10:59:27 --> [DEPRECATED] explode(): Passing null to parameter #2 ($string) of type string is deprecated in APPPATH/Models/Net.php on line 32.
 1 APPPATH/Models/Net.php(32): explode('.', null)
 2 APPPATH/Models/Net.php(62): App\Models\DHCPError->test_ip(null)
 3 APPPATH/Models/Net.php(174): App\Models\DHCPError->test_subnet('10.254.239.0', null, '10.254.239.10', '10.254.239.20')
 4 APPPATH/Controllers/Dhcp.php(20): App\Models\Net->modifierSubnet('10.254.239.0', null, '10.254.239.10', '10.254.239.20')
 5 SYSTEMPATH/CodeIgniter.php(933): App\Controllers\Dhcp->globale()
 6 SYSTEMPATH/CodeIgniter.php(509): CodeIgniter\CodeIgniter->runController(Object(App\Controllers\Dhcp))
 7 SYSTEMPATH/CodeIgniter.php(355): CodeIgniter\CodeIgniter->handleRequest(null, Object(Config\Cache), false)
 8 SYSTEMPATH/Boot.php(312): CodeIgniter\CodeIgniter->run()
 9 SYSTEMPATH/Boot.php(67): CodeIgniter\Boot::runCodeIgniter(Object(CodeIgniter\CodeIgniter))
10 FCPATH/index.php(56): CodeIgniter\Boot::bootWeb(Object(Config\Paths))
11 SYSTEMPATH/Commands/Server/rewrite.php(49): require_once('/home/mit/server/public/index.php')
WARNING - 2024-04-29 10:59:31 --> [DEPRECATED] explode(): Passing null to parameter #2 ($string) of type string is deprecated in APPPATH/Models/Net.php on line 32.
 1 APPPATH/Models/Net.php(32): explode('.', null)
 2 APPPATH/Models/Net.php(62): App\Models\DHCPError->test_ip(null)
 3 APPPATH/Models/Net.php(174): App\Models\DHCPError->test_subnet('10.254.239.2', null, '10.254.239.10', '10.254.239.20')
 4 APPPATH/Controllers/Dhcp.php(20): App\Models\Net->modifierSubnet('10.254.239.2', null, '10.254.239.10', '10.254.239.20')
 5 SYSTEMPATH/CodeIgniter.php(933): App\Controllers\Dhcp->globale()
 6 SYSTEMPATH/CodeIgniter.php(509): CodeIgniter\CodeIgniter->runController(Object(App\Controllers\Dhcp))
 7 SYSTEMPATH/CodeIgniter.php(355): CodeIgniter\CodeIgniter->handleRequest(null, Object(Config\Cache), false)
 8 SYSTEMPATH/Boot.php(312): CodeIgniter\CodeIgniter->run()
 9 SYSTEMPATH/Boot.php(67): CodeIgniter\Boot::runCodeIgniter(Object(CodeIgniter\CodeIgniter))
10 FCPATH/index.php(56): CodeIgniter\Boot::bootWeb(Object(Config\Paths))
11 SYSTEMPATH/Commands/Server/rewrite.php(49): require_once('/home/mit/server/public/index.php')
WARNING - 2024-04-29 11:00:34 --> [DEPRECATED] explode(): Passing null to parameter #2 ($string) of type string is deprecated in APPPATH/Models/Net.php on line 32.
 1 APPPATH/Models/Net.php(32): explode('.', null)
 2 APPPATH/Models/Net.php(62): App\Models\DHCPError->test_ip(null)
 3 APPPATH/Models/Net.php(174): App\Models\DHCPError->test_subnet('10.254.239.2', null, '10.254.239.10', '10.254.239.20')
 4 APPPATH/Controllers/Dhcp.php(20): App\Models\Net->modifierSubnet('10.254.239.2', null, '10.254.239.10', '10.254.239.20')
 5 SYSTEMPATH/CodeIgniter.php(933): App\Controllers\Dhcp->globale()
 6 SYSTEMPATH/CodeIgniter.php(509): CodeIgniter\CodeIgniter->runController(Object(App\Controllers\Dhcp))
 7 SYSTEMPATH/CodeIgniter.php(355): CodeIgniter\CodeIgniter->handleRequest(null, Object(Config\Cache), false)
 8 SYSTEMPATH/Boot.php(312): CodeIgniter\CodeIgniter->run()
 9 SYSTEMPATH/Boot.php(67): CodeIgniter\Boot::runCodeIgniter(Object(CodeIgniter\CodeIgniter))
10 FCPATH/index.php(56): CodeIgniter\Boot::bootWeb(Object(Config\Paths))
11 SYSTEMPATH/Commands/Server/rewrite.php(49): require_once('/home/mit/server/public/index.php')
WARNING - 2024-04-29 11:00:38 --> [DEPRECATED] explode(): Passing null to parameter #2 ($string) of type string is deprecated in APPPATH/Models/Net.php on line 32.
 1 APPPATH/Models/Net.php(32): explode('.', null)
 2 APPPATH/Models/Net.php(62): App\Models\DHCPError->test_ip(null)
 3 APPPATH/Models/Net.php(174): App\Models\DHCPError->test_subnet('10.254.239.7', null, '10.254.239.10', '10.254.239.20')
 4 APPPATH/Controllers/Dhcp.php(20): App\Models\Net->modifierSubnet('10.254.239.7', null, '10.254.239.10', '10.254.239.20')
 5 SYSTEMPATH/CodeIgniter.php(933): App\Controllers\Dhcp->globale()
 6 SYSTEMPATH/CodeIgniter.php(509): CodeIgniter\CodeIgniter->runController(Object(App\Controllers\Dhcp))
 7 SYSTEMPATH/CodeIgniter.php(355): CodeIgniter\CodeIgniter->handleRequest(null, Object(Config\Cache), false)
 8 SYSTEMPATH/Boot.php(312): CodeIgniter\CodeIgniter->run()
 9 SYSTEMPATH/Boot.php(67): CodeIgniter\Boot::runCodeIgniter(Object(CodeIgniter\CodeIgniter))
10 FCPATH/index.php(56): CodeIgniter\Boot::bootWeb(Object(Config\Paths))
11 SYSTEMPATH/Commands/Server/rewrite.php(49): require_once('/home/mit/server/public/index.php')
WARNING - 2024-04-29 11:02:54 --> [DEPRECATED] explode(): Passing null to parameter #2 ($string) of type string is deprecated in APPPATH/Models/Net.php on line 32.
 1 APPPATH/Models/Net.php(32): explode('.', null)
 2 APPPATH/Models/Net.php(62): App\Models\DHCPError->test_ip(null)
 3 APPPATH/Models/Net.php(174): App\Models\DHCPError->test_subnet('10.254.239.7', null, '10.254.239.10', '10.254.239.20')
 4 APPPATH/Controllers/Dhcp.php(20): App\Models\Net->modifierSubnet('10.254.239.7', null, '10.254.239.10', '10.254.239.20')
 5 SYSTEMPATH/CodeIgniter.php(933): App\Controllers\Dhcp->globale()
 6 SYSTEMPATH/CodeIgniter.php(509): CodeIgniter\CodeIgniter->runController(Object(App\Controllers\Dhcp))
 7 SYSTEMPATH/CodeIgniter.php(355): CodeIgniter\CodeIgniter->handleRequest(null, Object(Config\Cache), false)
 8 SYSTEMPATH/Boot.php(312): CodeIgniter\CodeIgniter->run()
 9 SYSTEMPATH/Boot.php(67): CodeIgniter\Boot::runCodeIgniter(Object(CodeIgniter\CodeIgniter))
10 FCPATH/index.php(56): CodeIgniter\Boot::bootWeb(Object(Config\Paths))
11 SYSTEMPATH/Commands/Server/rewrite.php(49): require_once('/home/mit/server/public/index.php')
WARNING - 2024-04-29 11:02:55 --> [DEPRECATED] explode(): Passing null to parameter #2 ($string) of type string is deprecated in APPPATH/Models/Net.php on line 32.
 1 APPPATH/Models/Net.php(32): explode('.', null)
 2 APPPATH/Models/Net.php(62): App\Models\DHCPError->test_ip(null)
 3 APPPATH/Models/Net.php(174): App\Models\DHCPError->test_subnet('10.254.239.7', null, '10.254.239.10', '10.254.239.20')
 4 APPPATH/Controllers/Dhcp.php(20): App\Models\Net->modifierSubnet('10.254.239.7', null, '10.254.239.10', '10.254.239.20')
 5 SYSTEMPATH/CodeIgniter.php(933): App\Controllers\Dhcp->globale()
 6 SYSTEMPATH/CodeIgniter.php(509): CodeIgniter\CodeIgniter->runController(Object(App\Controllers\Dhcp))
 7 SYSTEMPATH/CodeIgniter.php(355): CodeIgniter\CodeIgniter->handleRequest(null, Object(Config\Cache), false)
 8 SYSTEMPATH/Boot.php(312): CodeIgniter\CodeIgniter->run()
 9 SYSTEMPATH/Boot.php(67): CodeIgniter\Boot::runCodeIgniter(Object(CodeIgniter\CodeIgniter))
10 FCPATH/index.php(56): CodeIgniter\Boot::bootWeb(Object(Config\Paths))
11 SYSTEMPATH/Commands/Server/rewrite.php(49): require_once('/home/mit/server/public/index.php')
WARNING - 2024-04-29 11:02:55 --> [DEPRECATED] explode(): Passing null to parameter #2 ($string) of type string is deprecated in APPPATH/Models/Net.php on line 32.
 1 APPPATH/Models/Net.php(32): explode('.', null)
 2 APPPATH/Models/Net.php(62): App\Models\DHCPError->test_ip(null)
 3 APPPATH/Models/Net.php(174): App\Models\DHCPError->test_subnet('10.254.239.7', null, '10.254.239.10', '10.254.239.20')
 4 APPPATH/Controllers/Dhcp.php(20): App\Models\Net->modifierSubnet('10.254.239.7', null, '10.254.239.10', '10.254.239.20')
 5 SYSTEMPATH/CodeIgniter.php(933): App\Controllers\Dhcp->globale()
 6 SYSTEMPATH/CodeIgniter.php(509): CodeIgniter\CodeIgniter->runController(Object(App\Controllers\Dhcp))
 7 SYSTEMPATH/CodeIgniter.php(355): CodeIgniter\CodeIgniter->handleRequest(null, Object(Config\Cache), false)
 8 SYSTEMPATH/Boot.php(312): CodeIgniter\CodeIgniter->run()
 9 SYSTEMPATH/Boot.php(67): CodeIgniter\Boot::runCodeIgniter(Object(CodeIgniter\CodeIgniter))
10 FCPATH/index.php(56): CodeIgniter\Boot::bootWeb(Object(Config\Paths))
11 SYSTEMPATH/Commands/Server/rewrite.php(49): require_once('/home/mit/server/public/index.php')
WARNING - 2024-04-29 11:02:55 --> [DEPRECATED] explode(): Passing null to parameter #2 ($string) of type string is deprecated in APPPATH/Models/Net.php on line 32.
 1 APPPATH/Models/Net.php(32): explode('.', null)
 2 APPPATH/Models/Net.php(62): App\Models\DHCPError->test_ip(null)
 3 APPPATH/Models/Net.php(174): App\Models\DHCPError->test_subnet('10.254.239.7', null, '10.254.239.10', '10.254.239.20')
 4 APPPATH/Controllers/Dhcp.php(20): App\Models\Net->modifierSubnet('10.254.239.7', null, '10.254.239.10', '10.254.239.20')
 5 SYSTEMPATH/CodeIgniter.php(933): App\Controllers\Dhcp->globale()
 6 SYSTEMPATH/CodeIgniter.php(509): CodeIgniter\CodeIgniter->runController(Object(App\Controllers\Dhcp))
 7 SYSTEMPATH/CodeIgniter.php(355): CodeIgniter\CodeIgniter->handleRequest(null, Object(Config\Cache), false)
 8 SYSTEMPATH/Boot.php(312): CodeIgniter\CodeIgniter->run()
 9 SYSTEMPATH/Boot.php(67): CodeIgniter\Boot::runCodeIgniter(Object(CodeIgniter\CodeIgniter))
10 FCPATH/index.php(56): CodeIgniter\Boot::bootWeb(Object(Config\Paths))
11 SYSTEMPATH/Commands/Server/rewrite.php(49): require_once('/home/mit/server/public/index.php')
WARNING - 2024-04-29 11:02:55 --> [DEPRECATED] explode(): Passing null to parameter #2 ($string) of type string is deprecated in APPPATH/Models/Net.php on line 32.
 1 APPPATH/Models/Net.php(32): explode('.', null)
 2 APPPATH/Models/Net.php(62): App\Models\DHCPError->test_ip(null)
 3 APPPATH/Models/Net.php(174): App\Models\DHCPError->test_subnet('10.254.239.7', null, '10.254.239.10', '10.254.239.20')
 4 APPPATH/Controllers/Dhcp.php(20): App\Models\Net->modifierSubnet('10.254.239.7', null, '10.254.239.10', '10.254.239.20')
 5 SYSTEMPATH/CodeIgniter.php(933): App\Controllers\Dhcp->globale()
 6 SYSTEMPATH/CodeIgniter.php(509): CodeIgniter\CodeIgniter->runController(Object(App\Controllers\Dhcp))
 7 SYSTEMPATH/CodeIgniter.php(355): CodeIgniter\CodeIgniter->handleRequest(null, Object(Config\Cache), false)
 8 SYSTEMPATH/Boot.php(312): CodeIgniter\CodeIgniter->run()
 9 SYSTEMPATH/Boot.php(67): CodeIgniter\Boot::runCodeIgniter(Object(CodeIgniter\CodeIgniter))
10 FCPATH/index.php(56): CodeIgniter\Boot::bootWeb(Object(Config\Paths))
11 SYSTEMPATH/Commands/Server/rewrite.php(49): require_once('/home/mit/server/public/index.php')
WARNING - 2024-04-29 11:02:55 --> [DEPRECATED] explode(): Passing null to parameter #2 ($string) of type string is deprecated in APPPATH/Models/Net.php on line 32.
 1 APPPATH/Models/Net.php(32): explode('.', null)
 2 APPPATH/Models/Net.php(62): App\Models\DHCPError->test_ip(null)
 3 APPPATH/Models/Net.php(174): App\Models\DHCPError->test_subnet('10.254.239.7', null, '10.254.239.10', '10.254.239.20')
 4 APPPATH/Controllers/Dhcp.php(20): App\Models\Net->modifierSubnet('10.254.239.7', null, '10.254.239.10', '10.254.239.20')
 5 SYSTEMPATH/CodeIgniter.php(933): App\Controllers\Dhcp->globale()
 6 SYSTEMPATH/CodeIgniter.php(509): CodeIgniter\CodeIgniter->runController(Object(App\Controllers\Dhcp))
 7 SYSTEMPATH/CodeIgniter.php(355): CodeIgniter\CodeIgniter->handleRequest(null, Object(Config\Cache), false)
 8 SYSTEMPATH/Boot.php(312): CodeIgniter\CodeIgniter->run()
 9 SYSTEMPATH/Boot.php(67): CodeIgniter\Boot::runCodeIgniter(Object(CodeIgniter\CodeIgniter))
10 FCPATH/index.php(56): CodeIgniter\Boot::bootWeb(Object(Config\Paths))
11 SYSTEMPATH/Commands/Server/rewrite.php(49): require_once('/home/mit/server/public/index.php')
WARNING - 2024-04-29 11:02:55 --> [DEPRECATED] explode(): Passing null to parameter #2 ($string) of type string is deprecated in APPPATH/Models/Net.php on line 32.
 1 APPPATH/Models/Net.php(32): explode('.', null)
 2 APPPATH/Models/Net.php(62): App\Models\DHCPError->test_ip(null)
 3 APPPATH/Models/Net.php(174): App\Models\DHCPError->test_subnet('10.254.239.7', null, '10.254.239.10', '10.254.239.20')
 4 APPPATH/Controllers/Dhcp.php(20): App\Models\Net->modifierSubnet('10.254.239.7', null, '10.254.239.10', '10.254.239.20')
 5 SYSTEMPATH/CodeIgniter.php(933): App\Controllers\Dhcp->globale()
 6 SYSTEMPATH/CodeIgniter.php(509): CodeIgniter\CodeIgniter->runController(Object(App\Controllers\Dhcp))
 7 SYSTEMPATH/CodeIgniter.php(355): CodeIgniter\CodeIgniter->handleRequest(null, Object(Config\Cache), false)
 8 SYSTEMPATH/Boot.php(312): CodeIgniter\CodeIgniter->run()
 9 SYSTEMPATH/Boot.php(67): CodeIgniter\Boot::runCodeIgniter(Object(CodeIgniter\CodeIgniter))
10 FCPATH/index.php(56): CodeIgniter\Boot::bootWeb(Object(Config\Paths))
11 SYSTEMPATH/Commands/Server/rewrite.php(49): require_once('/home/mit/server/public/index.php')
WARNING - 2024-04-29 11:02:56 --> [DEPRECATED] explode(): Passing null to parameter #2 ($string) of type string is deprecated in APPPATH/Models/Net.php on line 32.
 1 APPPATH/Models/Net.php(32): explode('.', null)
 2 APPPATH/Models/Net.php(62): App\Models\DHCPError->test_ip(null)
 3 APPPATH/Models/Net.php(174): App\Models\DHCPError->test_subnet('10.254.239.7', null, '10.254.239.10', '10.254.239.20')
 4 APPPATH/Controllers/Dhcp.php(20): App\Models\Net->modifierSubnet('10.254.239.7', null, '10.254.239.10', '10.254.239.20')
 5 SYSTEMPATH/CodeIgniter.php(933): App\Controllers\Dhcp->globale()
 6 SYSTEMPATH/CodeIgniter.php(509): CodeIgniter\CodeIgniter->runController(Object(App\Controllers\Dhcp))
 7 SYSTEMPATH/CodeIgniter.php(355): CodeIgniter\CodeIgniter->handleRequest(null, Object(Config\Cache), false)
 8 SYSTEMPATH/Boot.php(312): CodeIgniter\CodeIgniter->run()
 9 SYSTEMPATH/Boot.php(67): CodeIgniter\Boot::runCodeIgniter(Object(CodeIgniter\CodeIgniter))
10 FCPATH/index.php(56): CodeIgniter\Boot::bootWeb(Object(Config\Paths))
11 SYSTEMPATH/Commands/Server/rewrite.php(49): require_once('/home/mit/server/public/index.php')
WARNING - 2024-04-29 11:02:56 --> [DEPRECATED] explode(): Passing null to parameter #2 ($string) of type string is deprecated in APPPATH/Models/Net.php on line 32.
 1 APPPATH/Models/Net.php(32): explode('.', null)
 2 APPPATH/Models/Net.php(62): App\Models\DHCPError->test_ip(null)
 3 APPPATH/Models/Net.php(174): App\Models\DHCPError->test_subnet('10.254.239.7', null, '10.254.239.10', '10.254.239.20')
 4 APPPATH/Controllers/Dhcp.php(20): App\Models\Net->modifierSubnet('10.254.239.7', null, '10.254.239.10', '10.254.239.20')
 5 SYSTEMPATH/CodeIgniter.php(933): App\Controllers\Dhcp->globale()
 6 SYSTEMPATH/CodeIgniter.php(509): CodeIgniter\CodeIgniter->runController(Object(App\Controllers\Dhcp))
 7 SYSTEMPATH/CodeIgniter.php(355): CodeIgniter\CodeIgniter->handleRequest(null, Object(Config\Cache), false)
 8 SYSTEMPATH/Boot.php(312): CodeIgniter\CodeIgniter->run()
 9 SYSTEMPATH/Boot.php(67): CodeIgniter\Boot::runCodeIgniter(Object(CodeIgniter\CodeIgniter))
10 FCPATH/index.php(56): CodeIgniter\Boot::bootWeb(Object(Config\Paths))
11 SYSTEMPATH/Commands/Server/rewrite.php(49): require_once('/home/mit/server/public/index.php')
WARNING - 2024-04-29 11:23:36 --> [DEPRECATED] explode(): Passing null to parameter #2 ($string) of type string is deprecated in APPPATH/Models/Net.php on line 32.
 1 APPPATH/Models/Net.php(32): explode('.', null)
 2 APPPATH/Models/Net.php(61): App\Models\DHCPError->test_ip(null)
 3 APPPATH/Models/Net.php(174): App\Models\DHCPError->test_subnet(null, null, null, null)
 4 APPPATH/Controllers/Dhcp.php(20): App\Models\Net->modifierSubnet(null, null, null, null)
 5 SYSTEMPATH/CodeIgniter.php(933): App\Controllers\Dhcp->globale()
 6 SYSTEMPATH/CodeIgniter.php(509): CodeIgniter\CodeIgniter->runController(Object(App\Controllers\Dhcp))
 7 SYSTEMPATH/CodeIgniter.php(355): CodeIgniter\CodeIgniter->handleRequest(null, Object(Config\Cache), false)
 8 SYSTEMPATH/Boot.php(312): CodeIgniter\CodeIgniter->run()
 9 SYSTEMPATH/Boot.php(67): CodeIgniter\Boot::runCodeIgniter(Object(CodeIgniter\CodeIgniter))
10 FCPATH/index.php(56): CodeIgniter\Boot::bootWeb(Object(Config\Paths))
11 SYSTEMPATH/Commands/Server/rewrite.php(49): require_once('/home/mit/server/public/index.php')
WARNING - 2024-04-29 11:23:36 --> [DEPRECATED] explode(): Passing null to parameter #2 ($string) of type string is deprecated in APPPATH/Models/Net.php on line 32.
 1 APPPATH/Models/Net.php(32): explode('.', null)
 2 APPPATH/Models/Net.php(62): App\Models\DHCPError->test_ip(null)
 3 APPPATH/Models/Net.php(174): App\Models\DHCPError->test_subnet(null, null, null, null)
 4 APPPATH/Controllers/Dhcp.php(20): App\Models\Net->modifierSubnet(null, null, null, null)
 5 SYSTEMPATH/CodeIgniter.php(933): App\Controllers\Dhcp->globale()
 6 SYSTEMPATH/CodeIgniter.php(509): CodeIgniter\CodeIgniter->runController(Object(App\Controllers\Dhcp))
 7 SYSTEMPATH/CodeIgniter.php(355): CodeIgniter\CodeIgniter->handleRequest(null, Object(Config\Cache), false)
 8 SYSTEMPATH/Boot.php(312): CodeIgniter\CodeIgniter->run()
 9 SYSTEMPATH/Boot.php(67): CodeIgniter\Boot::runCodeIgniter(Object(CodeIgniter\CodeIgniter))
10 FCPATH/index.php(56): CodeIgniter\Boot::bootWeb(Object(Config\Paths))
11 SYSTEMPATH/Commands/Server/rewrite.php(49): require_once('/home/mit/server/public/index.php')
WARNING - 2024-04-29 11:23:36 --> [DEPRECATED] explode(): Passing null to parameter #2 ($string) of type string is deprecated in APPPATH/Models/Net.php on line 32.
 1 APPPATH/Models/Net.php(32): explode('.', null)
 2 APPPATH/Models/Net.php(63): App\Models\DHCPError->test_ip(null)
 3 APPPATH/Models/Net.php(174): App\Models\DHCPError->test_subnet(null, null, null, null)
 4 APPPATH/Controllers/Dhcp.php(20): App\Models\Net->modifierSubnet(null, null, null, null)
 5 SYSTEMPATH/CodeIgniter.php(933): App\Controllers\Dhcp->globale()
 6 SYSTEMPATH/CodeIgniter.php(509): CodeIgniter\CodeIgniter->runController(Object(App\Controllers\Dhcp))
 7 SYSTEMPATH/CodeIgniter.php(355): CodeIgniter\CodeIgniter->handleRequest(null, Object(Config\Cache), false)
 8 SYSTEMPATH/Boot.php(312): CodeIgniter\CodeIgniter->run()
 9 SYSTEMPATH/Boot.php(67): CodeIgniter\Boot::runCodeIgniter(Object(CodeIgniter\CodeIgniter))
10 FCPATH/index.php(56): CodeIgniter\Boot::bootWeb(Object(Config\Paths))
11 SYSTEMPATH/Commands/Server/rewrite.php(49): require_once('/home/mit/server/public/index.php')
WARNING - 2024-04-29 11:23:36 --> [DEPRECATED] explode(): Passing null to parameter #2 ($string) of type string is deprecated in APPPATH/Models/Net.php on line 32.
 1 APPPATH/Models/Net.php(32): explode('.', null)
 2 APPPATH/Models/Net.php(64): App\Models\DHCPError->test_ip(null)
 3 APPPATH/Models/Net.php(174): App\Models\DHCPError->test_subnet(null, null, null, null)
 4 APPPATH/Controllers/Dhcp.php(20): App\Models\Net->modifierSubnet(null, null, null, null)
 5 SYSTEMPATH/CodeIgniter.php(933): App\Controllers\Dhcp->globale()
 6 SYSTEMPATH/CodeIgniter.php(509): CodeIgniter\CodeIgniter->runController(Object(App\Controllers\Dhcp))
 7 SYSTEMPATH/CodeIgniter.php(355): CodeIgniter\CodeIgniter->handleRequest(null, Object(Config\Cache), false)
 8 SYSTEMPATH/Boot.php(312): CodeIgniter\CodeIgniter->run()
 9 SYSTEMPATH/Boot.php(67): CodeIgniter\Boot::runCodeIgniter(Object(CodeIgniter\CodeIgniter))
10 FCPATH/index.php(56): CodeIgniter\Boot::bootWeb(Object(Config\Paths))
11 SYSTEMPATH/Commands/Server/rewrite.php(49): require_once('/home/mit/server/public/index.php')
CRITICAL - 2024-04-29 11:28:14 --> ErrorException: Undefined variable $h
[Method: GET, Route: specific]
in APPPATH/Views/specific.php on line 82.
 1 APPPATH/Views/specific.php(82): CodeIgniter\Debug\Exceptions->errorHandler()
 2 SYSTEMPATH/View/View.php(234): include('/home/mit/server/app/Views/specific.php')
 3 SYSTEMPATH/View/View.php(237): CodeIgniter\View\View->CodeIgniter\View\{closure}()
 4 SYSTEMPATH/Common.php(1171): CodeIgniter\View\View->render()
 5 APPPATH/Controllers/Dhcp.php(28): view()
 6 SYSTEMPATH/CodeIgniter.php(933): App\Controllers\Dhcp->specific()
 7 SYSTEMPATH/CodeIgniter.php(509): CodeIgniter\CodeIgniter->runController()
 8 SYSTEMPATH/CodeIgniter.php(355): CodeIgniter\CodeIgniter->handleRequest()
 9 SYSTEMPATH/Boot.php(312): CodeIgniter\CodeIgniter->run()
10 SYSTEMPATH/Boot.php(67): CodeIgniter\Boot::runCodeIgniter()
11 FCPATH/index.php(56): CodeIgniter\Boot::bootWeb()
12 SYSTEMPATH/Commands/Server/rewrite.php(49): require_once('/home/mit/server/public/index.php')
CRITICAL - 2024-04-29 11:28:16 --> ErrorException: Undefined variable $h
[Method: GET, Route: specific]
in APPPATH/Views/specific.php on line 82.
 1 APPPATH/Views/specific.php(82): CodeIgniter\Debug\Exceptions->errorHandler()
 2 SYSTEMPATH/View/View.php(234): include('/home/mit/server/app/Views/specific.php')
 3 SYSTEMPATH/View/View.php(237): CodeIgniter\View\View->CodeIgniter\View\{closure}()
 4 SYSTEMPATH/Common.php(1171): CodeIgniter\View\View->render()
 5 APPPATH/Controllers/Dhcp.php(28): view()
 6 SYSTEMPATH/CodeIgniter.php(933): App\Controllers\Dhcp->specific()
 7 SYSTEMPATH/CodeIgniter.php(509): CodeIgniter\CodeIgniter->runController()
 8 SYSTEMPATH/CodeIgniter.php(355): CodeIgniter\CodeIgniter->handleRequest()
 9 SYSTEMPATH/Boot.php(312): CodeIgniter\CodeIgniter->run()
10 SYSTEMPATH/Boot.php(67): CodeIgniter\Boot::runCodeIgniter()
11 FCPATH/index.php(56): CodeIgniter\Boot::bootWeb()
12 SYSTEMPATH/Commands/Server/rewrite.php(49): require_once('/home/mit/server/public/index.php')
WARNING - 2024-04-29 11:35:39 --> [DEPRECATED] strcmp(): Passing null to parameter #1 ($string1) of type string is deprecated in APPPATH/Controllers/Dhcp.php on line 30.
 1 APPPATH/Controllers/Dhcp.php(30): strcmp(null, '')
 2 SYSTEMPATH/CodeIgniter.php(933): App\Controllers\Dhcp->specific()
 3 SYSTEMPATH/CodeIgniter.php(509): CodeIgniter\CodeIgniter->runController(Object(App\Controllers\Dhcp))
 4 SYSTEMPATH/CodeIgniter.php(355): CodeIgniter\CodeIgniter->handleRequest(null, Object(Config\Cache), false)
 5 SYSTEMPATH/Boot.php(312): CodeIgniter\CodeIgniter->run()
 6 SYSTEMPATH/Boot.php(67): CodeIgniter\Boot::runCodeIgniter(Object(CodeIgniter\CodeIgniter))
 7 FCPATH/index.php(56): CodeIgniter\Boot::bootWeb(Object(Config\Paths))
 8 SYSTEMPATH/Commands/Server/rewrite.php(49): require_once('/home/mit/server/public/index.php')
