CRITICAL - 2024-04-26 05:51:32 --> ErrorException: Undefined variable $pager
[Method: POST, Route: edit]
in APPPATH/Views/index.php on line 91.
 1 APPPATH/Views/index.php(91): CodeIgniter\Debug\Exceptions->errorHandler()
 2 SYSTEMPATH/View/View.php(234): include('/home/tsanta/codeigniter4/app/Views/index.php')
 3 SYSTEMPATH/View/View.php(237): CodeIgniter\View\View->CodeIgniter\View\{closure}()
 4 SYSTEMPATH/Common.php(1171): CodeIgniter\View\View->render()
 5 APPPATH/Controllers/Todos.php(83): view()
 6 SYSTEMPATH/CodeIgniter.php(933): App\Controllers\Todos->edit()
 7 SYSTEMPATH/CodeIgniter.php(509): CodeIgniter\CodeIgniter->runController()
 8 SYSTEMPATH/CodeIgniter.php(355): CodeIgniter\CodeIgniter->handleRequest()
 9 SYSTEMPATH/Boot.php(312): CodeIgniter\CodeIgniter->run()
10 SYSTEMPATH/Boot.php(67): CodeIgniter\Boot::runCodeIgniter()
11 FCPATH/index.php(56): CodeIgniter\Boot::bootWeb()
CRITICAL - 2024-04-26 05:58:55 --> ErrorException: Undefined variable $pager
[Method: POST, Route: search]
in APPPATH/Views/index.php on line 91.
 1 APPPATH/Views/index.php(91): CodeIgniter\Debug\Exceptions->errorHandler()
 2 SYSTEMPATH/View/View.php(234): include('/home/tsanta/codeigniter4/app/Views/index.php')
 3 SYSTEMPATH/View/View.php(237): CodeIgniter\View\View->CodeIgniter\View\{closure}()
 4 SYSTEMPATH/Common.php(1171): CodeIgniter\View\View->render()
 5 APPPATH/Controllers/Todos.php(53): view()
 6 SYSTEMPATH/CodeIgniter.php(933): App\Controllers\Todos->search()
 7 SYSTEMPATH/CodeIgniter.php(509): CodeIgniter\CodeIgniter->runController()
 8 SYSTEMPATH/CodeIgniter.php(355): CodeIgniter\CodeIgniter->handleRequest()
 9 SYSTEMPATH/Boot.php(312): CodeIgniter\CodeIgniter->run()
10 SYSTEMPATH/Boot.php(67): CodeIgniter\Boot::runCodeIgniter()
11 FCPATH/index.php(56): CodeIgniter\Boot::bootWeb()
CRITICAL - 2024-04-26 06:02:21 --> ErrorException: Undefined variable $pager
[Method: GET, Route: create]
in APPPATH/Views/index.php on line 91.
 1 APPPATH/Views/index.php(91): CodeIgniter\Debug\Exceptions->errorHandler()
 2 SYSTEMPATH/View/View.php(234): include('/home/tsanta/codeigniter4/app/Views/index.php')
 3 SYSTEMPATH/View/View.php(237): CodeIgniter\View\View->CodeIgniter\View\{closure}()
 4 SYSTEMPATH/Common.php(1171): CodeIgniter\View\View->render()
 5 APPPATH/Controllers/Todos.php(30): view()
 6 SYSTEMPATH/CodeIgniter.php(933): App\Controllers\Todos->create()
 7 SYSTEMPATH/CodeIgniter.php(509): CodeIgniter\CodeIgniter->runController()
 8 SYSTEMPATH/CodeIgniter.php(355): CodeIgniter\CodeIgniter->handleRequest()
 9 SYSTEMPATH/Boot.php(312): CodeIgniter\CodeIgniter->run()
10 SYSTEMPATH/Boot.php(67): CodeIgniter\Boot::runCodeIgniter()
11 FCPATH/index.php(56): CodeIgniter\Boot::bootWeb()
CRITICAL - 2024-04-26 06:03:43 --> ErrorException: Undefined variable $pager
[Method: GET, Route: create]
in APPPATH/Views/index.php on line 91.
 1 APPPATH/Views/index.php(91): CodeIgniter\Debug\Exceptions->errorHandler()
 2 SYSTEMPATH/View/View.php(234): include('/home/tsanta/codeigniter4/app/Views/index.php')
 3 SYSTEMPATH/View/View.php(237): CodeIgniter\View\View->CodeIgniter\View\{closure}()
 4 SYSTEMPATH/Common.php(1171): CodeIgniter\View\View->render()
 5 APPPATH/Controllers/Todos.php(30): view()
 6 SYSTEMPATH/CodeIgniter.php(933): App\Controllers\Todos->create()
 7 SYSTEMPATH/CodeIgniter.php(509): CodeIgniter\CodeIgniter->runController()
 8 SYSTEMPATH/CodeIgniter.php(355): CodeIgniter\CodeIgniter->handleRequest()
 9 SYSTEMPATH/Boot.php(312): CodeIgniter\CodeIgniter->run()
10 SYSTEMPATH/Boot.php(67): CodeIgniter\Boot::runCodeIgniter()
11 FCPATH/index.php(56): CodeIgniter\Boot::bootWeb()
CRITICAL - 2024-04-26 06:03:43 --> ErrorException: Undefined variable $pager
[Method: GET, Route: create]
in APPPATH/Views/index.php on line 91.
 1 APPPATH/Views/index.php(91): CodeIgniter\Debug\Exceptions->errorHandler()
 2 SYSTEMPATH/View/View.php(234): include('/home/tsanta/codeigniter4/app/Views/index.php')
 3 SYSTEMPATH/View/View.php(237): CodeIgniter\View\View->CodeIgniter\View\{closure}()
 4 SYSTEMPATH/Common.php(1171): CodeIgniter\View\View->render()
 5 APPPATH/Controllers/Todos.php(30): view()
 6 SYSTEMPATH/CodeIgniter.php(933): App\Controllers\Todos->create()
 7 SYSTEMPATH/CodeIgniter.php(509): CodeIgniter\CodeIgniter->runController()
 8 SYSTEMPATH/CodeIgniter.php(355): CodeIgniter\CodeIgniter->handleRequest()
 9 SYSTEMPATH/Boot.php(312): CodeIgniter\CodeIgniter->run()
10 SYSTEMPATH/Boot.php(67): CodeIgniter\Boot::runCodeIgniter()
11 FCPATH/index.php(56): CodeIgniter\Boot::bootWeb()
CRITICAL - 2024-04-26 06:04:13 --> ErrorException: Undefined variable $pager
[Method: POST, Route: search]
in APPPATH/Views/index.php on line 91.
 1 APPPATH/Views/index.php(91): CodeIgniter\Debug\Exceptions->errorHandler()
 2 SYSTEMPATH/View/View.php(234): include('/home/tsanta/codeigniter4/app/Views/index.php')
 3 SYSTEMPATH/View/View.php(237): CodeIgniter\View\View->CodeIgniter\View\{closure}()
 4 SYSTEMPATH/Common.php(1171): CodeIgniter\View\View->render()
 5 APPPATH/Controllers/Todos.php(53): view()
 6 SYSTEMPATH/CodeIgniter.php(933): App\Controllers\Todos->search()
 7 SYSTEMPATH/CodeIgniter.php(509): CodeIgniter\CodeIgniter->runController()
 8 SYSTEMPATH/CodeIgniter.php(355): CodeIgniter\CodeIgniter->handleRequest()
 9 SYSTEMPATH/Boot.php(312): CodeIgniter\CodeIgniter->run()
10 SYSTEMPATH/Boot.php(67): CodeIgniter\Boot::runCodeIgniter()
11 FCPATH/index.php(56): CodeIgniter\Boot::bootWeb()
CRITICAL - 2024-04-26 06:08:08 --> ErrorException: Undefined variable $pager
[Method: POST, Route: search]
in APPPATH/Views/index.php on line 91.
 1 APPPATH/Views/index.php(91): CodeIgniter\Debug\Exceptions->errorHandler()
 2 SYSTEMPATH/View/View.php(234): include('/home/tsanta/codeigniter4/app/Views/index.php')
 3 SYSTEMPATH/View/View.php(237): CodeIgniter\View\View->CodeIgniter\View\{closure}()
 4 SYSTEMPATH/Common.php(1171): CodeIgniter\View\View->render()
 5 APPPATH/Controllers/Todos.php(58): view()
 6 SYSTEMPATH/CodeIgniter.php(933): App\Controllers\Todos->search()
 7 SYSTEMPATH/CodeIgniter.php(509): CodeIgniter\CodeIgniter->runController()
 8 SYSTEMPATH/CodeIgniter.php(355): CodeIgniter\CodeIgniter->handleRequest()
 9 SYSTEMPATH/Boot.php(312): CodeIgniter\CodeIgniter->run()
10 SYSTEMPATH/Boot.php(67): CodeIgniter\Boot::runCodeIgniter()
11 FCPATH/index.php(56): CodeIgniter\Boot::bootWeb()
CRITICAL - 2024-04-26 06:08:24 --> ErrorException: Undefined variable $pager
[Method: POST, Route: search]
in APPPATH/Views/index.php on line 91.
 1 APPPATH/Views/index.php(91): CodeIgniter\Debug\Exceptions->errorHandler()
 2 SYSTEMPATH/View/View.php(234): include('/home/tsanta/codeigniter4/app/Views/index.php')
 3 SYSTEMPATH/View/View.php(237): CodeIgniter\View\View->CodeIgniter\View\{closure}()
 4 SYSTEMPATH/Common.php(1171): CodeIgniter\View\View->render()
 5 APPPATH/Controllers/Todos.php(58): view()
 6 SYSTEMPATH/CodeIgniter.php(933): App\Controllers\Todos->search()
 7 SYSTEMPATH/CodeIgniter.php(509): CodeIgniter\CodeIgniter->runController()
 8 SYSTEMPATH/CodeIgniter.php(355): CodeIgniter\CodeIgniter->handleRequest()
 9 SYSTEMPATH/Boot.php(312): CodeIgniter\CodeIgniter->run()
10 SYSTEMPATH/Boot.php(67): CodeIgniter\Boot::runCodeIgniter()
11 FCPATH/index.php(56): CodeIgniter\Boot::bootWeb()
CRITICAL - 2024-04-26 06:27:11 --> ErrorException: Undefined variable $pager
[Method: POST, Route: edit]
in APPPATH/Views/index.php on line 91.
 1 APPPATH/Views/index.php(91): CodeIgniter\Debug\Exceptions->errorHandler()
 2 SYSTEMPATH/View/View.php(234): include('/home/tsanta/codeigniter4/app/Views/index.php')
 3 SYSTEMPATH/View/View.php(237): CodeIgniter\View\View->CodeIgniter\View\{closure}()
 4 SYSTEMPATH/Common.php(1171): CodeIgniter\View\View->render()
 5 APPPATH/Controllers/Todos.php(68): view()
 6 SYSTEMPATH/CodeIgniter.php(933): App\Controllers\Todos->edit()
 7 SYSTEMPATH/CodeIgniter.php(509): CodeIgniter\CodeIgniter->runController()
 8 SYSTEMPATH/CodeIgniter.php(355): CodeIgniter\CodeIgniter->handleRequest()
 9 SYSTEMPATH/Boot.php(312): CodeIgniter\CodeIgniter->run()
10 SYSTEMPATH/Boot.php(67): CodeIgniter\Boot::runCodeIgniter()
11 FCPATH/index.php(56): CodeIgniter\Boot::bootWeb()
CRITICAL - 2024-04-26 06:27:38 --> ErrorException: Undefined variable $pager
[Method: GET, Route: create]
in APPPATH/Views/index.php on line 91.
 1 APPPATH/Views/index.php(91): CodeIgniter\Debug\Exceptions->errorHandler()
 2 SYSTEMPATH/View/View.php(234): include('/home/tsanta/codeigniter4/app/Views/index.php')
 3 SYSTEMPATH/View/View.php(237): CodeIgniter\View\View->CodeIgniter\View\{closure}()
 4 SYSTEMPATH/Common.php(1171): CodeIgniter\View\View->render()
 5 APPPATH/Controllers/Todos.php(29): view()
 6 SYSTEMPATH/CodeIgniter.php(933): App\Controllers\Todos->create()
 7 SYSTEMPATH/CodeIgniter.php(509): CodeIgniter\CodeIgniter->runController()
 8 SYSTEMPATH/CodeIgniter.php(355): CodeIgniter\CodeIgniter->handleRequest()
 9 SYSTEMPATH/Boot.php(312): CodeIgniter\CodeIgniter->run()
10 SYSTEMPATH/Boot.php(67): CodeIgniter\Boot::runCodeIgniter()
11 FCPATH/index.php(56): CodeIgniter\Boot::bootWeb()
CRITICAL - 2024-04-26 06:30:14 --> Error: Call to a member function links() on null
[Method: GET, Route: create]
in APPPATH/Views/index.php on line 91.
 1 SYSTEMPATH/View/View.php(234): include()
 2 SYSTEMPATH/View/View.php(237): CodeIgniter\View\View->CodeIgniter\View\{closure}()
 3 SYSTEMPATH/Common.php(1171): CodeIgniter\View\View->render()
 4 APPPATH/Controllers/Todos.php(33): view()
 5 SYSTEMPATH/CodeIgniter.php(933): App\Controllers\Todos->create()
 6 SYSTEMPATH/CodeIgniter.php(509): CodeIgniter\CodeIgniter->runController()
 7 SYSTEMPATH/CodeIgniter.php(355): CodeIgniter\CodeIgniter->handleRequest()
 8 SYSTEMPATH/Boot.php(312): CodeIgniter\CodeIgniter->run()
 9 SYSTEMPATH/Boot.php(67): CodeIgniter\Boot::runCodeIgniter()
10 FCPATH/index.php(56): CodeIgniter\Boot::bootWeb()
CRITICAL - 2024-04-26 06:30:26 --> Error: Call to a member function links() on null
[Method: GET, Route: create]
in APPPATH/Views/index.php on line 91.
 1 SYSTEMPATH/View/View.php(234): include()
 2 SYSTEMPATH/View/View.php(237): CodeIgniter\View\View->CodeIgniter\View\{closure}()
 3 SYSTEMPATH/Common.php(1171): CodeIgniter\View\View->render()
 4 APPPATH/Controllers/Todos.php(33): view()
 5 SYSTEMPATH/CodeIgniter.php(933): App\Controllers\Todos->create()
 6 SYSTEMPATH/CodeIgniter.php(509): CodeIgniter\CodeIgniter->runController()
 7 SYSTEMPATH/CodeIgniter.php(355): CodeIgniter\CodeIgniter->handleRequest()
 8 SYSTEMPATH/Boot.php(312): CodeIgniter\CodeIgniter->run()
 9 SYSTEMPATH/Boot.php(67): CodeIgniter\Boot::runCodeIgniter()
10 FCPATH/index.php(56): CodeIgniter\Boot::bootWeb()
CRITICAL - 2024-04-26 06:31:10 --> ErrorException: Undefined variable $pager
[Method: POST, Route: store]
in APPPATH/Views/index.php on line 91.
 1 APPPATH/Views/index.php(91): CodeIgniter\Debug\Exceptions->errorHandler()
 2 SYSTEMPATH/View/View.php(234): include('/home/tsanta/codeigniter4/app/Views/index.php')
 3 SYSTEMPATH/View/View.php(237): CodeIgniter\View\View->CodeIgniter\View\{closure}()
 4 SYSTEMPATH/Common.php(1171): CodeIgniter\View\View->render()
 5 APPPATH/Controllers/Todos.php(41): view()
 6 SYSTEMPATH/CodeIgniter.php(933): App\Controllers\Todos->store()
 7 SYSTEMPATH/CodeIgniter.php(509): CodeIgniter\CodeIgniter->runController()
 8 SYSTEMPATH/CodeIgniter.php(355): CodeIgniter\CodeIgniter->handleRequest()
 9 SYSTEMPATH/Boot.php(312): CodeIgniter\CodeIgniter->run()
10 SYSTEMPATH/Boot.php(67): CodeIgniter\Boot::runCodeIgniter()
11 FCPATH/index.php(56): CodeIgniter\Boot::bootWeb()
CRITICAL - 2024-04-26 06:34:40 --> TypeError: CodeIgniter\BaseModel::timeToString(): Argument #1 ($properties) must be of type array, string given, called in /home/tsanta/codeigniter4/system/BaseModel.php on line 1875
[Method: GET, Route: store]
in SYSTEMPATH/BaseModel.php on line 1762.
 1 SYSTEMPATH/BaseModel.php(1875): CodeIgniter\BaseModel->timeToString()
 2 SYSTEMPATH/BaseModel.php(806): CodeIgniter\BaseModel->transformDataToArray()
 3 SYSTEMPATH/Model.php(791): CodeIgniter\BaseModel->insert()
 4 SYSTEMPATH/BaseModel.php(751): CodeIgniter\Model->insert()
 5 APPPATH/Controllers/Todos.php(41): CodeIgniter\BaseModel->save()
 6 SYSTEMPATH/CodeIgniter.php(933): App\Controllers\Todos->store()
 7 SYSTEMPATH/CodeIgniter.php(509): CodeIgniter\CodeIgniter->runController()
 8 SYSTEMPATH/CodeIgniter.php(355): CodeIgniter\CodeIgniter->handleRequest()
 9 SYSTEMPATH/Boot.php(312): CodeIgniter\CodeIgniter->run()
10 SYSTEMPATH/Boot.php(67): CodeIgniter\Boot::runCodeIgniter()
11 FCPATH/index.php(56): CodeIgniter\Boot::bootWeb()
CRITICAL - 2024-04-26 06:34:42 --> TypeError: CodeIgniter\BaseModel::timeToString(): Argument #1 ($properties) must be of type array, string given, called in /home/tsanta/codeigniter4/system/BaseModel.php on line 1875
[Method: GET, Route: store]
in SYSTEMPATH/BaseModel.php on line 1762.
 1 SYSTEMPATH/BaseModel.php(1875): CodeIgniter\BaseModel->timeToString()
 2 SYSTEMPATH/BaseModel.php(806): CodeIgniter\BaseModel->transformDataToArray()
 3 SYSTEMPATH/Model.php(791): CodeIgniter\BaseModel->insert()
 4 SYSTEMPATH/BaseModel.php(751): CodeIgniter\Model->insert()
 5 APPPATH/Controllers/Todos.php(41): CodeIgniter\BaseModel->save()
 6 SYSTEMPATH/CodeIgniter.php(933): App\Controllers\Todos->store()
 7 SYSTEMPATH/CodeIgniter.php(509): CodeIgniter\CodeIgniter->runController()
 8 SYSTEMPATH/CodeIgniter.php(355): CodeIgniter\CodeIgniter->handleRequest()
 9 SYSTEMPATH/Boot.php(312): CodeIgniter\CodeIgniter->run()
10 SYSTEMPATH/Boot.php(67): CodeIgniter\Boot::runCodeIgniter()
11 FCPATH/index.php(56): CodeIgniter\Boot::bootWeb()
CRITICAL - 2024-04-26 06:34:46 --> TypeError: CodeIgniter\BaseModel::timeToString(): Argument #1 ($properties) must be of type array, string given, called in /home/tsanta/codeigniter4/system/BaseModel.php on line 1875
[Method: GET, Route: store]
in SYSTEMPATH/BaseModel.php on line 1762.
 1 SYSTEMPATH/BaseModel.php(1875): CodeIgniter\BaseModel->timeToString()
 2 SYSTEMPATH/BaseModel.php(806): CodeIgniter\BaseModel->transformDataToArray()
 3 SYSTEMPATH/Model.php(791): CodeIgniter\BaseModel->insert()
 4 SYSTEMPATH/BaseModel.php(751): CodeIgniter\Model->insert()
 5 APPPATH/Controllers/Todos.php(41): CodeIgniter\BaseModel->save()
 6 SYSTEMPATH/CodeIgniter.php(933): App\Controllers\Todos->store()
 7 SYSTEMPATH/CodeIgniter.php(509): CodeIgniter\CodeIgniter->runController()
 8 SYSTEMPATH/CodeIgniter.php(355): CodeIgniter\CodeIgniter->handleRequest()
 9 SYSTEMPATH/Boot.php(312): CodeIgniter\CodeIgniter->run()
10 SYSTEMPATH/Boot.php(67): CodeIgniter\Boot::runCodeIgniter()
11 FCPATH/index.php(56): CodeIgniter\Boot::bootWeb()
CRITICAL - 2024-04-26 06:34:46 --> TypeError: CodeIgniter\BaseModel::timeToString(): Argument #1 ($properties) must be of type array, string given, called in /home/tsanta/codeigniter4/system/BaseModel.php on line 1875
[Method: GET, Route: store]
in SYSTEMPATH/BaseModel.php on line 1762.
 1 SYSTEMPATH/BaseModel.php(1875): CodeIgniter\BaseModel->timeToString()
 2 SYSTEMPATH/BaseModel.php(806): CodeIgniter\BaseModel->transformDataToArray()
 3 SYSTEMPATH/Model.php(791): CodeIgniter\BaseModel->insert()
 4 SYSTEMPATH/BaseModel.php(751): CodeIgniter\Model->insert()
 5 APPPATH/Controllers/Todos.php(41): CodeIgniter\BaseModel->save()
 6 SYSTEMPATH/CodeIgniter.php(933): App\Controllers\Todos->store()
 7 SYSTEMPATH/CodeIgniter.php(509): CodeIgniter\CodeIgniter->runController()
 8 SYSTEMPATH/CodeIgniter.php(355): CodeIgniter\CodeIgniter->handleRequest()
 9 SYSTEMPATH/Boot.php(312): CodeIgniter\CodeIgniter->run()
10 SYSTEMPATH/Boot.php(67): CodeIgniter\Boot::runCodeIgniter()
11 FCPATH/index.php(56): CodeIgniter\Boot::bootWeb()
CRITICAL - 2024-04-26 06:35:09 --> ErrorException: Undefined variable $pager
[Method: POST, Route: delete]
in APPPATH/Views/index.php on line 91.
 1 APPPATH/Views/index.php(91): CodeIgniter\Debug\Exceptions->errorHandler()
 2 SYSTEMPATH/View/View.php(234): include('/home/tsanta/codeigniter4/app/Views/index.php')
 3 SYSTEMPATH/View/View.php(237): CodeIgniter\View\View->CodeIgniter\View\{closure}()
 4 SYSTEMPATH/Common.php(1171): CodeIgniter\View\View->render()
 5 APPPATH/Controllers/Todos.php(53): view()
 6 SYSTEMPATH/CodeIgniter.php(933): App\Controllers\Todos->delete()
 7 SYSTEMPATH/CodeIgniter.php(509): CodeIgniter\CodeIgniter->runController()
 8 SYSTEMPATH/CodeIgniter.php(355): CodeIgniter\CodeIgniter->handleRequest()
 9 SYSTEMPATH/Boot.php(312): CodeIgniter\CodeIgniter->run()
10 SYSTEMPATH/Boot.php(67): CodeIgniter\Boot::runCodeIgniter()
11 FCPATH/index.php(56): CodeIgniter\Boot::bootWeb()
CRITICAL - 2024-04-26 06:38:08 --> TypeError: CodeIgniter\BaseModel::timeToString(): Argument #1 ($properties) must be of type array, string given, called in /home/tsanta/codeigniter4/system/BaseModel.php on line 1875
[Method: GET, Route: store]
in SYSTEMPATH/BaseModel.php on line 1762.
 1 SYSTEMPATH/BaseModel.php(1875): CodeIgniter\BaseModel->timeToString()
 2 SYSTEMPATH/BaseModel.php(806): CodeIgniter\BaseModel->transformDataToArray()
 3 SYSTEMPATH/Model.php(791): CodeIgniter\BaseModel->insert()
 4 SYSTEMPATH/BaseModel.php(751): CodeIgniter\Model->insert()
 5 APPPATH/Controllers/Todos.php(41): CodeIgniter\BaseModel->save()
 6 SYSTEMPATH/CodeIgniter.php(933): App\Controllers\Todos->store()
 7 SYSTEMPATH/CodeIgniter.php(509): CodeIgniter\CodeIgniter->runController()
 8 SYSTEMPATH/CodeIgniter.php(355): CodeIgniter\CodeIgniter->handleRequest()
 9 SYSTEMPATH/Boot.php(312): CodeIgniter\CodeIgniter->run()
10 SYSTEMPATH/Boot.php(67): CodeIgniter\Boot::runCodeIgniter()
11 FCPATH/index.php(56): CodeIgniter\Boot::bootWeb()
CRITICAL - 2024-04-26 06:38:52 --> TypeError: CodeIgniter\BaseModel::timeToString(): Argument #1 ($properties) must be of type array, string given, called in /home/tsanta/codeigniter4/system/BaseModel.php on line 1875
[Method: GET, Route: store]
in SYSTEMPATH/BaseModel.php on line 1762.
 1 SYSTEMPATH/BaseModel.php(1875): CodeIgniter\BaseModel->timeToString()
 2 SYSTEMPATH/BaseModel.php(806): CodeIgniter\BaseModel->transformDataToArray()
 3 SYSTEMPATH/Model.php(791): CodeIgniter\BaseModel->insert()
 4 SYSTEMPATH/BaseModel.php(751): CodeIgniter\Model->insert()
 5 APPPATH/Controllers/Todos.php(41): CodeIgniter\BaseModel->save()
 6 SYSTEMPATH/CodeIgniter.php(933): App\Controllers\Todos->store()
 7 SYSTEMPATH/CodeIgniter.php(509): CodeIgniter\CodeIgniter->runController()
 8 SYSTEMPATH/CodeIgniter.php(355): CodeIgniter\CodeIgniter->handleRequest()
 9 SYSTEMPATH/Boot.php(312): CodeIgniter\CodeIgniter->run()
10 SYSTEMPATH/Boot.php(67): CodeIgniter\Boot::runCodeIgniter()
11 FCPATH/index.php(56): CodeIgniter\Boot::bootWeb()
CRITICAL - 2024-04-26 06:39:00 --> TypeError: CodeIgniter\BaseModel::timeToString(): Argument #1 ($properties) must be of type array, string given, called in /home/tsanta/codeigniter4/system/BaseModel.php on line 1875
[Method: GET, Route: store]
in SYSTEMPATH/BaseModel.php on line 1762.
 1 SYSTEMPATH/BaseModel.php(1875): CodeIgniter\BaseModel->timeToString()
 2 SYSTEMPATH/BaseModel.php(806): CodeIgniter\BaseModel->transformDataToArray()
 3 SYSTEMPATH/Model.php(791): CodeIgniter\BaseModel->insert()
 4 SYSTEMPATH/BaseModel.php(751): CodeIgniter\Model->insert()
 5 APPPATH/Controllers/Todos.php(41): CodeIgniter\BaseModel->save()
 6 SYSTEMPATH/CodeIgniter.php(933): App\Controllers\Todos->store()
 7 SYSTEMPATH/CodeIgniter.php(509): CodeIgniter\CodeIgniter->runController()
 8 SYSTEMPATH/CodeIgniter.php(355): CodeIgniter\CodeIgniter->handleRequest()
 9 SYSTEMPATH/Boot.php(312): CodeIgniter\CodeIgniter->run()
10 SYSTEMPATH/Boot.php(67): CodeIgniter\Boot::runCodeIgniter()
11 FCPATH/index.php(56): CodeIgniter\Boot::bootWeb()
CRITICAL - 2024-04-26 06:39:35 --> TypeError: CodeIgniter\BaseModel::timeToString(): Argument #1 ($properties) must be of type array, string given, called in /home/tsanta/codeigniter4/system/BaseModel.php on line 1875
[Method: GET, Route: store]
in SYSTEMPATH/BaseModel.php on line 1762.
 1 SYSTEMPATH/BaseModel.php(1875): CodeIgniter\BaseModel->timeToString()
 2 SYSTEMPATH/BaseModel.php(806): CodeIgniter\BaseModel->transformDataToArray()
 3 SYSTEMPATH/Model.php(791): CodeIgniter\BaseModel->insert()
 4 SYSTEMPATH/BaseModel.php(751): CodeIgniter\Model->insert()
 5 APPPATH/Controllers/Todos.php(41): CodeIgniter\BaseModel->save()
 6 SYSTEMPATH/CodeIgniter.php(933): App\Controllers\Todos->store()
 7 SYSTEMPATH/CodeIgniter.php(509): CodeIgniter\CodeIgniter->runController()
 8 SYSTEMPATH/CodeIgniter.php(355): CodeIgniter\CodeIgniter->handleRequest()
 9 SYSTEMPATH/Boot.php(312): CodeIgniter\CodeIgniter->run()
10 SYSTEMPATH/Boot.php(67): CodeIgniter\Boot::runCodeIgniter()
11 FCPATH/index.php(56): CodeIgniter\Boot::bootWeb()
CRITICAL - 2024-04-26 06:41:57 --> TypeError: CodeIgniter\BaseModel::timeToString(): Argument #1 ($properties) must be of type array, string given, called in /home/tsanta/codeigniter4/system/BaseModel.php on line 1875
[Method: GET, Route: store]
in SYSTEMPATH/BaseModel.php on line 1762.
 1 SYSTEMPATH/BaseModel.php(1875): CodeIgniter\BaseModel->timeToString()
 2 SYSTEMPATH/BaseModel.php(806): CodeIgniter\BaseModel->transformDataToArray()
 3 SYSTEMPATH/Model.php(791): CodeIgniter\BaseModel->insert()
 4 SYSTEMPATH/BaseModel.php(751): CodeIgniter\Model->insert()
 5 APPPATH/Controllers/Todos.php(41): CodeIgniter\BaseModel->save()
 6 SYSTEMPATH/CodeIgniter.php(933): App\Controllers\Todos->store()
 7 SYSTEMPATH/CodeIgniter.php(509): CodeIgniter\CodeIgniter->runController()
 8 SYSTEMPATH/CodeIgniter.php(355): CodeIgniter\CodeIgniter->handleRequest()
 9 SYSTEMPATH/Boot.php(312): CodeIgniter\CodeIgniter->run()
10 SYSTEMPATH/Boot.php(67): CodeIgniter\Boot::runCodeIgniter()
11 FCPATH/index.php(56): CodeIgniter\Boot::bootWeb()
CRITICAL - 2024-04-26 06:43:03 --> TypeError: CodeIgniter\BaseModel::timeToString(): Argument #1 ($properties) must be of type array, string given, called in /home/tsanta/codeigniter4/system/BaseModel.php on line 1875
[Method: GET, Route: store]
in SYSTEMPATH/BaseModel.php on line 1762.
 1 SYSTEMPATH/BaseModel.php(1875): CodeIgniter\BaseModel->timeToString()
 2 SYSTEMPATH/BaseModel.php(806): CodeIgniter\BaseModel->transformDataToArray()
 3 SYSTEMPATH/Model.php(791): CodeIgniter\BaseModel->insert()
 4 SYSTEMPATH/BaseModel.php(751): CodeIgniter\Model->insert()
 5 APPPATH/Controllers/Todos.php(41): CodeIgniter\BaseModel->save()
 6 SYSTEMPATH/CodeIgniter.php(933): App\Controllers\Todos->store()
 7 SYSTEMPATH/CodeIgniter.php(509): CodeIgniter\CodeIgniter->runController()
 8 SYSTEMPATH/CodeIgniter.php(355): CodeIgniter\CodeIgniter->handleRequest()
 9 SYSTEMPATH/Boot.php(312): CodeIgniter\CodeIgniter->run()
10 SYSTEMPATH/Boot.php(67): CodeIgniter\Boot::runCodeIgniter()
11 FCPATH/index.php(56): CodeIgniter\Boot::bootWeb()
CRITICAL - 2024-04-26 06:44:44 --> CodeIgniter\Database\Exceptions\DataException: There is no data to insert.
[Method: GET, Route: store]
in SYSTEMPATH/BaseModel.php on line 826.
 1 SYSTEMPATH/BaseModel.php(826): CodeIgniter\Database\Exceptions\DataException::forEmptyDataset()
 2 SYSTEMPATH/Model.php(791): CodeIgniter\BaseModel->insert()
 3 SYSTEMPATH/BaseModel.php(751): CodeIgniter\Model->insert()
 4 APPPATH/Controllers/Todos.php(41): CodeIgniter\BaseModel->save()
 5 SYSTEMPATH/CodeIgniter.php(933): App\Controllers\Todos->store()
 6 SYSTEMPATH/CodeIgniter.php(509): CodeIgniter\CodeIgniter->runController()
 7 SYSTEMPATH/CodeIgniter.php(355): CodeIgniter\CodeIgniter->handleRequest()
 8 SYSTEMPATH/Boot.php(312): CodeIgniter\CodeIgniter->run()
 9 SYSTEMPATH/Boot.php(67): CodeIgniter\Boot::runCodeIgniter()
10 FCPATH/index.php(56): CodeIgniter\Boot::bootWeb()
