CRITICAL - 2024-04-23 08:07:58 --> ArgumentCountError: Too few arguments to function CodeIgniter\Router\RouteCollection::setAutoRoute(), 0 passed in /home/tsanta/codeigniter4/app/Config/Routes.php on line 8 and exactly 1 expected
[Method: GET, Route: /]
in SYSTEMPATH/Router/RouteCollection.php on line 469.
 1 APPPATH/Config/Routes.php(8): CodeIgniter\Router\RouteCollection->setAutoRoute()
 2 SYSTEMPATH/Router/RouteCollection.php(340): require('/home/tsanta/codeigniter4/app/Config/Routes.php')
 3 SYSTEMPATH/CodeIgniter.php(823): CodeIgniter\Router\RouteCollection->loadRoutes()
 4 SYSTEMPATH/CodeIgniter.php(457): CodeIgniter\CodeIgniter->tryToRouteIt()
 5 SYSTEMPATH/CodeIgniter.php(355): CodeIgniter\CodeIgniter->handleRequest()
 6 SYSTEMPATH/Boot.php(312): CodeIgniter\CodeIgniter->run()
 7 SYSTEMPATH/Boot.php(67): CodeIgniter\Boot::runCodeIgniter()
 8 FCPATH/index.php(56): CodeIgniter\Boot::bootWeb()
CRITICAL - 2024-04-23 08:09:41 --> ArgumentCountError: Too few arguments to function CodeIgniter\Router\RouteCollection::setAutoRoute(), 0 passed in /home/tsanta/codeigniter4/app/Config/Routes.php on line 8 and exactly 1 expected
[Method: GET, Route: /]
in SYSTEMPATH/Router/RouteCollection.php on line 469.
 1 APPPATH/Config/Routes.php(8): CodeIgniter\Router\RouteCollection->setAutoRoute()
 2 SYSTEMPATH/Router/RouteCollection.php(340): require('/home/tsanta/codeigniter4/app/Config/Routes.php')
 3 SYSTEMPATH/CodeIgniter.php(823): CodeIgniter\Router\RouteCollection->loadRoutes()
 4 SYSTEMPATH/CodeIgniter.php(457): CodeIgniter\CodeIgniter->tryToRouteIt()
 5 SYSTEMPATH/CodeIgniter.php(355): CodeIgniter\CodeIgniter->handleRequest()
 6 SYSTEMPATH/Boot.php(312): CodeIgniter\CodeIgniter->run()
 7 SYSTEMPATH/Boot.php(67): CodeIgniter\Boot::runCodeIgniter()
 8 FCPATH/index.php(56): CodeIgniter\Boot::bootWeb()
CRITICAL - 2024-04-23 08:20:33 --> ArgumentCountError: Too few arguments to function CodeIgniter\Router\RouteCollection::setAutoRoute(), 0 passed in /home/tsanta/codeigniter4/app/Config/Routes.php on line 8 and exactly 1 expected
[Method: GET, Route: /]
in SYSTEMPATH/Router/RouteCollection.php on line 469.
 1 APPPATH/Config/Routes.php(8): CodeIgniter\Router\RouteCollection->setAutoRoute()
 2 SYSTEMPATH/Router/RouteCollection.php(340): require('/home/tsanta/codeigniter4/app/Config/Routes.php')
 3 SYSTEMPATH/CodeIgniter.php(823): CodeIgniter\Router\RouteCollection->loadRoutes()
 4 SYSTEMPATH/CodeIgniter.php(457): CodeIgniter\CodeIgniter->tryToRouteIt()
 5 SYSTEMPATH/CodeIgniter.php(355): CodeIgniter\CodeIgniter->handleRequest()
 6 SYSTEMPATH/Boot.php(312): CodeIgniter\CodeIgniter->run()
 7 SYSTEMPATH/Boot.php(67): CodeIgniter\Boot::runCodeIgniter()
 8 FCPATH/index.php(56): CodeIgniter\Boot::bootWeb()
CRITICAL - 2024-04-23 08:20:40 --> ArgumentCountError: Too few arguments to function CodeIgniter\Router\RouteCollection::setAutoRoute(), 0 passed in /home/tsanta/codeigniter4/app/Config/Routes.php on line 8 and exactly 1 expected
[Method: GET, Route: store]
in SYSTEMPATH/Router/RouteCollection.php on line 469.
 1 APPPATH/Config/Routes.php(8): CodeIgniter\Router\RouteCollection->setAutoRoute()
 2 SYSTEMPATH/Router/RouteCollection.php(340): require('/home/tsanta/codeigniter4/app/Config/Routes.php')
 3 SYSTEMPATH/CodeIgniter.php(823): CodeIgniter\Router\RouteCollection->loadRoutes()
 4 SYSTEMPATH/CodeIgniter.php(457): CodeIgniter\CodeIgniter->tryToRouteIt()
 5 SYSTEMPATH/CodeIgniter.php(355): CodeIgniter\CodeIgniter->handleRequest()
 6 SYSTEMPATH/Boot.php(312): CodeIgniter\CodeIgniter->run()
 7 SYSTEMPATH/Boot.php(67): CodeIgniter\Boot::runCodeIgniter()
 8 FCPATH/index.php(56): CodeIgniter\Boot::bootWeb()
CRITICAL - 2024-04-23 08:20:49 --> ArgumentCountError: Too few arguments to function CodeIgniter\Router\RouteCollection::setAutoRoute(), 0 passed in /home/tsanta/codeigniter4/app/Config/Routes.php on line 8 and exactly 1 expected
[Method: GET, Route: create]
in SYSTEMPATH/Router/RouteCollection.php on line 469.
 1 APPPATH/Config/Routes.php(8): CodeIgniter\Router\RouteCollection->setAutoRoute()
 2 SYSTEMPATH/Router/RouteCollection.php(340): require('/home/tsanta/codeigniter4/app/Config/Routes.php')
 3 SYSTEMPATH/CodeIgniter.php(823): CodeIgniter\Router\RouteCollection->loadRoutes()
 4 SYSTEMPATH/CodeIgniter.php(457): CodeIgniter\CodeIgniter->tryToRouteIt()
 5 SYSTEMPATH/CodeIgniter.php(355): CodeIgniter\CodeIgniter->handleRequest()
 6 SYSTEMPATH/Boot.php(312): CodeIgniter\CodeIgniter->run()
 7 SYSTEMPATH/Boot.php(67): CodeIgniter\Boot::runCodeIgniter()
 8 FCPATH/index.php(56): CodeIgniter\Boot::bootWeb()
ERROR - 2024-04-23 08:27:47 --> Error connecting to the database: mysqli_sql_exception: Access denied for user 'tsanta'@'localhost' (using password: YES) in /home/tsanta/codeigniter4/system/Database/MySQLi/Connection.php:187
Stack trace:
#0 /home/tsanta/codeigniter4/system/Database/MySQLi/Connection.php(187): mysqli->real_connect()
#1 /home/tsanta/codeigniter4/system/Database/BaseConnection.php(421): CodeIgniter\Database\MySQLi\Connection->connect()
#2 /home/tsanta/codeigniter4/system/Database/BaseConnection.php(604): CodeIgniter\Database\BaseConnection->initialize()
#3 /home/tsanta/codeigniter4/system/Database/BaseBuilder.php(1629): CodeIgniter\Database\BaseConnection->query()
#4 /home/tsanta/codeigniter4/system/Model.php(275): CodeIgniter\Database\BaseBuilder->get()
#5 /home/tsanta/codeigniter4/system/BaseModel.php(676): CodeIgniter\Model->doFindAll()
#6 /home/tsanta/codeigniter4/app/Controllers/Todos.php(12): CodeIgniter\BaseModel->findAll()
#7 /home/tsanta/codeigniter4/system/CodeIgniter.php(933): App\Controllers\Todos->index()
#8 /home/tsanta/codeigniter4/system/CodeIgniter.php(509): CodeIgniter\CodeIgniter->runController()
#9 /home/tsanta/codeigniter4/system/CodeIgniter.php(355): CodeIgniter\CodeIgniter->handleRequest()
#10 /home/tsanta/codeigniter4/system/Boot.php(312): CodeIgniter\CodeIgniter->run()
#11 /home/tsanta/codeigniter4/system/Boot.php(67): CodeIgniter\Boot::runCodeIgniter()
#12 /home/tsanta/codeigniter4/public/index.php(56): CodeIgniter\Boot::bootWeb()
#13 {main}

Next CodeIgniter\Database\Exceptions\DatabaseException: Access denied for user '****'@'localhost' (using password: YES) in /home/tsanta/codeigniter4/system/Database/MySQLi/Connection.php:231
Stack trace:
#0 /home/tsanta/codeigniter4/system/Database/BaseConnection.php(421): CodeIgniter\Database\MySQLi\Connection->connect()
#1 /home/tsanta/codeigniter4/system/Database/BaseConnection.php(604): CodeIgniter\Database\BaseConnection->initialize()
#2 /home/tsanta/codeigniter4/system/Database/BaseBuilder.php(1629): CodeIgniter\Database\BaseConnection->query()
#3 /home/tsanta/codeigniter4/system/Model.php(275): CodeIgniter\Database\BaseBuilder->get()
#4 /home/tsanta/codeigniter4/system/BaseModel.php(676): CodeIgniter\Model->doFindAll()
#5 /home/tsanta/codeigniter4/app/Controllers/Todos.php(12): CodeIgniter\BaseModel->findAll()
#6 /home/tsanta/codeigniter4/system/CodeIgniter.php(933): App\Controllers\Todos->index()
#7 /home/tsanta/codeigniter4/system/CodeIgniter.php(509): CodeIgniter\CodeIgniter->runController()
#8 /home/tsanta/codeigniter4/system/CodeIgniter.php(355): CodeIgniter\CodeIgniter->handleRequest()
#9 /home/tsanta/codeigniter4/system/Boot.php(312): CodeIgniter\CodeIgniter->run()
#10 /home/tsanta/codeigniter4/system/Boot.php(67): CodeIgniter\Boot::runCodeIgniter()
#11 /home/tsanta/codeigniter4/public/index.php(56): CodeIgniter\Boot::bootWeb()
#12 {main}
CRITICAL - 2024-04-23 08:27:47 --> CodeIgniter\Database\Exceptions\DatabaseException: Unable to connect to the database.
Main connection [MySQLi]: Access denied for user '****'@'localhost' (using password: YES)
[Method: GET, Route: /]
in SYSTEMPATH/Database/BaseConnection.php on line 457.
 1 SYSTEMPATH/Database/BaseConnection.php(604): CodeIgniter\Database\BaseConnection->initialize()
 2 SYSTEMPATH/Database/BaseBuilder.php(1629): CodeIgniter\Database\BaseConnection->query()
 3 SYSTEMPATH/Model.php(275): CodeIgniter\Database\BaseBuilder->get()
 4 SYSTEMPATH/BaseModel.php(676): CodeIgniter\Model->doFindAll()
 5 APPPATH/Controllers/Todos.php(12): CodeIgniter\BaseModel->findAll()
 6 SYSTEMPATH/CodeIgniter.php(933): App\Controllers\Todos->index()
 7 SYSTEMPATH/CodeIgniter.php(509): CodeIgniter\CodeIgniter->runController()
 8 SYSTEMPATH/CodeIgniter.php(355): CodeIgniter\CodeIgniter->handleRequest()
 9 SYSTEMPATH/Boot.php(312): CodeIgniter\CodeIgniter->run()
10 SYSTEMPATH/Boot.php(67): CodeIgniter\Boot::runCodeIgniter()
11 FCPATH/index.php(56): CodeIgniter\Boot::bootWeb()
CRITICAL - 2024-04-23 09:18:39 --> Error: Undefined constant "App\Controllers\model"
[Method: POST, Route: delete/]
in APPPATH/Controllers/Todos.php on line 32.
 1 SYSTEMPATH/CodeIgniter.php(933): App\Controllers\Todos->delete()
 2 SYSTEMPATH/CodeIgniter.php(509): CodeIgniter\CodeIgniter->runController()
 3 SYSTEMPATH/CodeIgniter.php(355): CodeIgniter\CodeIgniter->handleRequest()
 4 SYSTEMPATH/Boot.php(312): CodeIgniter\CodeIgniter->run()
 5 SYSTEMPATH/Boot.php(67): CodeIgniter\Boot::runCodeIgniter()
 6 FCPATH/index.php(56): CodeIgniter\Boot::bootWeb()
CRITICAL - 2024-04-23 09:30:21 --> Error: Class "App\Controllers\ProductModel" not found
[Method: POST, Route: search/]
in APPPATH/Controllers/Todos.php on line 39.
 1 SYSTEMPATH/CodeIgniter.php(933): App\Controllers\Todos->search()
 2 SYSTEMPATH/CodeIgniter.php(509): CodeIgniter\CodeIgniter->runController()
 3 SYSTEMPATH/CodeIgniter.php(355): CodeIgniter\CodeIgniter->handleRequest()
 4 SYSTEMPATH/Boot.php(312): CodeIgniter\CodeIgniter->run()
 5 SYSTEMPATH/Boot.php(67): CodeIgniter\Boot::runCodeIgniter()
 6 FCPATH/index.php(56): CodeIgniter\Boot::bootWeb()
CRITICAL - 2024-04-23 12:03:44 --> ErrorException: Undefined array key 0
[Method: POST, Route: edit/]
in APPPATH/Controllers/Todos.php on line 51.
 1 APPPATH/Controllers/Todos.php(51): CodeIgniter\Debug\Exceptions->errorHandler()
 2 SYSTEMPATH/CodeIgniter.php(933): App\Controllers\Todos->edit()
 3 SYSTEMPATH/CodeIgniter.php(509): CodeIgniter\CodeIgniter->runController()
 4 SYSTEMPATH/CodeIgniter.php(355): CodeIgniter\CodeIgniter->handleRequest()
 5 SYSTEMPATH/Boot.php(312): CodeIgniter\CodeIgniter->run()
 6 SYSTEMPATH/Boot.php(67): CodeIgniter\Boot::runCodeIgniter()
 7 FCPATH/index.php(56): CodeIgniter\Boot::bootWeb()
CRITICAL - 2024-04-23 12:05:49 --> Error: Undefined constant "App\Controllers\id"
[Method: POST, Route: edit/]
in APPPATH/Controllers/Todos.php on line 49.
 1 SYSTEMPATH/CodeIgniter.php(933): App\Controllers\Todos->edit()
 2 SYSTEMPATH/CodeIgniter.php(509): CodeIgniter\CodeIgniter->runController()
 3 SYSTEMPATH/CodeIgniter.php(355): CodeIgniter\CodeIgniter->handleRequest()
 4 SYSTEMPATH/Boot.php(312): CodeIgniter\CodeIgniter->run()
 5 SYSTEMPATH/Boot.php(67): CodeIgniter\Boot::runCodeIgniter()
 6 FCPATH/index.php(56): CodeIgniter\Boot::bootWeb()
CRITICAL - 2024-04-23 12:06:05 --> Error: Undefined constant "App\Controllers\id"
[Method: POST, Route: edit/]
in APPPATH/Controllers/Todos.php on line 49.
 1 SYSTEMPATH/CodeIgniter.php(933): App\Controllers\Todos->edit()
 2 SYSTEMPATH/CodeIgniter.php(509): CodeIgniter\CodeIgniter->runController()
 3 SYSTEMPATH/CodeIgniter.php(355): CodeIgniter\CodeIgniter->handleRequest()
 4 SYSTEMPATH/Boot.php(312): CodeIgniter\CodeIgniter->run()
 5 SYSTEMPATH/Boot.php(67): CodeIgniter\Boot::runCodeIgniter()
 6 FCPATH/index.php(56): CodeIgniter\Boot::bootWeb()
CRITICAL - 2024-04-23 12:10:56 --> TypeError: CodeIgniter\Database\BaseBuilder::hasOperator(): Argument #1 ($str) must be of type string, int given, called in /home/tsanta/codeigniter4/system/Database/BaseBuilder.php on line 785
[Method: POST, Route: edit/]
in SYSTEMPATH/Database/BaseBuilder.php on line 3406.
 1 SYSTEMPATH/Database/BaseBuilder.php(785): CodeIgniter\Database\BaseBuilder->hasOperator()
 2 SYSTEMPATH/Database/BaseBuilder.php(701): CodeIgniter\Database\BaseBuilder->whereHaving()
 3 SYSTEMPATH/Model.php(919): CodeIgniter\Database\BaseBuilder->where()
 4 APPPATH/Controllers/Todos.php(49): CodeIgniter\Model->__call()
 5 SYSTEMPATH/CodeIgniter.php(933): App\Controllers\Todos->edit()
 6 SYSTEMPATH/CodeIgniter.php(509): CodeIgniter\CodeIgniter->runController()
 7 SYSTEMPATH/CodeIgniter.php(355): CodeIgniter\CodeIgniter->handleRequest()
 8 SYSTEMPATH/Boot.php(312): CodeIgniter\CodeIgniter->run()
 9 SYSTEMPATH/Boot.php(67): CodeIgniter\Boot::runCodeIgniter()
10 FCPATH/index.php(56): CodeIgniter\Boot::bootWeb()
CRITICAL - 2024-04-23 12:11:49 --> ErrorException: Undefined array key "name"
[Method: POST, Route: edit/]
in APPPATH/Controllers/Todos.php on line 51.
 1 APPPATH/Controllers/Todos.php(51): CodeIgniter\Debug\Exceptions->errorHandler()
 2 SYSTEMPATH/CodeIgniter.php(933): App\Controllers\Todos->edit()
 3 SYSTEMPATH/CodeIgniter.php(509): CodeIgniter\CodeIgniter->runController()
 4 SYSTEMPATH/CodeIgniter.php(355): CodeIgniter\CodeIgniter->handleRequest()
 5 SYSTEMPATH/Boot.php(312): CodeIgniter\CodeIgniter->run()
 6 SYSTEMPATH/Boot.php(67): CodeIgniter\Boot::runCodeIgniter()
 7 FCPATH/index.php(56): CodeIgniter\Boot::bootWeb()
CRITICAL - 2024-04-23 12:13:12 --> ErrorException: Undefined array key "name"
[Method: POST, Route: edit/]
in APPPATH/Controllers/Todos.php on line 51.
 1 APPPATH/Controllers/Todos.php(51): CodeIgniter\Debug\Exceptions->errorHandler()
 2 SYSTEMPATH/CodeIgniter.php(933): App\Controllers\Todos->edit()
 3 SYSTEMPATH/CodeIgniter.php(509): CodeIgniter\CodeIgniter->runController()
 4 SYSTEMPATH/CodeIgniter.php(355): CodeIgniter\CodeIgniter->handleRequest()
 5 SYSTEMPATH/Boot.php(312): CodeIgniter\CodeIgniter->run()
 6 SYSTEMPATH/Boot.php(67): CodeIgniter\Boot::runCodeIgniter()
 7 FCPATH/index.php(56): CodeIgniter\Boot::bootWeb()
CRITICAL - 2024-04-23 12:16:42 --> TypeError: CodeIgniter\HTTP\RedirectResponse::to(): Argument #2 ($code) must be of type ?int, array given, called in /home/tsanta/codeigniter4/app/Controllers/Todos.php on line 51
[Method: POST, Route: edit/]
in SYSTEMPATH/HTTP/RedirectResponse.php on line 36.
 1 APPPATH/Controllers/Todos.php(51): CodeIgniter\HTTP\RedirectResponse->to()
 2 SYSTEMPATH/CodeIgniter.php(933): App\Controllers\Todos->edit()
 3 SYSTEMPATH/CodeIgniter.php(509): CodeIgniter\CodeIgniter->runController()
 4 SYSTEMPATH/CodeIgniter.php(355): CodeIgniter\CodeIgniter->handleRequest()
 5 SYSTEMPATH/Boot.php(312): CodeIgniter\CodeIgniter->run()
 6 SYSTEMPATH/Boot.php(67): CodeIgniter\Boot::runCodeIgniter()
 7 FCPATH/index.php(56): CodeIgniter\Boot::bootWeb()
CRITICAL - 2024-04-23 12:18:43 --> TypeError: CodeIgniter\HTTP\RedirectResponse::with(): Argument #1 ($key) must be of type string, array given, called in /home/tsanta/codeigniter4/app/Controllers/Todos.php on line 51
[Method: POST, Route: edit/]
in SYSTEMPATH/HTTP/RedirectResponse.php on line 134.
 1 APPPATH/Controllers/Todos.php(51): CodeIgniter\HTTP\RedirectResponse->with()
 2 SYSTEMPATH/CodeIgniter.php(933): App\Controllers\Todos->edit()
 3 SYSTEMPATH/CodeIgniter.php(509): CodeIgniter\CodeIgniter->runController()
 4 SYSTEMPATH/CodeIgniter.php(355): CodeIgniter\CodeIgniter->handleRequest()
 5 SYSTEMPATH/Boot.php(312): CodeIgniter\CodeIgniter->run()
 6 SYSTEMPATH/Boot.php(67): CodeIgniter\Boot::runCodeIgniter()
 7 FCPATH/index.php(56): CodeIgniter\Boot::bootWeb()
CRITICAL - 2024-04-23 12:43:25 --> CodeIgniter\View\Exceptions\ViewException: Invalid file: "/.php"
[Method: GET, Route: /]
in SYSTEMPATH/Exceptions/FrameworkException.php on line 41.
 1 SYSTEMPATH/View/View.php(222): CodeIgniter\Exceptions\FrameworkException::forInvalidFile()
 2 SYSTEMPATH/Common.php(1171): CodeIgniter\View\View->render()
 3 APPPATH/Controllers/Todos.php(13): view()
 4 SYSTEMPATH/CodeIgniter.php(933): App\Controllers\Todos->index()
 5 SYSTEMPATH/CodeIgniter.php(509): CodeIgniter\CodeIgniter->runController()
 6 SYSTEMPATH/CodeIgniter.php(355): CodeIgniter\CodeIgniter->handleRequest()
 7 SYSTEMPATH/Boot.php(312): CodeIgniter\CodeIgniter->run()
 8 SYSTEMPATH/Boot.php(67): CodeIgniter\Boot::runCodeIgniter()
 9 FCPATH/index.php(56): CodeIgniter\Boot::bootWeb()
CRITICAL - 2024-04-23 12:43:25 --> CodeIgniter\View\Exceptions\ViewException: Invalid file: "/.php"
[Method: GET, Route: /]
in SYSTEMPATH/Exceptions/FrameworkException.php on line 41.
 1 SYSTEMPATH/View/View.php(222): CodeIgniter\Exceptions\FrameworkException::forInvalidFile()
 2 SYSTEMPATH/Common.php(1171): CodeIgniter\View\View->render()
 3 APPPATH/Controllers/Todos.php(13): view()
 4 SYSTEMPATH/CodeIgniter.php(933): App\Controllers\Todos->index()
 5 SYSTEMPATH/CodeIgniter.php(509): CodeIgniter\CodeIgniter->runController()
 6 SYSTEMPATH/CodeIgniter.php(355): CodeIgniter\CodeIgniter->handleRequest()
 7 SYSTEMPATH/Boot.php(312): CodeIgniter\CodeIgniter->run()
 8 SYSTEMPATH/Boot.php(67): CodeIgniter\Boot::runCodeIgniter()
 9 FCPATH/index.php(56): CodeIgniter\Boot::bootWeb()
CRITICAL - 2024-04-23 12:43:26 --> CodeIgniter\View\Exceptions\ViewException: Invalid file: "/.php"
[Method: GET, Route: /]
in SYSTEMPATH/Exceptions/FrameworkException.php on line 41.
 1 SYSTEMPATH/View/View.php(222): CodeIgniter\Exceptions\FrameworkException::forInvalidFile()
 2 SYSTEMPATH/Common.php(1171): CodeIgniter\View\View->render()
 3 APPPATH/Controllers/Todos.php(13): view()
 4 SYSTEMPATH/CodeIgniter.php(933): App\Controllers\Todos->index()
 5 SYSTEMPATH/CodeIgniter.php(509): CodeIgniter\CodeIgniter->runController()
 6 SYSTEMPATH/CodeIgniter.php(355): CodeIgniter\CodeIgniter->handleRequest()
 7 SYSTEMPATH/Boot.php(312): CodeIgniter\CodeIgniter->run()
 8 SYSTEMPATH/Boot.php(67): CodeIgniter\Boot::runCodeIgniter()
 9 FCPATH/index.php(56): CodeIgniter\Boot::bootWeb()
CRITICAL - 2024-04-23 12:43:26 --> CodeIgniter\View\Exceptions\ViewException: Invalid file: "/.php"
[Method: GET, Route: /]
in SYSTEMPATH/Exceptions/FrameworkException.php on line 41.
 1 SYSTEMPATH/View/View.php(222): CodeIgniter\Exceptions\FrameworkException::forInvalidFile()
 2 SYSTEMPATH/Common.php(1171): CodeIgniter\View\View->render()
 3 APPPATH/Controllers/Todos.php(13): view()
 4 SYSTEMPATH/CodeIgniter.php(933): App\Controllers\Todos->index()
 5 SYSTEMPATH/CodeIgniter.php(509): CodeIgniter\CodeIgniter->runController()
 6 SYSTEMPATH/CodeIgniter.php(355): CodeIgniter\CodeIgniter->handleRequest()
 7 SYSTEMPATH/Boot.php(312): CodeIgniter\CodeIgniter->run()
 8 SYSTEMPATH/Boot.php(67): CodeIgniter\Boot::runCodeIgniter()
 9 FCPATH/index.php(56): CodeIgniter\Boot::bootWeb()
CRITICAL - 2024-04-23 12:43:27 --> CodeIgniter\View\Exceptions\ViewException: Invalid file: "/.php"
[Method: GET, Route: /]
in SYSTEMPATH/Exceptions/FrameworkException.php on line 41.
 1 SYSTEMPATH/View/View.php(222): CodeIgniter\Exceptions\FrameworkException::forInvalidFile()
 2 SYSTEMPATH/Common.php(1171): CodeIgniter\View\View->render()
 3 APPPATH/Controllers/Todos.php(13): view()
 4 SYSTEMPATH/CodeIgniter.php(933): App\Controllers\Todos->index()
 5 SYSTEMPATH/CodeIgniter.php(509): CodeIgniter\CodeIgniter->runController()
 6 SYSTEMPATH/CodeIgniter.php(355): CodeIgniter\CodeIgniter->handleRequest()
 7 SYSTEMPATH/Boot.php(312): CodeIgniter\CodeIgniter->run()
 8 SYSTEMPATH/Boot.php(67): CodeIgniter\Boot::runCodeIgniter()
 9 FCPATH/index.php(56): CodeIgniter\Boot::bootWeb()
CRITICAL - 2024-04-23 12:43:27 --> CodeIgniter\View\Exceptions\ViewException: Invalid file: "/.php"
[Method: GET, Route: /]
in SYSTEMPATH/Exceptions/FrameworkException.php on line 41.
 1 SYSTEMPATH/View/View.php(222): CodeIgniter\Exceptions\FrameworkException::forInvalidFile()
 2 SYSTEMPATH/Common.php(1171): CodeIgniter\View\View->render()
 3 APPPATH/Controllers/Todos.php(13): view()
 4 SYSTEMPATH/CodeIgniter.php(933): App\Controllers\Todos->index()
 5 SYSTEMPATH/CodeIgniter.php(509): CodeIgniter\CodeIgniter->runController()
 6 SYSTEMPATH/CodeIgniter.php(355): CodeIgniter\CodeIgniter->handleRequest()
 7 SYSTEMPATH/Boot.php(312): CodeIgniter\CodeIgniter->run()
 8 SYSTEMPATH/Boot.php(67): CodeIgniter\Boot::runCodeIgniter()
 9 FCPATH/index.php(56): CodeIgniter\Boot::bootWeb()
CRITICAL - 2024-04-23 12:43:27 --> CodeIgniter\View\Exceptions\ViewException: Invalid file: "/.php"
[Method: GET, Route: /]
in SYSTEMPATH/Exceptions/FrameworkException.php on line 41.
 1 SYSTEMPATH/View/View.php(222): CodeIgniter\Exceptions\FrameworkException::forInvalidFile()
 2 SYSTEMPATH/Common.php(1171): CodeIgniter\View\View->render()
 3 APPPATH/Controllers/Todos.php(13): view()
 4 SYSTEMPATH/CodeIgniter.php(933): App\Controllers\Todos->index()
 5 SYSTEMPATH/CodeIgniter.php(509): CodeIgniter\CodeIgniter->runController()
 6 SYSTEMPATH/CodeIgniter.php(355): CodeIgniter\CodeIgniter->handleRequest()
 7 SYSTEMPATH/Boot.php(312): CodeIgniter\CodeIgniter->run()
 8 SYSTEMPATH/Boot.php(67): CodeIgniter\Boot::runCodeIgniter()
 9 FCPATH/index.php(56): CodeIgniter\Boot::bootWeb()
CRITICAL - 2024-04-23 12:43:28 --> CodeIgniter\View\Exceptions\ViewException: Invalid file: "/.php"
[Method: GET, Route: /]
in SYSTEMPATH/Exceptions/FrameworkException.php on line 41.
 1 SYSTEMPATH/View/View.php(222): CodeIgniter\Exceptions\FrameworkException::forInvalidFile()
 2 SYSTEMPATH/Common.php(1171): CodeIgniter\View\View->render()
 3 APPPATH/Controllers/Todos.php(13): view()
 4 SYSTEMPATH/CodeIgniter.php(933): App\Controllers\Todos->index()
 5 SYSTEMPATH/CodeIgniter.php(509): CodeIgniter\CodeIgniter->runController()
 6 SYSTEMPATH/CodeIgniter.php(355): CodeIgniter\CodeIgniter->handleRequest()
 7 SYSTEMPATH/Boot.php(312): CodeIgniter\CodeIgniter->run()
 8 SYSTEMPATH/Boot.php(67): CodeIgniter\Boot::runCodeIgniter()
 9 FCPATH/index.php(56): CodeIgniter\Boot::bootWeb()
CRITICAL - 2024-04-23 12:43:28 --> CodeIgniter\View\Exceptions\ViewException: Invalid file: "/.php"
[Method: GET, Route: /]
in SYSTEMPATH/Exceptions/FrameworkException.php on line 41.
 1 SYSTEMPATH/View/View.php(222): CodeIgniter\Exceptions\FrameworkException::forInvalidFile()
 2 SYSTEMPATH/Common.php(1171): CodeIgniter\View\View->render()
 3 APPPATH/Controllers/Todos.php(13): view()
 4 SYSTEMPATH/CodeIgniter.php(933): App\Controllers\Todos->index()
 5 SYSTEMPATH/CodeIgniter.php(509): CodeIgniter\CodeIgniter->runController()
 6 SYSTEMPATH/CodeIgniter.php(355): CodeIgniter\CodeIgniter->handleRequest()
 7 SYSTEMPATH/Boot.php(312): CodeIgniter\CodeIgniter->run()
 8 SYSTEMPATH/Boot.php(67): CodeIgniter\Boot::runCodeIgniter()
 9 FCPATH/index.php(56): CodeIgniter\Boot::bootWeb()
CRITICAL - 2024-04-23 12:43:34 --> CodeIgniter\View\Exceptions\ViewException: Invalid file: "/.php"
[Method: GET, Route: /]
in SYSTEMPATH/Exceptions/FrameworkException.php on line 41.
 1 SYSTEMPATH/View/View.php(222): CodeIgniter\Exceptions\FrameworkException::forInvalidFile()
 2 SYSTEMPATH/Common.php(1171): CodeIgniter\View\View->render()
 3 APPPATH/Controllers/Todos.php(13): view()
 4 SYSTEMPATH/CodeIgniter.php(933): App\Controllers\Todos->index()
 5 SYSTEMPATH/CodeIgniter.php(509): CodeIgniter\CodeIgniter->runController()
 6 SYSTEMPATH/CodeIgniter.php(355): CodeIgniter\CodeIgniter->handleRequest()
 7 SYSTEMPATH/Boot.php(312): CodeIgniter\CodeIgniter->run()
 8 SYSTEMPATH/Boot.php(67): CodeIgniter\Boot::runCodeIgniter()
 9 FCPATH/index.php(56): CodeIgniter\Boot::bootWeb()
CRITICAL - 2024-04-23 13:24:30 --> TypeError: CodeIgniter\Database\BaseBuilder::like(): Argument #2 ($match) must be of type string, null given, called in /home/tsanta/codeigniter4/system/Model.php on line 919
[Method: POST, Route: search]
in SYSTEMPATH/Database/BaseBuilder.php on line 987.
 1 SYSTEMPATH/Model.php(919): CodeIgniter\Database\BaseBuilder->like()
 2 APPPATH/Controllers/Todos.php(40): CodeIgniter\Model->__call()
 3 SYSTEMPATH/CodeIgniter.php(933): App\Controllers\Todos->search()
 4 SYSTEMPATH/CodeIgniter.php(509): CodeIgniter\CodeIgniter->runController()
 5 SYSTEMPATH/CodeIgniter.php(355): CodeIgniter\CodeIgniter->handleRequest()
 6 SYSTEMPATH/Boot.php(312): CodeIgniter\CodeIgniter->run()
 7 SYSTEMPATH/Boot.php(67): CodeIgniter\Boot::runCodeIgniter()
 8 FCPATH/index.php(56): CodeIgniter\Boot::bootWeb()
CRITICAL - 2024-04-23 13:26:02 --> TypeError: CodeIgniter\Database\BaseBuilder::like(): Argument #2 ($match) must be of type string, null given, called in /home/tsanta/codeigniter4/system/Model.php on line 919
[Method: POST, Route: search]
in SYSTEMPATH/Database/BaseBuilder.php on line 987.
 1 SYSTEMPATH/Model.php(919): CodeIgniter\Database\BaseBuilder->like()
 2 APPPATH/Controllers/Todos.php(40): CodeIgniter\Model->__call()
 3 SYSTEMPATH/CodeIgniter.php(933): App\Controllers\Todos->search()
 4 SYSTEMPATH/CodeIgniter.php(509): CodeIgniter\CodeIgniter->runController()
 5 SYSTEMPATH/CodeIgniter.php(355): CodeIgniter\CodeIgniter->handleRequest()
 6 SYSTEMPATH/Boot.php(312): CodeIgniter\CodeIgniter->run()
 7 SYSTEMPATH/Boot.php(67): CodeIgniter\Boot::runCodeIgniter()
 8 FCPATH/index.php(56): CodeIgniter\Boot::bootWeb()
CRITICAL - 2024-04-23 13:48:00 --> TypeError: CodeIgniter\HTTP\RedirectResponse::with(): Argument #1 ($key) must be of type string, array given, called in /home/tsanta/codeigniter4/app/Controllers/Todos.php on line 42
[Method: POST, Route: search]
in SYSTEMPATH/HTTP/RedirectResponse.php on line 134.
 1 APPPATH/Controllers/Todos.php(42): CodeIgniter\HTTP\RedirectResponse->with()
 2 SYSTEMPATH/CodeIgniter.php(933): App\Controllers\Todos->search()
 3 SYSTEMPATH/CodeIgniter.php(509): CodeIgniter\CodeIgniter->runController()
 4 SYSTEMPATH/CodeIgniter.php(355): CodeIgniter\CodeIgniter->handleRequest()
 5 SYSTEMPATH/Boot.php(312): CodeIgniter\CodeIgniter->run()
 6 SYSTEMPATH/Boot.php(67): CodeIgniter\Boot::runCodeIgniter()
 7 FCPATH/index.php(56): CodeIgniter\Boot::bootWeb()
INFO - 2024-04-23 13:48:34 --> Session: Class initialized using 'CodeIgniter\Session\Handlers\FileHandler' driver.
INFO - 2024-04-23 13:59:23 --> Session: Class initialized using 'CodeIgniter\Session\Handlers\FileHandler' driver.
CRITICAL - 2024-04-23 14:08:11 --> CodeIgniter\View\Exceptions\ViewException: Invalid file: "/.php"
[Method: POST, Route: search]
in SYSTEMPATH/Exceptions/FrameworkException.php on line 41.
 1 SYSTEMPATH/View/View.php(222): CodeIgniter\Exceptions\FrameworkException::forInvalidFile()
 2 SYSTEMPATH/Common.php(1171): CodeIgniter\View\View->render()
 3 APPPATH/Controllers/Todos.php(41): view()
 4 SYSTEMPATH/CodeIgniter.php(933): App\Controllers\Todos->search()
 5 SYSTEMPATH/CodeIgniter.php(509): CodeIgniter\CodeIgniter->runController()
 6 SYSTEMPATH/CodeIgniter.php(355): CodeIgniter\CodeIgniter->handleRequest()
 7 SYSTEMPATH/Boot.php(312): CodeIgniter\CodeIgniter->run()
 8 SYSTEMPATH/Boot.php(67): CodeIgniter\Boot::runCodeIgniter()
 9 FCPATH/index.php(56): CodeIgniter\Boot::bootWeb()
CRITICAL - 2024-04-23 14:25:20 --> ErrorException: Undefined variable $todo
[Method: POST, Route: edit]
in APPPATH/Views/index.php on line 14.
 1 APPPATH/Views/index.php(14): CodeIgniter\Debug\Exceptions->errorHandler()
 2 SYSTEMPATH/View/View.php(234): include('/home/tsanta/codeigniter4/app/Views/index.php')
 3 SYSTEMPATH/View/View.php(237): CodeIgniter\View\View->CodeIgniter\View\{closure}()
 4 SYSTEMPATH/Common.php(1171): CodeIgniter\View\View->render()
 5 APPPATH/Controllers/Todos.php(51): view()
 6 SYSTEMPATH/CodeIgniter.php(933): App\Controllers\Todos->edit()
 7 SYSTEMPATH/CodeIgniter.php(509): CodeIgniter\CodeIgniter->runController()
 8 SYSTEMPATH/CodeIgniter.php(355): CodeIgniter\CodeIgniter->handleRequest()
 9 SYSTEMPATH/Boot.php(312): CodeIgniter\CodeIgniter->run()
10 SYSTEMPATH/Boot.php(67): CodeIgniter\Boot::runCodeIgniter()
11 FCPATH/index.php(56): CodeIgniter\Boot::bootWeb()
CRITICAL - 2024-04-23 14:27:41 --> TypeError: CodeIgniter\BaseModel::timeToString(): Argument #1 ($properties) must be of type array, string given, called in /home/tsanta/codeigniter4/system/BaseModel.php on line 1875
[Method: POST, Route: update]
in SYSTEMPATH/BaseModel.php on line 1762.
 1 SYSTEMPATH/BaseModel.php(1875): CodeIgniter\BaseModel->timeToString()
 2 SYSTEMPATH/BaseModel.php(997): CodeIgniter\BaseModel->transformDataToArray()
 3 SYSTEMPATH/Model.php(854): CodeIgniter\BaseModel->update()
 4 APPPATH/Controllers/Todos.php(58): CodeIgniter\Model->update()
 5 SYSTEMPATH/CodeIgniter.php(933): App\Controllers\Todos->update()
 6 SYSTEMPATH/CodeIgniter.php(509): CodeIgniter\CodeIgniter->runController()
 7 SYSTEMPATH/CodeIgniter.php(355): CodeIgniter\CodeIgniter->handleRequest()
 8 SYSTEMPATH/Boot.php(312): CodeIgniter\CodeIgniter->run()
 9 SYSTEMPATH/Boot.php(67): CodeIgniter\Boot::runCodeIgniter()
10 FCPATH/index.php(56): CodeIgniter\Boot::bootWeb()
CRITICAL - 2024-04-23 14:49:14 --> ErrorException: Undefined variable $model
[Method: GET, Route: create]
in APPPATH/Controllers/Todos.php on line 18.
 1 APPPATH/Controllers/Todos.php(18): CodeIgniter\Debug\Exceptions->errorHandler()
 2 SYSTEMPATH/CodeIgniter.php(933): App\Controllers\Todos->create()
 3 SYSTEMPATH/CodeIgniter.php(509): CodeIgniter\CodeIgniter->runController()
 4 SYSTEMPATH/CodeIgniter.php(355): CodeIgniter\CodeIgniter->handleRequest()
 5 SYSTEMPATH/Boot.php(312): CodeIgniter\CodeIgniter->run()
 6 SYSTEMPATH/Boot.php(67): CodeIgniter\Boot::runCodeIgniter()
 7 FCPATH/index.php(56): CodeIgniter\Boot::bootWeb()
CRITICAL - 2024-04-23 15:11:14 --> ErrorException: Undefined variable $pager
[Method: GET, Route: create]
in APPPATH/Views/index.php on line 75.
 1 APPPATH/Views/index.php(75): CodeIgniter\Debug\Exceptions->errorHandler()
 2 SYSTEMPATH/View/View.php(234): include('/home/tsanta/codeigniter4/app/Views/index.php')
 3 SYSTEMPATH/View/View.php(237): CodeIgniter\View\View->CodeIgniter\View\{closure}()
 4 SYSTEMPATH/Common.php(1171): CodeIgniter\View\View->render()
 5 APPPATH/Controllers/Todos.php(31): view()
 6 SYSTEMPATH/CodeIgniter.php(933): App\Controllers\Todos->create()
 7 SYSTEMPATH/CodeIgniter.php(509): CodeIgniter\CodeIgniter->runController()
 8 SYSTEMPATH/CodeIgniter.php(355): CodeIgniter\CodeIgniter->handleRequest()
 9 SYSTEMPATH/Boot.php(312): CodeIgniter\CodeIgniter->run()
10 SYSTEMPATH/Boot.php(67): CodeIgniter\Boot::runCodeIgniter()
11 FCPATH/index.php(56): CodeIgniter\Boot::bootWeb()
